/scratch/u6x/sx2022.u6x/miniconda3/envs/diffip/lib/python3.10/site-packages/torch/distributed/launch.py:208: FutureWarning: The module torch.distributed.launch is deprecated
and will be removed in future. Use torchrun.
Note that --use-env is set by default in torchrun.
If your script expects `--local-rank` argument to be set, please
change it to read from `os.environ['LOCAL_RANK']` instead. See 
https://pytorch.org/docs/stable/distributed.html#launch-utility for 
further instructions

  main()
[INFO] use batch size: 32
[INFO] diffusion setups
================= 
{'hidden_t_dim': 512, 'hidden_dim': 512, 'vocab_size': None, 'config_name': 'huggingface-config', 'use_plm_init': 'no', 'dropout': 0.1, 'diffusion_steps': 1000, 'noise_schedule': 'sqrt', 'learn_sigma': False, 'timestep_respacing': '', 'predict_xstart': True, 'rescale_timesteps': True, 'sigma_small': False, 'rescale_learned_sigmas': False, 'use_kl': False, 'sf_encoder_hidden': 64, 'traj_decoder_hidden1': 256, 'traj_decoder_hidden2': 64, 'motion_encoder_hidden': 64, 'madt_depth': 6, 'use_gaze': True, 'T_max': 64, 'gaze_coord_only': False, 'gaze_fusion_only': False, 'gaze_alpha_clamp': 0.0, 'gaze_last_n_blocks': 0, 'gaze_fixed_delta': 2} 
=================
[INFO] finish building diffusion model!
[INFO] finish building schedule sampler!
Loading train samples:   0%|          | 0/1880 [00:00<?, ?it/s]Loading train samples:  61%|██████    | 1138/1880 [00:00<00:00, 11264.53it/s]Loading train samples: 100%|██████████| 1880/1880 [00:00<00:00, 11611.76it/s]
Loading validation samples:   0%|          | 0/442 [00:00<?, ?it/s]Loading validation samples: 100%|██████████| 442/442 [00:00<00:00, 9479.04it/s]
Loading eval samples:   0%|          | 0/69 [00:00<?, ?it/s]Loading eval samples: 100%|██████████| 69/69 [00:00<00:00, 5080.88it/s]
[INFO] Using lr 0.0002
[INFO] train epoch: 1
[rank0]:[W411 09:22:19.204800596 reducer.cpp:1400] Warning: find_unused_parameters=True was specified in DDP constructor, but did not find any unused parameters in the forward pass. This flag results in an extra traversal of the autograd graph every iteration,  which can adversely affect performance. If your model indeed never has any unused parameters in the forward pass, consider turning this flag off. Note that this warning may be a false positive if your model has flow control causing later iterations to have unused parameters. (function operator())
/pytorch/aten/src/ATen/native/cuda/IndexKernel.cu:93: operator(): block: [0,0,0], thread: [12,0,0] Assertion `-sizes[i] <= index && index < sizes[i] && "index out of bounds"` failed.
/pytorch/aten/src/ATen/native/cuda/IndexKernel.cu:93: operator(): block: [0,0,0], thread: [13,0,0] Assertion `-sizes[i] <= index && index < sizes[i] && "index out of bounds"` failed.
/pytorch/aten/src/ATen/native/cuda/IndexKernel.cu:93: operator(): block: [0,0,0], thread: [14,0,0] Assertion `-sizes[i] <= index && index < sizes[i] && "index out of bounds"` failed.
/pytorch/aten/src/ATen/native/cuda/IndexKernel.cu:93: operator(): block: [0,0,0], thread: [15,0,0] Assertion `-sizes[i] <= index && index < sizes[i] && "index out of bounds"` failed.
/pytorch/aten/src/ATen/native/cuda/IndexKernel.cu:93: operator(): block: [0,0,0], thread: [16,0,0] Assertion `-sizes[i] <= index && index < sizes[i] && "index out of bounds"` failed.
/pytorch/aten/src/ATen/native/cuda/IndexKernel.cu:93: operator(): block: [0,0,0], thread: [17,0,0] Assertion `-sizes[i] <= index && index < sizes[i] && "index out of bounds"` failed.
/pytorch/aten/src/ATen/native/cuda/IndexKernel.cu:93: operator(): block: [0,0,0], thread: [18,0,0] Assertion `-sizes[i] <= index && index < sizes[i] && "index out of bounds"` failed.
/pytorch/aten/src/ATen/native/cuda/IndexKernel.cu:93: operator(): block: [0,0,0], thread: [19,0,0] Assertion `-sizes[i] <= index && index < sizes[i] && "index out of bounds"` failed.
/pytorch/aten/src/ATen/native/cuda/IndexKernel.cu:93: operator(): block: [0,0,0], thread: [20,0,0] Assertion `-sizes[i] <= index && index < sizes[i] && "index out of bounds"` failed.
/pytorch/aten/src/ATen/native/cuda/IndexKernel.cu:93: operator(): block: [0,0,0], thread: [21,0,0] Assertion `-sizes[i] <= index && index < sizes[i] && "index out of bounds"` failed.
/pytorch/aten/src/ATen/native/cuda/IndexKernel.cu:93: operator(): block: [0,0,0], thread: [22,0,0] Assertion `-sizes[i] <= index && index < sizes[i] && "index out of bounds"` failed.
/pytorch/aten/src/ATen/native/cuda/IndexKernel.cu:93: operator(): block: [0,0,0], thread: [23,0,0] Assertion `-sizes[i] <= index && index < sizes[i] && "index out of bounds"` failed.
[rank0]: Traceback (most recent call last):
[rank0]:   File "/home/u6x/sx2022.u6x/Diff-IP2D-main/traineval.py", line 172, in <module>
[rank0]:     main(args)
[rank0]:   File "/home/u6x/sx2022.u6x/Diff-IP2D-main/traineval.py", line 154, in main
[rank0]:     ).run_loop()
[rank0]:   File "/home/u6x/sx2022.u6x/Diff-IP2D-main/netscripts/epoch_feat.py", line 308, in run_loop
[rank0]:     self.epoch_pass(
[rank0]:   File "/home/u6x/sx2022.u6x/Diff-IP2D-main/netscripts/epoch_feat.py", line 411, in epoch_pass
[rank0]:     loss_feat_dict = compute_losses()
[rank0]:   File "/home/u6x/sx2022.u6x/Diff-IP2D-main/diffip2d/gaussian_diffusion.py", line 975, in training_losses
[rank0]:     return super().training_losses(self._wrap_model(model), post_model, *args, **kwargs)
[rank0]:   File "/home/u6x/sx2022.u6x/Diff-IP2D-main/diffip2d/gaussian_diffusion.py", line 202, in training_losses
[rank0]:     return self.training_losses_seq2seq(model, post_model, *args, **kwargs)
[rank0]:   File "/home/u6x/sx2022.u6x/Diff-IP2D-main/diffip2d/gaussian_diffusion.py", line 649, in training_losses_seq2seq
[rank0]:     model_output_r = model(x_t_r, self._scale_timesteps(t), motion_feat_encoded, valid_mask_r, **model_kwargs)
[rank0]:   File "/home/u6x/sx2022.u6x/Diff-IP2D-main/diffip2d/gaussian_diffusion.py", line 1001, in __call__
[rank0]:     return self.model(x, new_ts, motion_feat_encoded, valid_mask, **kwargs)
[rank0]:   File "/scratch/u6x/sx2022.u6x/miniconda3/envs/diffip/lib/python3.10/site-packages/torch/nn/modules/module.py", line 1736, in _wrapped_call_impl
[rank0]:     return self._call_impl(*args, **kwargs)
[rank0]:   File "/scratch/u6x/sx2022.u6x/miniconda3/envs/diffip/lib/python3.10/site-packages/torch/nn/modules/module.py", line 1747, in _call_impl
[rank0]:     return forward_call(*args, **kwargs)
[rank0]:   File "/scratch/u6x/sx2022.u6x/miniconda3/envs/diffip/lib/python3.10/site-packages/torch/nn/parallel/distributed.py", line 1643, in forward
[rank0]:     else self._run_ddp_forward(*inputs, **kwargs)
[rank0]:   File "/scratch/u6x/sx2022.u6x/miniconda3/envs/diffip/lib/python3.10/site-packages/torch/nn/parallel/distributed.py", line 1459, in _run_ddp_forward
[rank0]:     return self.module(*inputs, **kwargs)  # type: ignore[index]
[rank0]:   File "/scratch/u6x/sx2022.u6x/miniconda3/envs/diffip/lib/python3.10/site-packages/torch/nn/modules/module.py", line 1736, in _wrapped_call_impl
[rank0]:     return self._call_impl(*args, **kwargs)
[rank0]:   File "/scratch/u6x/sx2022.u6x/miniconda3/envs/diffip/lib/python3.10/site-packages/torch/nn/modules/module.py", line 1747, in _call_impl
[rank0]:     return forward_call(*args, **kwargs)
[rank0]:   File "/home/u6x/sx2022.u6x/Diff-IP2D-main/diffip2d/transformer_model.py", line 393, in forward
[rank0]:     emb_inputs_r = blk(emb_inputs_r, emb_motion, memory_mask=None, trg_mask=None, gaze_feat=emb_gaze)
[rank0]:   File "/scratch/u6x/sx2022.u6x/miniconda3/envs/diffip/lib/python3.10/site-packages/torch/nn/modules/module.py", line 1736, in _wrapped_call_impl
[rank0]:     return self._call_impl(*args, **kwargs)
[rank0]:   File "/scratch/u6x/sx2022.u6x/miniconda3/envs/diffip/lib/python3.10/site-packages/torch/nn/modules/module.py", line 1747, in _call_impl
[rank0]:     return forward_call(*args, **kwargs)
[rank0]:   File "/home/u6x/sx2022.u6x/Diff-IP2D-main/diffip2d/transformer_model.py", line 279, in forward
[rank0]:     gaze_out = self.gaze_cross_attn(q_hand=self.norm_gaze(tgt), kv_gaze=gaze_feat)
[rank0]:   File "/scratch/u6x/sx2022.u6x/miniconda3/envs/diffip/lib/python3.10/site-packages/torch/nn/modules/module.py", line 1736, in _wrapped_call_impl
[rank0]:     return self._call_impl(*args, **kwargs)
[rank0]:   File "/scratch/u6x/sx2022.u6x/miniconda3/envs/diffip/lib/python3.10/site-packages/torch/nn/modules/module.py", line 1747, in _call_impl
[rank0]:     return forward_call(*args, **kwargs)
[rank0]:   File "/home/u6x/sx2022.u6x/Diff-IP2D-main/diffip2d/gaze_modules.py", line 172, in forward
[rank0]:     out = torch.matmul(attn, v)  # (B, num_heads, T_h, head_dim)
[rank0]: RuntimeError: CUDA error: CUBLAS_STATUS_EXECUTION_FAILED when calling `cublasSgemmStridedBatched( handle, opa, opb, m, n, k, &alpha, a, lda, stridea, b, ldb, strideb, &beta, c, ldc, stridec, num_batches)`
[rank0]:[W411 09:22:22.069880580 ProcessGroupNCCL.cpp:1250] Warning: WARNING: process group has NOT been destroyed before we destruct ProcessGroupNCCL. On normal program exit, the application should call destroy_process_group to ensure that any pending NCCL operations have finished in this process. In rare cases this process can exit before this point and block the progress of another member of the process group. This constraint has always been present,  but this warning has only been added since PyTorch 2.4 (function operator())
/scratch/u6x/sx2022.u6x/miniconda3/envs/diffip/lib/python3.10/site-packages/torch/distributed/launch.py:208: FutureWarning: The module torch.distributed.launch is deprecated
and will be removed in future. Use torchrun.
Note that --use-env is set by default in torchrun.
If your script expects `--local-rank` argument to be set, please
change it to read from `os.environ['LOCAL_RANK']` instead. See 
https://pytorch.org/docs/stable/distributed.html#launch-utility for 
further instructions

  main()
[INFO] use batch size: 16
[INFO] diffusion setups
================= 
{'hidden_t_dim': 512, 'hidden_dim': 512, 'vocab_size': None, 'config_name': 'huggingface-config', 'use_plm_init': 'no', 'dropout': 0.1, 'diffusion_steps': 1000, 'noise_schedule': 'sqrt', 'learn_sigma': False, 'timestep_respacing': '', 'predict_xstart': True, 'rescale_timesteps': True, 'sigma_small': False, 'rescale_learned_sigmas': False, 'use_kl': False, 'sf_encoder_hidden': 64, 'traj_decoder_hidden1': 256, 'traj_decoder_hidden2': 64, 'motion_encoder_hidden': 64, 'madt_depth': 6, 'use_gaze': True, 'T_max': 64, 'gaze_coord_only': False, 'gaze_fusion_only': False, 'gaze_alpha_clamp': 0.0, 'gaze_last_n_blocks': 0, 'gaze_fixed_delta': 2} 
=================
[INFO] finish building diffusion model!
[INFO] finish building schedule sampler!
Loading validation samples:   0%|          | 0/442 [00:00<?, ?it/s]Loading validation samples: 100%|██████████| 442/442 [00:00<00:00, 8748.94it/s]
Loading eval samples:   0%|          | 0/69 [00:00<?, ?it/s]Loading eval samples: 100%|██████████| 69/69 [00:00<00:00, 4962.40it/s]
/home/u6x/sx2022.u6x/Diff-IP2D-main/netscripts/modelio.py:35: FutureWarning: You are using `torch.load` with `weights_only=False` (the current default value), which uses the default pickle module implicitly. It is possible to construct malicious pickle data which will execute arbitrary code during unpickling (See https://github.com/pytorch/pytorch/blob/main/SECURITY.md#untrusted-models for more details). In a future release, the default value for `weights_only` will be flipped to `True`. This limits the functions that could be executed during unpickling. Arbitrary objects will no longer be allowed to be loaded via this mode unless they are explicitly allowlisted by the user via `torch.serialization.add_safe_globals`. We recommend you start setting `weights_only=True` for any use case where you don't have full control of the loaded file. Please open an issue on GitHub for any issues related to this experimental feature.
  checkpoint = torch.load(resume_path, map_location=device)
[INFO] Start to test!
/pytorch/aten/src/ATen/native/cuda/IndexKernel.cu:93: operator(): block: [0,0,0], thread: [12,0,0] Assertion `-sizes[i] <= index && index < sizes[i] && "index out of bounds"` failed.
[rank0]: Traceback (most recent call last):
[rank0]:   File "/home/u6x/sx2022.u6x/Diff-IP2D-main/traineval.py", line 172, in <module>
[rank0]:     main(args)
[rank0]:   File "/home/u6x/sx2022.u6x/Diff-IP2D-main/traineval.py", line 154, in main
[rank0]:     ).run_loop()
[rank0]:   File "/home/u6x/sx2022.u6x/Diff-IP2D-main/netscripts/epoch_feat.py", line 314, in run_loop
[rank0]:     self.epoch_pass(
[rank0]:   File "/home/u6x/sx2022.u6x/Diff-IP2D-main/netscripts/epoch_feat.py", line 592, in epoch_pass
[rank0]:     samples_r, samples_l = sample_fn(
[rank0]:   File "/home/u6x/sx2022.u6x/Diff-IP2D-main/diffip2d/gaussian_diffusion.py", line 457, in p_sample_loop
[rank0]:     for sample in self.p_sample_loop_progressive(
[rank0]:   File "/home/u6x/sx2022.u6x/Diff-IP2D-main/diffip2d/gaussian_diffusion.py", line 533, in p_sample_loop_progressive
[rank0]:     out_r = self.p_sample(
[rank0]:   File "/home/u6x/sx2022.u6x/Diff-IP2D-main/diffip2d/gaussian_diffusion.py", line 376, in p_sample
[rank0]:     out = self.p_mean_variance(
[rank0]:   File "/home/u6x/sx2022.u6x/Diff-IP2D-main/diffip2d/gaussian_diffusion.py", line 969, in p_mean_variance
[rank0]:     return super().p_mean_variance(self._wrap_model(model), *args, **kwargs)
[rank0]:   File "/home/u6x/sx2022.u6x/Diff-IP2D-main/diffip2d/gaussian_diffusion.py", line 318, in p_mean_variance
[rank0]:     model_output = model(x, self._scale_timesteps(t), motion_feat_encoded, valid_mask, **model_kwargs)
[rank0]:   File "/home/u6x/sx2022.u6x/Diff-IP2D-main/diffip2d/gaussian_diffusion.py", line 1001, in __call__
[rank0]:     return self.model(x, new_ts, motion_feat_encoded, valid_mask, **kwargs)
[rank0]:   File "/scratch/u6x/sx2022.u6x/miniconda3/envs/diffip/lib/python3.10/site-packages/torch/nn/modules/module.py", line 1736, in _wrapped_call_impl
[rank0]:     return self._call_impl(*args, **kwargs)
[rank0]:   File "/scratch/u6x/sx2022.u6x/miniconda3/envs/diffip/lib/python3.10/site-packages/torch/nn/modules/module.py", line 1747, in _call_impl
[rank0]:     return forward_call(*args, **kwargs)
[rank0]:   File "/scratch/u6x/sx2022.u6x/miniconda3/envs/diffip/lib/python3.10/site-packages/torch/nn/parallel/distributed.py", line 1643, in forward
[rank0]:     else self._run_ddp_forward(*inputs, **kwargs)
[rank0]:   File "/scratch/u6x/sx2022.u6x/miniconda3/envs/diffip/lib/python3.10/site-packages/torch/nn/parallel/distributed.py", line 1459, in _run_ddp_forward
[rank0]:     return self.module(*inputs, **kwargs)  # type: ignore[index]
[rank0]:   File "/scratch/u6x/sx2022.u6x/miniconda3/envs/diffip/lib/python3.10/site-packages/torch/nn/modules/module.py", line 1736, in _wrapped_call_impl
[rank0]:     return self._call_impl(*args, **kwargs)
[rank0]:   File "/scratch/u6x/sx2022.u6x/miniconda3/envs/diffip/lib/python3.10/site-packages/torch/nn/modules/module.py", line 1747, in _call_impl
[rank0]:     return forward_call(*args, **kwargs)
[rank0]:   File "/home/u6x/sx2022.u6x/Diff-IP2D-main/diffip2d/transformer_model.py", line 393, in forward
[rank0]:     emb_inputs_r = blk(emb_inputs_r, emb_motion, memory_mask=None, trg_mask=None, gaze_feat=emb_gaze)
[rank0]:   File "/scratch/u6x/sx2022.u6x/miniconda3/envs/diffip/lib/python3.10/site-packages/torch/nn/modules/module.py", line 1736, in _wrapped_call_impl
[rank0]:     return self._call_impl(*args, **kwargs)
[rank0]:   File "/scratch/u6x/sx2022.u6x/miniconda3/envs/diffip/lib/python3.10/site-packages/torch/nn/modules/module.py", line 1747, in _call_impl
[rank0]:     return forward_call(*args, **kwargs)
[rank0]:   File "/home/u6x/sx2022.u6x/Diff-IP2D-main/diffip2d/transformer_model.py", line 282, in forward
[rank0]:     tgt = tgt + self.drop_path(self.mlp(self.norm3(tgt)))
[rank0]:   File "/scratch/u6x/sx2022.u6x/miniconda3/envs/diffip/lib/python3.10/site-packages/torch/nn/modules/module.py", line 1736, in _wrapped_call_impl
[rank0]:     return self._call_impl(*args, **kwargs)
[rank0]:   File "/scratch/u6x/sx2022.u6x/miniconda3/envs/diffip/lib/python3.10/site-packages/torch/nn/modules/module.py", line 1747, in _call_impl
[rank0]:     return forward_call(*args, **kwargs)
[rank0]:   File "/home/u6x/sx2022.u6x/Diff-IP2D-main/diffip2d/transformer_model.py", line 62, in forward
[rank0]:     x = self.act(x)
[rank0]:   File "/scratch/u6x/sx2022.u6x/miniconda3/envs/diffip/lib/python3.10/site-packages/torch/nn/modules/module.py", line 1736, in _wrapped_call_impl
[rank0]:     return self._call_impl(*args, **kwargs)
[rank0]:   File "/scratch/u6x/sx2022.u6x/miniconda3/envs/diffip/lib/python3.10/site-packages/torch/nn/modules/module.py", line 1747, in _call_impl
[rank0]:     return forward_call(*args, **kwargs)
[rank0]:   File "/scratch/u6x/sx2022.u6x/miniconda3/envs/diffip/lib/python3.10/site-packages/torch/nn/modules/activation.py", line 734, in forward
[rank0]:     return F.gelu(input, approximate=self.approximate)
[rank0]: RuntimeError: CUDA error: device-side assert triggered
[rank0]: CUDA kernel errors might be asynchronously reported at some other API call, so the stacktrace below might be incorrect.
[rank0]: For debugging consider passing CUDA_LAUNCH_BLOCKING=1
[rank0]: Compile with `TORCH_USE_CUDA_DSA` to enable device-side assertions.

[rank0]:[W411 09:22:41.212543615 ProcessGroupNCCL.cpp:1250] Warning: WARNING: process group has NOT been destroyed before we destruct ProcessGroupNCCL. On normal program exit, the application should call destroy_process_group to ensure that any pending NCCL operations have finished in this process. In rare cases this process can exit before this point and block the progress of another member of the process group. This constraint has always been present,  but this warning has only been added since PyTorch 2.4 (function operator())
/scratch/u6x/sx2022.u6x/miniconda3/envs/diffip/lib/python3.10/site-packages/torch/distributed/launch.py:208: FutureWarning: The module torch.distributed.launch is deprecated
and will be removed in future. Use torchrun.
Note that --use-env is set by default in torchrun.
If your script expects `--local-rank` argument to be set, please
change it to read from `os.environ['LOCAL_RANK']` instead. See 
https://pytorch.org/docs/stable/distributed.html#launch-utility for 
further instructions

  main()
[INFO] use batch size: 16
[INFO] diffusion setups
================= 
{'hidden_t_dim': 512, 'hidden_dim': 512, 'vocab_size': None, 'config_name': 'huggingface-config', 'use_plm_init': 'no', 'dropout': 0.1, 'diffusion_steps': 1000, 'noise_schedule': 'sqrt', 'learn_sigma': False, 'timestep_respacing': '', 'predict_xstart': True, 'rescale_timesteps': True, 'sigma_small': False, 'rescale_learned_sigmas': False, 'use_kl': False, 'sf_encoder_hidden': 64, 'traj_decoder_hidden1': 256, 'traj_decoder_hidden2': 64, 'motion_encoder_hidden': 64, 'madt_depth': 6, 'use_gaze': True, 'T_max': 64, 'gaze_coord_only': False, 'gaze_fusion_only': False, 'gaze_alpha_clamp': 0.0, 'gaze_last_n_blocks': 0, 'gaze_fixed_delta': 2} 
=================
[INFO] finish building diffusion model!
[INFO] finish building schedule sampler!
Loading validation samples:   0%|          | 0/442 [00:00<?, ?it/s]Loading validation samples: 100%|██████████| 442/442 [00:00<00:00, 8412.82it/s]
Loading eval samples:   0%|          | 0/69 [00:00<?, ?it/s]Loading eval samples: 100%|██████████| 69/69 [00:00<00:00, 4792.30it/s]
/home/u6x/sx2022.u6x/Diff-IP2D-main/netscripts/modelio.py:35: FutureWarning: You are using `torch.load` with `weights_only=False` (the current default value), which uses the default pickle module implicitly. It is possible to construct malicious pickle data which will execute arbitrary code during unpickling (See https://github.com/pytorch/pytorch/blob/main/SECURITY.md#untrusted-models for more details). In a future release, the default value for `weights_only` will be flipped to `True`. This limits the functions that could be executed during unpickling. Arbitrary objects will no longer be allowed to be loaded via this mode unless they are explicitly allowlisted by the user via `torch.serialization.add_safe_globals`. We recommend you start setting `weights_only=True` for any use case where you don't have full control of the loaded file. Please open an issue on GitHub for any issues related to this experimental feature.
  checkpoint = torch.load(resume_path, map_location=device)
[INFO] Start to test!
/pytorch/aten/src/ATen/native/cuda/IndexKernel.cu:93: operator(): block: [0,0,0], thread: [12,0,0] Assertion `-sizes[i] <= index && index < sizes[i] && "index out of bounds"` failed.
[rank0]: Traceback (most recent call last):
[rank0]:   File "/home/u6x/sx2022.u6x/Diff-IP2D-main/traineval.py", line 172, in <module>
[rank0]:     main(args)
[rank0]:   File "/home/u6x/sx2022.u6x/Diff-IP2D-main/traineval.py", line 154, in main
[rank0]:     ).run_loop()
[rank0]:   File "/home/u6x/sx2022.u6x/Diff-IP2D-main/netscripts/epoch_feat.py", line 314, in run_loop
[rank0]:     self.epoch_pass(
[rank0]:   File "/home/u6x/sx2022.u6x/Diff-IP2D-main/netscripts/epoch_feat.py", line 592, in epoch_pass
[rank0]:     samples_r, samples_l = sample_fn(
[rank0]:   File "/home/u6x/sx2022.u6x/Diff-IP2D-main/diffip2d/gaussian_diffusion.py", line 457, in p_sample_loop
[rank0]:     for sample in self.p_sample_loop_progressive(
[rank0]:   File "/home/u6x/sx2022.u6x/Diff-IP2D-main/diffip2d/gaussian_diffusion.py", line 533, in p_sample_loop_progressive
[rank0]:     out_r = self.p_sample(
[rank0]:   File "/home/u6x/sx2022.u6x/Diff-IP2D-main/diffip2d/gaussian_diffusion.py", line 376, in p_sample
[rank0]:     out = self.p_mean_variance(
[rank0]:   File "/home/u6x/sx2022.u6x/Diff-IP2D-main/diffip2d/gaussian_diffusion.py", line 969, in p_mean_variance
[rank0]:     return super().p_mean_variance(self._wrap_model(model), *args, **kwargs)
[rank0]:   File "/home/u6x/sx2022.u6x/Diff-IP2D-main/diffip2d/gaussian_diffusion.py", line 318, in p_mean_variance
[rank0]:     model_output = model(x, self._scale_timesteps(t), motion_feat_encoded, valid_mask, **model_kwargs)
[rank0]:   File "/home/u6x/sx2022.u6x/Diff-IP2D-main/diffip2d/gaussian_diffusion.py", line 1001, in __call__
[rank0]:     return self.model(x, new_ts, motion_feat_encoded, valid_mask, **kwargs)
[rank0]:   File "/scratch/u6x/sx2022.u6x/miniconda3/envs/diffip/lib/python3.10/site-packages/torch/nn/modules/module.py", line 1736, in _wrapped_call_impl
[rank0]:     return self._call_impl(*args, **kwargs)
[rank0]:   File "/scratch/u6x/sx2022.u6x/miniconda3/envs/diffip/lib/python3.10/site-packages/torch/nn/modules/module.py", line 1747, in _call_impl
[rank0]:     return forward_call(*args, **kwargs)
[rank0]:   File "/scratch/u6x/sx2022.u6x/miniconda3/envs/diffip/lib/python3.10/site-packages/torch/nn/parallel/distributed.py", line 1643, in forward
[rank0]:     else self._run_ddp_forward(*inputs, **kwargs)
[rank0]:   File "/scratch/u6x/sx2022.u6x/miniconda3/envs/diffip/lib/python3.10/site-packages/torch/nn/parallel/distributed.py", line 1459, in _run_ddp_forward
[rank0]:     return self.module(*inputs, **kwargs)  # type: ignore[index]
[rank0]:   File "/scratch/u6x/sx2022.u6x/miniconda3/envs/diffip/lib/python3.10/site-packages/torch/nn/modules/module.py", line 1736, in _wrapped_call_impl
[rank0]:     return self._call_impl(*args, **kwargs)
[rank0]:   File "/scratch/u6x/sx2022.u6x/miniconda3/envs/diffip/lib/python3.10/site-packages/torch/nn/modules/module.py", line 1747, in _call_impl
[rank0]:     return forward_call(*args, **kwargs)
[rank0]:   File "/home/u6x/sx2022.u6x/Diff-IP2D-main/diffip2d/transformer_model.py", line 393, in forward
[rank0]:     emb_inputs_r = blk(emb_inputs_r, emb_motion, memory_mask=None, trg_mask=None, gaze_feat=emb_gaze)
[rank0]:   File "/scratch/u6x/sx2022.u6x/miniconda3/envs/diffip/lib/python3.10/site-packages/torch/nn/modules/module.py", line 1736, in _wrapped_call_impl
[rank0]:     return self._call_impl(*args, **kwargs)
[rank0]:   File "/scratch/u6x/sx2022.u6x/miniconda3/envs/diffip/lib/python3.10/site-packages/torch/nn/modules/module.py", line 1747, in _call_impl
[rank0]:     return forward_call(*args, **kwargs)
[rank0]:   File "/home/u6x/sx2022.u6x/Diff-IP2D-main/diffip2d/transformer_model.py", line 282, in forward
[rank0]:     tgt = tgt + self.drop_path(self.mlp(self.norm3(tgt)))
[rank0]:   File "/scratch/u6x/sx2022.u6x/miniconda3/envs/diffip/lib/python3.10/site-packages/torch/nn/modules/module.py", line 1736, in _wrapped_call_impl
[rank0]:     return self._call_impl(*args, **kwargs)
[rank0]:   File "/scratch/u6x/sx2022.u6x/miniconda3/envs/diffip/lib/python3.10/site-packages/torch/nn/modules/module.py", line 1747, in _call_impl
[rank0]:     return forward_call(*args, **kwargs)
[rank0]:   File "/home/u6x/sx2022.u6x/Diff-IP2D-main/diffip2d/transformer_model.py", line 62, in forward
[rank0]:     x = self.act(x)
[rank0]:   File "/scratch/u6x/sx2022.u6x/miniconda3/envs/diffip/lib/python3.10/site-packages/torch/nn/modules/module.py", line 1736, in _wrapped_call_impl
[rank0]:     return self._call_impl(*args, **kwargs)
[rank0]:   File "/scratch/u6x/sx2022.u6x/miniconda3/envs/diffip/lib/python3.10/site-packages/torch/nn/modules/module.py", line 1747, in _call_impl
[rank0]:     return forward_call(*args, **kwargs)
[rank0]:   File "/scratch/u6x/sx2022.u6x/miniconda3/envs/diffip/lib/python3.10/site-packages/torch/nn/modules/activation.py", line 734, in forward
[rank0]:     return F.gelu(input, approximate=self.approximate)
[rank0]: RuntimeError: CUDA error: device-side assert triggered
[rank0]: CUDA kernel errors might be asynchronously reported at some other API call, so the stacktrace below might be incorrect.
[rank0]: For debugging consider passing CUDA_LAUNCH_BLOCKING=1
[rank0]: Compile with `TORCH_USE_CUDA_DSA` to enable device-side assertions.

[rank0]:[W411 09:22:55.971634814 ProcessGroupNCCL.cpp:1250] Warning: WARNING: process group has NOT been destroyed before we destruct ProcessGroupNCCL. On normal program exit, the application should call destroy_process_group to ensure that any pending NCCL operations have finished in this process. In rare cases this process can exit before this point and block the progress of another member of the process group. This constraint has always been present,  but this warning has only been added since PyTorch 2.4 (function operator())
