/scratch/u6x/sx2022.u6x/miniconda3/envs/diffip/lib/python3.8/site-packages/torch/distributed/launch.py:181: FutureWarning: The module torch.distributed.launch is deprecated
and will be removed in future. Use torchrun.
Note that --use-env is set by default in torchrun.
If your script expects `--local-rank` argument to be set, please
change it to read from `os.environ['LOCAL_RANK']` instead. See 
https://pytorch.org/docs/stable/distributed.html#launch-utility for 
further instructions

  warnings.warn(
[2026-03-07 03:07:31,710] torch.distributed.run: [WARNING] 
[2026-03-07 03:07:31,710] torch.distributed.run: [WARNING] *****************************************
[2026-03-07 03:07:31,710] torch.distributed.run: [WARNING] Setting OMP_NUM_THREADS environment variable for each process to be 1 in default, to avoid your system being overloaded, please further tune the variable for optimal performance in your application as needed. 
[2026-03-07 03:07:31,710] torch.distributed.run: [WARNING] *****************************************
[INFO] diffusion setups
================= 
{'hidden_t_dim': 512, 'hidden_dim': 512, 'vocab_size': None, 'config_name': 'huggingface-config', 'use_plm_init': 'no', 'dropout': 0.1, 'diffusion_steps': 1000, 'noise_schedule': 'sqrt', 'learn_sigma': False, 'timestep_respacing': '', 'predict_xstart': True, 'rescale_timesteps': True, 'sigma_small': False, 'rescale_learned_sigmas': False, 'use_kl': False, 'sf_encoder_hidden': 64, 'traj_decoder_hidden1': 256, 'traj_decoder_hidden2': 64, 'motion_encoder_hidden': 64, 'madt_depth': 6} 
=================
[INFO] finish building diffusion model!
[INFO] finish building schedule sampler!
Loading validation samples:   0%|          | 0/3513 [00:00<?, ?it/s]Loading validation samples:   0%|          | 0/3513 [00:00<?, ?it/s]Loading validation samples:  31%|███▏      | 1105/3513 [00:00<00:00, 10733.73it/s]Loading validation samples:  31%|███▏      | 1105/3513 [00:00<00:00, 10797.17it/s]Loading validation samples:  71%|███████▏  | 2510/3513 [00:00<00:00, 11497.36it/s]Loading validation samples:  71%|███████▏  | 2510/3513 [00:00<00:00, 11538.93it/s]Loading validation samples: 100%|██████████| 3513/3513 [00:00<00:00, 11250.62it/s]
Loading eval samples:   0%|          | 0/401 [00:00<?, ?it/s]Loading validation samples: 100%|██████████| 3513/3513 [00:00<00:00, 11289.79it/s]
Loading eval samples:   0%|          | 0/401 [00:00<?, ?it/s]Loading eval samples: 100%|██████████| 401/401 [00:00<00:00, 6197.92it/s]
Traceback (most recent call last):
  File "traineval.py", line 160, in <module>
    main(args)
  File "traineval.py", line 110, in main
    TrainValLoop(
  File "/home/u6x/sx2022.u6x/Diff-IP2D-main/netscripts/epoch_feat.py", line 139, in __init__
    self.sf_encoder = DDP(
  File "/scratch/u6x/sx2022.u6x/miniconda3/envs/diffip/lib/python3.8/site-packages/torch/nn/parallel/distributed.py", line 712, in __init__
    self._log_and_throw(
  File "/scratch/u6x/sx2022.u6x/miniconda3/envs/diffip/lib/python3.8/site-packages/torch/nn/parallel/distributed.py", line 1037, in _log_and_throw
    raise err_type(err_msg)
ValueError: DistributedDataParallel device_ids and output_device arguments only work with single-device/multiple-device GPU modules or CPU modules, but got device_ids [device(type='cpu')], output_device cpu, and module parameters {device(type='cpu')}.
Loading eval samples: 100%|██████████| 401/401 [00:00<00:00, 6164.14it/s]
Traceback (most recent call last):
  File "traineval.py", line 160, in <module>
    main(args)
  File "traineval.py", line 110, in main
    TrainValLoop(
  File "/home/u6x/sx2022.u6x/Diff-IP2D-main/netscripts/epoch_feat.py", line 139, in __init__
    self.sf_encoder = DDP(
  File "/scratch/u6x/sx2022.u6x/miniconda3/envs/diffip/lib/python3.8/site-packages/torch/nn/parallel/distributed.py", line 712, in __init__
    self._log_and_throw(
  File "/scratch/u6x/sx2022.u6x/miniconda3/envs/diffip/lib/python3.8/site-packages/torch/nn/parallel/distributed.py", line 1037, in _log_and_throw
    raise err_type(err_msg)
ValueError: DistributedDataParallel device_ids and output_device arguments only work with single-device/multiple-device GPU modules or CPU modules, but got device_ids [device(type='cpu')], output_device cpu, and module parameters {device(type='cpu')}.
