/scratch/u6x/sx2022.u6x/miniconda3/envs/diffip/lib/python3.8/site-packages/torch/distributed/launch.py:181: FutureWarning: The module torch.distributed.launch is deprecated
and will be removed in future. Use torchrun.
Note that --use-env is set by default in torchrun.
If your script expects `--local-rank` argument to be set, please
change it to read from `os.environ['LOCAL_RANK']` instead. See 
https://pytorch.org/docs/stable/distributed.html#launch-utility for 
further instructions

  warnings.warn(
WARNING:torch.distributed.run:
*****************************************
Setting OMP_NUM_THREADS environment variable for each process to be 1 in default, to avoid your system being overloaded, please further tune the variable for optimal performance in your application as needed. 
*****************************************
/scratch/u6x/sx2022.u6x/miniconda3/envs/diffip/lib/python3.8/site-packages/torchvision/datapoints/__init__.py:12: UserWarning: The torchvision.datapoints and torchvision.transforms.v2 namespaces are still Beta. While we do not expect major breaking changes, some APIs may still change according to user feedback. Please submit any feedback you may have in this issue: https://github.com/pytorch/vision/issues/6753, and you can also check out https://github.com/pytorch/vision/issues/7319 to learn more about the APIs that we suspect might involve future changes. You can silence this warning by calling torchvision.disable_beta_transforms_warning().
  warnings.warn(_BETA_TRANSFORMS_WARNING)
/scratch/u6x/sx2022.u6x/miniconda3/envs/diffip/lib/python3.8/site-packages/torchvision/transforms/v2/__init__.py:54: UserWarning: The torchvision.datapoints and torchvision.transforms.v2 namespaces are still Beta. While we do not expect major breaking changes, some APIs may still change according to user feedback. Please submit any feedback you may have in this issue: https://github.com/pytorch/vision/issues/6753, and you can also check out https://github.com/pytorch/vision/issues/7319 to learn more about the APIs that we suspect might involve future changes. You can silence this warning by calling torchvision.disable_beta_transforms_warning().
  warnings.warn(_BETA_TRANSFORMS_WARNING)
[INFO] Added key: store_based_barrier_key:1 to store for rank: 0
/scratch/u6x/sx2022.u6x/miniconda3/envs/diffip/lib/python3.8/site-packages/torchvision/datapoints/__init__.py:12: UserWarning: The torchvision.datapoints and torchvision.transforms.v2 namespaces are still Beta. While we do not expect major breaking changes, some APIs may still change according to user feedback. Please submit any feedback you may have in this issue: https://github.com/pytorch/vision/issues/6753, and you can also check out https://github.com/pytorch/vision/issues/7319 to learn more about the APIs that we suspect might involve future changes. You can silence this warning by calling torchvision.disable_beta_transforms_warning().
  warnings.warn(_BETA_TRANSFORMS_WARNING)
/scratch/u6x/sx2022.u6x/miniconda3/envs/diffip/lib/python3.8/site-packages/torchvision/transforms/v2/__init__.py:54: UserWarning: The torchvision.datapoints and torchvision.transforms.v2 namespaces are still Beta. While we do not expect major breaking changes, some APIs may still change according to user feedback. Please submit any feedback you may have in this issue: https://github.com/pytorch/vision/issues/6753, and you can also check out https://github.com/pytorch/vision/issues/7319 to learn more about the APIs that we suspect might involve future changes. You can silence this warning by calling torchvision.disable_beta_transforms_warning().
  warnings.warn(_BETA_TRANSFORMS_WARNING)
[INFO] Added key: store_based_barrier_key:1 to store for rank: 1
[INFO] Rank 0: Completed store-based barrier for key:store_based_barrier_key:1 with 2 nodes.
[INFO] Rank 1: Completed store-based barrier for key:store_based_barrier_key:1 with 2 nodes.
[INFO] diffusion setups
================= 
{'hidden_t_dim': 512, 'hidden_dim': 512, 'vocab_size': None, 'config_name': 'huggingface-config', 'use_plm_init': 'no', 'dropout': 0.1, 'diffusion_steps': 1000, 'noise_schedule': 'sqrt', 'learn_sigma': False, 'timestep_respacing': '', 'predict_xstart': True, 'rescale_timesteps': True, 'sigma_small': False, 'rescale_learned_sigmas': False, 'use_kl': False, 'sf_encoder_hidden': 64, 'traj_decoder_hidden1': 256, 'traj_decoder_hidden2': 64, 'motion_encoder_hidden': 64, 'madt_depth': 6} 
=================
[INFO] finish building diffusion model!
[INFO] finish building schedule sampler!
Loading validation samples:   0%|          | 0/3513 [00:00<?, ?it/s]Loading validation samples:  31%|███▏      | 1105/3513 [00:00<00:00, 10656.68it/s]Loading validation samples:   0%|          | 0/3513 [00:00<?, ?it/s]Loading validation samples:  64%|██████▍   | 2254/3513 [00:00<00:00, 11042.53it/s]Loading validation samples:  31%|███▏      | 1105/3513 [00:00<00:00, 10603.87it/s]Loading validation samples:  97%|█████████▋| 3422/3513 [00:00<00:00, 11301.78it/s]Loading validation samples: 100%|██████████| 3513/3513 [00:00<00:00, 11046.83it/s]
Loading eval samples:   0%|          | 0/401 [00:00<?, ?it/s]Loading validation samples:  64%|██████▍   | 2254/3513 [00:00<00:00, 10985.79it/s]Loading eval samples: 100%|██████████| 401/401 [00:00<00:00, 6135.42it/s]
Traceback (most recent call last):
  File "traineval.py", line 160, in <module>
    main(args)
  File "traineval.py", line 110, in main
    TrainValLoop(
  File "/home/u6x/sx2022.u6x/Diff-IP2D-main/netscripts/epoch_feat.py", line 139, in __init__
    self.sf_encoder = DDP(
  File "/scratch/u6x/sx2022.u6x/miniconda3/envs/diffip/lib/python3.8/site-packages/torch/nn/parallel/distributed.py", line 603, in __init__
    self._log_and_throw(
  File "/scratch/u6x/sx2022.u6x/miniconda3/envs/diffip/lib/python3.8/site-packages/torch/nn/parallel/distributed.py", line 769, in _log_and_throw
    raise err_type(err_msg)
ValueError: DistributedDataParallel device_ids and output_device arguments only work with single-device/multiple-device GPU modules or CPU modules, but got device_ids [device(type='cpu')], output_device cpu, and module parameters {device(type='cpu')}.
Loading validation samples:  97%|█████████▋| 3412/3513 [00:00<00:00, 11229.75it/s]Loading validation samples: 100%|██████████| 3513/3513 [00:00<00:00, 10966.37it/s]
Loading eval samples:   0%|          | 0/401 [00:00<?, ?it/s]Loading eval samples: 100%|██████████| 401/401 [00:00<00:00, 6050.34it/s]
Traceback (most recent call last):
  File "traineval.py", line 160, in <module>
    main(args)
  File "traineval.py", line 110, in main
    TrainValLoop(
  File "/home/u6x/sx2022.u6x/Diff-IP2D-main/netscripts/epoch_feat.py", line 139, in __init__
    self.sf_encoder = DDP(
  File "/scratch/u6x/sx2022.u6x/miniconda3/envs/diffip/lib/python3.8/site-packages/torch/nn/parallel/distributed.py", line 603, in __init__
    self._log_and_throw(
  File "/scratch/u6x/sx2022.u6x/miniconda3/envs/diffip/lib/python3.8/site-packages/torch/nn/parallel/distributed.py", line 769, in _log_and_throw
    raise err_type(err_msg)
ValueError: DistributedDataParallel device_ids and output_device arguments only work with single-device/multiple-device GPU modules or CPU modules, but got device_ids [device(type='cpu')], output_device cpu, and module parameters {device(type='cpu')}.
