/scratch/u6x/sx2022.u6x/miniconda3/envs/diffip/lib/python3.10/site-packages/torch/distributed/launch.py:208: FutureWarning: The module torch.distributed.launch is deprecated
and will be removed in future. Use torchrun.
Note that --use-env is set by default in torchrun.
If your script expects `--local-rank` argument to be set, please
change it to read from `os.environ['LOCAL_RANK']` instead. See 
https://pytorch.org/docs/stable/distributed.html#launch-utility for 
further instructions

  main()
W0307 03:57:54.290000 48756 /lus/lfs1aip2/scratch/u6x/sx2022.u6x/miniconda3/envs/diffip/lib/python3.10/site-packages/torch/distributed/run.py:793] 
W0307 03:57:54.290000 48756 /lus/lfs1aip2/scratch/u6x/sx2022.u6x/miniconda3/envs/diffip/lib/python3.10/site-packages/torch/distributed/run.py:793] *****************************************
W0307 03:57:54.290000 48756 /lus/lfs1aip2/scratch/u6x/sx2022.u6x/miniconda3/envs/diffip/lib/python3.10/site-packages/torch/distributed/run.py:793] Setting OMP_NUM_THREADS environment variable for each process to be 1 in default, to avoid your system being overloaded, please further tune the variable for optimal performance in your application as needed. 
W0307 03:57:54.290000 48756 /lus/lfs1aip2/scratch/u6x/sx2022.u6x/miniconda3/envs/diffip/lib/python3.10/site-packages/torch/distributed/run.py:793] *****************************************
[INFO] use batch size: 16
[rank1]: Traceback (most recent call last):
[rank1]:   File "/home/u6x/sx2022.u6x/Diff-IP2D-main/traineval.py", line 160, in <module>
[rank1]:     main(args)
[rank1]:   File "/home/u6x/sx2022.u6x/Diff-IP2D-main/traineval.py", line 38, in main
[rank1]:     dist_util.setup_dist()
[rank1]:   File "/home/u6x/sx2022.u6x/Diff-IP2D-main/diffip2d/utils/dist_util.py", line 37, in setup_dist
[rank1]:     th.cuda.set_device(dev())
[rank1]:   File "/scratch/u6x/sx2022.u6x/miniconda3/envs/diffip/lib/python3.10/site-packages/torch/cuda/__init__.py", line 478, in set_device
[rank1]:     torch._C._cuda_setDevice(device)
[rank1]: RuntimeError: CUDA error: invalid device ordinal
[rank1]: CUDA kernel errors might be asynchronously reported at some other API call, so the stacktrace below might be incorrect.
[rank1]: For debugging consider passing CUDA_LAUNCH_BLOCKING=1
[rank1]: Compile with `TORCH_USE_CUDA_DSA` to enable device-side assertions.

[rank1]:[W307 03:58:10.942987641 ProcessGroupNCCL.cpp:1250] Warning: WARNING: process group has NOT been destroyed before we destruct ProcessGroupNCCL. On normal program exit, the application should call destroy_process_group to ensure that any pending NCCL operations have finished in this process. In rare cases this process can exit before this point and block the progress of another member of the process group. This constraint has always been present,  but this warning has only been added since PyTorch 2.4 (function operator())
[INFO] diffusion setups
================= 
{'hidden_t_dim': 512, 'hidden_dim': 512, 'vocab_size': None, 'config_name': 'huggingface-config', 'use_plm_init': 'no', 'dropout': 0.1, 'diffusion_steps': 1000, 'noise_schedule': 'sqrt', 'learn_sigma': False, 'timestep_respacing': '', 'predict_xstart': True, 'rescale_timesteps': True, 'sigma_small': False, 'rescale_learned_sigmas': False, 'use_kl': False, 'sf_encoder_hidden': 64, 'traj_decoder_hidden1': 256, 'traj_decoder_hidden2': 64, 'motion_encoder_hidden': 64, 'madt_depth': 6} 
=================
[INFO] finish building diffusion model!
[INFO] finish building schedule sampler!
Loading validation samples:   0%|          | 0/3513 [00:00<?, ?it/s]Loading validation samples:  32%|███▏      | 1138/3513 [00:00<00:00, 11110.40it/s]Loading validation samples:  71%|███████▏  | 2510/3513 [00:00<00:00, 11660.24it/s]Loading validation samples: 100%|██████████| 3513/3513 [00:00<00:00, 11445.28it/s]
Loading eval samples:   0%|          | 0/401 [00:00<?, ?it/s]Loading eval samples: 100%|██████████| 401/401 [00:00<00:00, 6399.45it/s]
[rank0]: Traceback (most recent call last):
[rank0]:   File "/home/u6x/sx2022.u6x/Diff-IP2D-main/traineval.py", line 160, in <module>
[rank0]:     main(args)
[rank0]:   File "/home/u6x/sx2022.u6x/Diff-IP2D-main/traineval.py", line 110, in main
[rank0]:     TrainValLoop(
[rank0]:   File "/home/u6x/sx2022.u6x/Diff-IP2D-main/netscripts/epoch_feat.py", line 139, in __init__
[rank0]:     self.sf_encoder = DDP(
[rank0]:   File "/scratch/u6x/sx2022.u6x/miniconda3/envs/diffip/lib/python3.10/site-packages/torch/nn/parallel/distributed.py", line 825, in __init__
[rank0]:     _verify_param_shape_across_processes(self.process_group, parameters)
[rank0]:   File "/scratch/u6x/sx2022.u6x/miniconda3/envs/diffip/lib/python3.10/site-packages/torch/distributed/utils.py", line 288, in _verify_param_shape_across_processes
[rank0]:     return dist._verify_params_across_processes(process_group, tensors, logger)
[rank0]: RuntimeError: ProcessGroupWrapper: Monitored Barrier encountered error running collective: CollectiveFingerPrint(SequenceNumber=0, OpType=ALLGATHER, TensorShape=[1], TensorDtypes=Long, TensorDeviceTypes=TensorOptions(dtype=float (default), device=cuda, layout=Strided (default), requires_grad=false (default), pinned_memory=false (default), memory_format=(nullopt))). Error: 
[rank0]: [/pytorch/third_party/gloo/gloo/transport/tcp/pair.cc:534] Connection closed by peer [10.242.20.211]:26285
[rank0]:[W307 03:58:18.118811635 ProcessGroupNCCL.cpp:1250] Warning: WARNING: process group has NOT been destroyed before we destruct ProcessGroupNCCL. On normal program exit, the application should call destroy_process_group to ensure that any pending NCCL operations have finished in this process. In rare cases this process can exit before this point and block the progress of another member of the process group. This constraint has always been present,  but this warning has only been added since PyTorch 2.4 (function operator())
