/scratch/u6x/sx2022.u6x/miniconda3/envs/diffip/lib/python3.8/site-packages/torch/distributed/launch.py:181: FutureWarning: The module torch.distributed.launch is deprecated
and will be removed in future. Use torchrun.
Note that --use-env is set by default in torchrun.
If your script expects `--local-rank` argument to be set, please
change it to read from `os.environ['LOCAL_RANK']` instead. See 
https://pytorch.org/docs/stable/distributed.html#launch-utility for 
further instructions

  warnings.warn(
[2026-03-07 02:16:33,514] torch.distributed.run: [WARNING] 
[2026-03-07 02:16:33,514] torch.distributed.run: [WARNING] *****************************************
[2026-03-07 02:16:33,514] torch.distributed.run: [WARNING] Setting OMP_NUM_THREADS environment variable for each process to be 1 in default, to avoid your system being overloaded, please further tune the variable for optimal performance in your application as needed. 
[2026-03-07 02:16:33,514] torch.distributed.run: [WARNING] *****************************************
[INFO] diffusion setups
================= 
{'hidden_t_dim': 512, 'hidden_dim': 512, 'vocab_size': None, 'config_name': 'huggingface-config', 'use_plm_init': 'no', 'dropout': 0.1, 'diffusion_steps': 1000, 'noise_schedule': 'sqrt', 'learn_sigma': False, 'timestep_respacing': '', 'predict_xstart': True, 'rescale_timesteps': True, 'sigma_small': False, 'rescale_learned_sigmas': False, 'use_kl': False, 'sf_encoder_hidden': 64, 'traj_decoder_hidden1': 256, 'traj_decoder_hidden2': 64, 'motion_encoder_hidden': 64, 'madt_depth': 6} 
=================
[INFO] finish building diffusion model!
[INFO] finish building schedule sampler!
Traceback (most recent call last):
  File "traineval.py", line 160, in <module>
    main(args)
  File "traineval.py", line 82, in main
    _, dls = get_dataset(args, base_path="./")
  File "/home/u6x/sx2022.u6x/Diff-IP2D-main/netscripts/get_datasets.py", line 14, in get_dataset
    dls = get_dataloaders(datasetargs, HODataset, featuresloader=FeaturesHOLoader)
  File "/home/u6x/sx2022.u6x/Diff-IP2D-main/datasets/holoaders.py", line 370, in get_dataloaders
    dss = get_datasets(args, epic_ds=epic_ds, featuresloader=featuresloader)
  File "/home/u6x/sx2022.u6x/Diff-IP2D-main/datasets/dataloaders.py", line 155, in get_datasets
    loaders = get_loaders(args, featuresloader=featuresloader)
  File "/home/u6x/sx2022.u6x/Diff-IP2D-main/datasets/input_loaders.py", line 135, in get_loaders
    feat_loaders = get_features_loader(args, featuresloader=featuresloader)
  File "/home/u6x/sx2022.u6x/Diff-IP2D-main/datasets/input_loaders.py", line 117, in get_features_loader
    feat_loader = featuresloader(input_name=modality, **loader_args)
  File "/home/u6x/sx2022.u6x/Diff-IP2D-main/datasets/holoaders.py", line 84, in __init__
    with open("./data/uid2future_file_name.pickle", 'rb') as f:
FileNotFoundError: [Errno 2] No such file or directory: './data/uid2future_file_name.pickle'
Traceback (most recent call last):
  File "traineval.py", line 160, in <module>
    main(args)
  File "traineval.py", line 82, in main
    _, dls = get_dataset(args, base_path="./")
  File "/home/u6x/sx2022.u6x/Diff-IP2D-main/netscripts/get_datasets.py", line 14, in get_dataset
    dls = get_dataloaders(datasetargs, HODataset, featuresloader=FeaturesHOLoader)
  File "/home/u6x/sx2022.u6x/Diff-IP2D-main/datasets/holoaders.py", line 370, in get_dataloaders
    dss = get_datasets(args, epic_ds=epic_ds, featuresloader=featuresloader)
  File "/home/u6x/sx2022.u6x/Diff-IP2D-main/datasets/dataloaders.py", line 155, in get_datasets
    loaders = get_loaders(args, featuresloader=featuresloader)
  File "/home/u6x/sx2022.u6x/Diff-IP2D-main/datasets/input_loaders.py", line 135, in get_loaders
    feat_loaders = get_features_loader(args, featuresloader=featuresloader)
  File "/home/u6x/sx2022.u6x/Diff-IP2D-main/datasets/input_loaders.py", line 117, in get_features_loader
    feat_loader = featuresloader(input_name=modality, **loader_args)
  File "/home/u6x/sx2022.u6x/Diff-IP2D-main/datasets/holoaders.py", line 84, in __init__
    with open("./data/uid2future_file_name.pickle", 'rb') as f:
FileNotFoundError: [Errno 2] No such file or directory: './data/uid2future_file_name.pickle'
