/scratch/u6cu/sx2022.u6cu/miniconda3/envs/diffip/lib/python3.10/site-packages/torch/distributed/launch.py:208: FutureWarning: The module torch.distributed.launch is deprecated
and will be removed in future. Use torchrun.
Note that --use-env is set by default in torchrun.
If your script expects `--local-rank` argument to be set, please
change it to read from `os.environ['LOCAL_RANK']` instead. See 
https://pytorch.org/docs/stable/distributed.html#launch-utility for 
further instructions

  main()
[INFO] use batch size: 32
[INFO] diffusion setups
================= 
{'hidden_t_dim': 512, 'hidden_dim': 512, 'vocab_size': None, 'config_name': 'huggingface-config', 'use_plm_init': 'no', 'dropout': 0.1, 'diffusion_steps': 1000, 'noise_schedule': 'sqrt', 'learn_sigma': False, 'timestep_respacing': '', 'predict_xstart': True, 'rescale_timesteps': True, 'sigma_small': False, 'rescale_learned_sigmas': False, 'use_kl': False, 'sf_encoder_hidden': 64, 'traj_decoder_hidden1': 256, 'traj_decoder_hidden2': 64, 'motion_encoder_hidden': 64, 'madt_depth': 6, 'use_gaze': False, 'T_max': 64, 'gaze_coord_only': False, 'gaze_fusion_only': False, 'gaze_alpha_clamp': 0.0, 'gaze_last_n_blocks': 0, 'gaze_fixed_delta': 0, 'gaze_bias_init_delta': 0, 'gaze_bias_init_amp': 2.0, 'gaze_before_motion': False} 
=================
[INFO] finish building diffusion model!
[INFO] finish building schedule sampler!
Loading train samples:   0%|          | 0/4885 [00:00<?, ?it/s][rank0]: Traceback (most recent call last):
[rank0]:   File "/home/u6cu/sx2022.u6cu/Diff-IP2D/traineval.py", line 182, in <module>
[rank0]:     main(args)
[rank0]:   File "/home/u6cu/sx2022.u6cu/Diff-IP2D/traineval.py", line 97, in main
[rank0]:     _, dls = get_dataset(args, base_path="./")
[rank0]:   File "/home/u6cu/sx2022.u6cu/Diff-IP2D/netscripts/get_datasets.py", line 18, in get_dataset
[rank0]:     dls = get_dataloaders(datasetargs, HODataset, featuresloader=FeaturesHOLoader)
[rank0]:   File "/home/u6cu/sx2022.u6cu/Diff-IP2D/datasets/holoaders.py", line 525, in get_dataloaders
[rank0]:     dss = get_datasets(args, epic_ds=epic_ds, featuresloader=featuresloader)
[rank0]:   File "/home/u6cu/sx2022.u6cu/Diff-IP2D/datasets/dataloaders.py", line 215, in get_datasets
[rank0]:     'train': epic_ds(df=dfs['train'], partition='train', loader=loaders['train'], **ds_args),
[rank0]:   File "/home/u6cu/sx2022.u6cu/Diff-IP2D/datasets/holoaders.py", line 421, in __init__
[rank0]:     super().__init__(df=df, partition=partition, ori_fps=ori_fps, fps=fps,
[rank0]:   File "/home/u6cu/sx2022.u6cu/Diff-IP2D/datasets/dataloaders.py", line 101, in __init__
[rank0]:     self.videos = self._get_videos()
[rank0]:   File "/home/u6cu/sx2022.u6cu/Diff-IP2D/datasets/dataloaders.py", line 115, in _get_videos
[rank0]:     video = EpicVideo(**video_args)
[rank0]:   File "/home/u6cu/sx2022.u6cu/Diff-IP2D/datasets/dataloaders.py", line 48, in __init__
[rank0]:     self.actions, self.actions_invalid = self._get_actions()
[rank0]:   File "/home/u6cu/sx2022.u6cu/Diff-IP2D/datasets/dataloaders.py", line 58, in _get_actions
[rank0]:     'participant_id': row.participant_id,
[rank0]:   File "/scratch/u6cu/sx2022.u6cu/miniconda3/envs/diffip/lib/python3.10/site-packages/pandas/core/generic.py", line 6321, in __getattr__
[rank0]:     return object.__getattribute__(self, name)
[rank0]: AttributeError: 'Series' object has no attribute 'participant_id'
Loading train samples:   0%|          | 0/4885 [00:00<?, ?it/s]
[rank0]:[W421 08:08:12.842259475 ProcessGroupNCCL.cpp:1250] Warning: WARNING: process group has NOT been destroyed before we destruct ProcessGroupNCCL. On normal program exit, the application should call destroy_process_group to ensure that any pending NCCL operations have finished in this process. In rare cases this process can exit before this point and block the progress of another member of the process group. This constraint has always been present,  but this warning has only been added since PyTorch 2.4 (function operator())
/scratch/u6cu/sx2022.u6cu/miniconda3/envs/diffip/lib/python3.10/site-packages/torch/distributed/launch.py:208: FutureWarning: The module torch.distributed.launch is deprecated
and will be removed in future. Use torchrun.
Note that --use-env is set by default in torchrun.
If your script expects `--local-rank` argument to be set, please
change it to read from `os.environ['LOCAL_RANK']` instead. See 
https://pytorch.org/docs/stable/distributed.html#launch-utility for 
further instructions

  main()
[INFO] use batch size: 16
[INFO] diffusion setups
================= 
{'hidden_t_dim': 512, 'hidden_dim': 512, 'vocab_size': None, 'config_name': 'huggingface-config', 'use_plm_init': 'no', 'dropout': 0.1, 'diffusion_steps': 1000, 'noise_schedule': 'sqrt', 'learn_sigma': False, 'timestep_respacing': '', 'predict_xstart': True, 'rescale_timesteps': True, 'sigma_small': False, 'rescale_learned_sigmas': False, 'use_kl': False, 'sf_encoder_hidden': 64, 'traj_decoder_hidden1': 256, 'traj_decoder_hidden2': 64, 'motion_encoder_hidden': 64, 'madt_depth': 6, 'use_gaze': False, 'T_max': 64, 'gaze_coord_only': False, 'gaze_fusion_only': False, 'gaze_alpha_clamp': 0.0, 'gaze_last_n_blocks': 0, 'gaze_fixed_delta': 0, 'gaze_bias_init_delta': 0, 'gaze_bias_init_amp': 2.0, 'gaze_before_motion': False} 
=================
[INFO] finish building diffusion model!
[INFO] finish building schedule sampler!
Loading validation samples:   0%|          | 0/938 [00:00<?, ?it/s][rank0]: Traceback (most recent call last):
[rank0]:   File "/home/u6cu/sx2022.u6cu/Diff-IP2D/traineval.py", line 182, in <module>
[rank0]:     main(args)
[rank0]:   File "/home/u6cu/sx2022.u6cu/Diff-IP2D/traineval.py", line 97, in main
[rank0]:     _, dls = get_dataset(args, base_path="./")
[rank0]:   File "/home/u6cu/sx2022.u6cu/Diff-IP2D/netscripts/get_datasets.py", line 18, in get_dataset
[rank0]:     dls = get_dataloaders(datasetargs, HODataset, featuresloader=FeaturesHOLoader)
[rank0]:   File "/home/u6cu/sx2022.u6cu/Diff-IP2D/datasets/holoaders.py", line 525, in get_dataloaders
[rank0]:     dss = get_datasets(args, epic_ds=epic_ds, featuresloader=featuresloader)
[rank0]:   File "/home/u6cu/sx2022.u6cu/Diff-IP2D/datasets/dataloaders.py", line 222, in get_datasets
[rank0]:     'validation': epic_ds(df=dfs['validation'], partition='validation',
[rank0]:   File "/home/u6cu/sx2022.u6cu/Diff-IP2D/datasets/holoaders.py", line 421, in __init__
[rank0]:     super().__init__(df=df, partition=partition, ori_fps=ori_fps, fps=fps,
[rank0]:   File "/home/u6cu/sx2022.u6cu/Diff-IP2D/datasets/dataloaders.py", line 101, in __init__
[rank0]:     self.videos = self._get_videos()
[rank0]:   File "/home/u6cu/sx2022.u6cu/Diff-IP2D/datasets/dataloaders.py", line 115, in _get_videos
[rank0]:     video = EpicVideo(**video_args)
[rank0]:   File "/home/u6cu/sx2022.u6cu/Diff-IP2D/datasets/dataloaders.py", line 48, in __init__
[rank0]:     self.actions, self.actions_invalid = self._get_actions()
[rank0]:   File "/home/u6cu/sx2022.u6cu/Diff-IP2D/datasets/dataloaders.py", line 58, in _get_actions
[rank0]:     'participant_id': row.participant_id,
[rank0]:   File "/scratch/u6cu/sx2022.u6cu/miniconda3/envs/diffip/lib/python3.10/site-packages/pandas/core/generic.py", line 6321, in __getattr__
[rank0]:     return object.__getattribute__(self, name)
[rank0]: AttributeError: 'Series' object has no attribute 'participant_id'
Loading validation samples:   0%|          | 0/938 [00:00<?, ?it/s]
[rank0]:[W421 08:08:22.287010303 ProcessGroupNCCL.cpp:1250] Warning: WARNING: process group has NOT been destroyed before we destruct ProcessGroupNCCL. On normal program exit, the application should call destroy_process_group to ensure that any pending NCCL operations have finished in this process. In rare cases this process can exit before this point and block the progress of another member of the process group. This constraint has always been present,  but this warning has only been added since PyTorch 2.4 (function operator())
/scratch/u6cu/sx2022.u6cu/miniconda3/envs/diffip/lib/python3.10/site-packages/torch/distributed/launch.py:208: FutureWarning: The module torch.distributed.launch is deprecated
and will be removed in future. Use torchrun.
Note that --use-env is set by default in torchrun.
If your script expects `--local-rank` argument to be set, please
change it to read from `os.environ['LOCAL_RANK']` instead. See 
https://pytorch.org/docs/stable/distributed.html#launch-utility for 
further instructions

  main()
[INFO] use batch size: 16
[INFO] diffusion setups
================= 
{'hidden_t_dim': 512, 'hidden_dim': 512, 'vocab_size': None, 'config_name': 'huggingface-config', 'use_plm_init': 'no', 'dropout': 0.1, 'diffusion_steps': 1000, 'noise_schedule': 'sqrt', 'learn_sigma': False, 'timestep_respacing': '', 'predict_xstart': True, 'rescale_timesteps': True, 'sigma_small': False, 'rescale_learned_sigmas': False, 'use_kl': False, 'sf_encoder_hidden': 64, 'traj_decoder_hidden1': 256, 'traj_decoder_hidden2': 64, 'motion_encoder_hidden': 64, 'madt_depth': 6, 'use_gaze': False, 'T_max': 64, 'gaze_coord_only': False, 'gaze_fusion_only': False, 'gaze_alpha_clamp': 0.0, 'gaze_last_n_blocks': 0, 'gaze_fixed_delta': 0, 'gaze_bias_init_delta': 0, 'gaze_bias_init_amp': 2.0, 'gaze_before_motion': False} 
=================
[INFO] finish building diffusion model!
[INFO] finish building schedule sampler!
Loading validation samples:   0%|          | 0/938 [00:00<?, ?it/s][rank0]: Traceback (most recent call last):
[rank0]:   File "/home/u6cu/sx2022.u6cu/Diff-IP2D/traineval.py", line 182, in <module>
[rank0]:     main(args)
[rank0]:   File "/home/u6cu/sx2022.u6cu/Diff-IP2D/traineval.py", line 97, in main
[rank0]:     _, dls = get_dataset(args, base_path="./")
[rank0]:   File "/home/u6cu/sx2022.u6cu/Diff-IP2D/netscripts/get_datasets.py", line 18, in get_dataset
[rank0]:     dls = get_dataloaders(datasetargs, HODataset, featuresloader=FeaturesHOLoader)
[rank0]:   File "/home/u6cu/sx2022.u6cu/Diff-IP2D/datasets/holoaders.py", line 525, in get_dataloaders
[rank0]:     dss = get_datasets(args, epic_ds=epic_ds, featuresloader=featuresloader)
[rank0]:   File "/home/u6cu/sx2022.u6cu/Diff-IP2D/datasets/dataloaders.py", line 222, in get_datasets
[rank0]:     'validation': epic_ds(df=dfs['validation'], partition='validation',
[rank0]:   File "/home/u6cu/sx2022.u6cu/Diff-IP2D/datasets/holoaders.py", line 421, in __init__
[rank0]:     super().__init__(df=df, partition=partition, ori_fps=ori_fps, fps=fps,
[rank0]:   File "/home/u6cu/sx2022.u6cu/Diff-IP2D/datasets/dataloaders.py", line 101, in __init__
[rank0]:     self.videos = self._get_videos()
[rank0]:   File "/home/u6cu/sx2022.u6cu/Diff-IP2D/datasets/dataloaders.py", line 115, in _get_videos
[rank0]:     video = EpicVideo(**video_args)
[rank0]:   File "/home/u6cu/sx2022.u6cu/Diff-IP2D/datasets/dataloaders.py", line 48, in __init__
[rank0]:     self.actions, self.actions_invalid = self._get_actions()
[rank0]:   File "/home/u6cu/sx2022.u6cu/Diff-IP2D/datasets/dataloaders.py", line 58, in _get_actions
[rank0]:     'participant_id': row.participant_id,
[rank0]:   File "/scratch/u6cu/sx2022.u6cu/miniconda3/envs/diffip/lib/python3.10/site-packages/pandas/core/generic.py", line 6321, in __getattr__
[rank0]:     return object.__getattribute__(self, name)
[rank0]: AttributeError: 'Series' object has no attribute 'participant_id'
Loading validation samples:   0%|          | 0/938 [00:00<?, ?it/s]
[rank0]:[W421 08:08:30.622131314 ProcessGroupNCCL.cpp:1250] Warning: WARNING: process group has NOT been destroyed before we destruct ProcessGroupNCCL. On normal program exit, the application should call destroy_process_group to ensure that any pending NCCL operations have finished in this process. In rare cases this process can exit before this point and block the progress of another member of the process group. This constraint has always been present,  but this warning has only been added since PyTorch 2.4 (function operator())
