/scratch/u6cu/sx2022.u6cu/miniconda3/envs/diffip/lib/python3.10/site-packages/torch/distributed/launch.py:208: FutureWarning: The module torch.distributed.launch is deprecated
and will be removed in future. Use torchrun.
Note that --use-env is set by default in torchrun.
If your script expects `--local-rank` argument to be set, please
change it to read from `os.environ['LOCAL_RANK']` instead. See 
https://pytorch.org/docs/stable/distributed.html#launch-utility for 
further instructions

  main()
usage: traineval.py [-h] [--src_in_features SRC_IN_FEATURES]
                    [--trg_in_features TRG_IN_FEATURES]
                    [--num_patches NUM_PATCHES] [--num_classes NUM_CLASSES]
                    [--embed_dim EMBED_DIM] [--num_heads NUM_HEADS]
                    [--enc_depth ENC_DEPTH] [--dec_depth DEC_DEPTH]
                    [--coord_dim COORD_DIM] [--hidden_dim HIDDEN_DIM]
                    [--latent_dim LATENT_DIM]
                    [--encoder_time_embed_type {sin,param}]
                    [--decoder_time_embed_type {sin,param}]
                    [--num_samples NUM_SAMPLES] [--num_points NUM_POINTS]
                    [--gaussian_sigma GAUSSIAN_SIGMA]
                    [--gaussian_k_ratio GAUSSIAN_K_RATIO] [--dropout DROPOUT]
                    [--diffusion_steps DIFFUSION_STEPS]
                    [--noise_schedule NOISE_SCHEDULE]
                    [--learn_sigma LEARN_SIGMA]
                    [--timestep_respacing TIMESTEP_RESPACING]
                    [--rescale_timesteps RESCALE_TIMESTEPS]
                    [--predict_xstart PREDICT_XSTART]
                    [--sigma_small SIGMA_SMALL]
                    [--rescale_learned_sigmas RESCALE_LEARNED_SIGMAS]
                    [--use_kl USE_KL] [--sf_encoder_hidden SF_ENCODER_HIDDEN]
                    [--motion_encoder_hidden MOTION_ENCODER_HIDDEN]
                    [--traj_decoder_hidden1 TRAJ_DECODER_HIDDEN1]
                    [--traj_decoder_hidden2 TRAJ_DECODER_HIDDEN2]
                    [--madt_depth MADT_DEPTH] [--holi_past HOLI_PAST]
                    [--test_start_idx TEST_START_IDX] [--use_gaze]
                    [--gaze_sigma GAZE_SIGMA]
                    [--gaze_heatmap_size GAZE_HEATMAP_SIZE]
                    [--gaze_coord_only] [--gaze_fusion_only]
                    [--gaze_alpha_clamp GAZE_ALPHA_CLAMP]
                    [--gaze_last_n_blocks GAZE_LAST_N_BLOCKS]
                    [--gaze_detach_diffusion]
                    [--gaze_fixed_delta GAZE_FIXED_DELTA]
                    [--gaze_bias_init_delta GAZE_BIAS_INIT_DELTA]
                    [--gaze_bias_init_amp GAZE_BIAS_INIT_AMP]
                    [--gaze_heatmap_only]
                    [--gaze_cfg_dropout GAZE_CFG_DROPOUT]
                    [--gaze_before_motion] [--lambda_obj LAMBDA_OBJ]
                    [--lambda_traj LAMBDA_TRAJ]
                    [--lambda_obj_kl LAMBDA_OBJ_KL]
                    [--lambda_traj_kl LAMBDA_TRAJ_KL]
                    [--manual_seed MANUAL_SEED] [-j WORKERS] [--epochs EPOCHS]
                    [--batch_size BATCH_SIZE]
                    [--optimizer {rms,adam,sgd,adamw}] [--lr LR]
                    [--momentum MOMENTUM]
                    [--scheduler {cosine,step,multistep}]
                    [--warmup_epochs WARMUP_EPOCHS]
                    [--lr_decay_step LR_DECAY_STEP [LR_DECAY_STEP ...]]
                    [--lr_decay_gamma LR_DECAY_GAMMA]
                    [--weight_decay WEIGHT_DECAY] [--resume PATH [PATH ...]]
                    [--evaluate] [--test_freq TEST_FREQ] [--snapshot N]
                    [--use_cuda USE_CUDA] [--ek_version {ek55,ek100,egtea}]
                    [--traj_only]
                    [--schedule_sampler_args {uniform,lossaware,fixstep}]
                    [--seq_len_obs SEQ_LEN_OBS]
                    [--seq_len_unobs SEQ_LEN_UNOBS]
                    [--learnable_weight LEARNABLE_WEIGHT]
                    [--rec_loss_weight REC_LOSS_WEIGHT]
                    [--reg_loss_weight REG_LOSS_WEIGHT]
                    [--use_schedule USE_SCHEDULE]
                    [--sample_times SAMPLE_TIMES] [--fast_test FAST_TEST]
                    [--base_model PATH [PATH ...]]
                    [--log_path PATH [PATH ...]]
                    [--checkpoint_path PATH [PATH ...]]
                    [--collection_path_traj PATH [PATH ...]]
                    [--collection_path_aff PATH [PATH ...]]
traineval.py: error: argument --ek_version: invalid choice: 'meccano' (choose from 'ek55', 'ek100', 'egtea')
/scratch/u6cu/sx2022.u6cu/miniconda3/envs/diffip/lib/python3.10/site-packages/torch/distributed/launch.py:208: FutureWarning: The module torch.distributed.launch is deprecated
and will be removed in future. Use torchrun.
Note that --use-env is set by default in torchrun.
If your script expects `--local-rank` argument to be set, please
change it to read from `os.environ['LOCAL_RANK']` instead. See 
https://pytorch.org/docs/stable/distributed.html#launch-utility for 
further instructions

  main()
usage: traineval.py [-h] [--src_in_features SRC_IN_FEATURES]
                    [--trg_in_features TRG_IN_FEATURES]
                    [--num_patches NUM_PATCHES] [--num_classes NUM_CLASSES]
                    [--embed_dim EMBED_DIM] [--num_heads NUM_HEADS]
                    [--enc_depth ENC_DEPTH] [--dec_depth DEC_DEPTH]
                    [--coord_dim COORD_DIM] [--hidden_dim HIDDEN_DIM]
                    [--latent_dim LATENT_DIM]
                    [--encoder_time_embed_type {sin,param}]
                    [--decoder_time_embed_type {sin,param}]
                    [--num_samples NUM_SAMPLES] [--num_points NUM_POINTS]
                    [--gaussian_sigma GAUSSIAN_SIGMA]
                    [--gaussian_k_ratio GAUSSIAN_K_RATIO] [--dropout DROPOUT]
                    [--diffusion_steps DIFFUSION_STEPS]
                    [--noise_schedule NOISE_SCHEDULE]
                    [--learn_sigma LEARN_SIGMA]
                    [--timestep_respacing TIMESTEP_RESPACING]
                    [--rescale_timesteps RESCALE_TIMESTEPS]
                    [--predict_xstart PREDICT_XSTART]
                    [--sigma_small SIGMA_SMALL]
                    [--rescale_learned_sigmas RESCALE_LEARNED_SIGMAS]
                    [--use_kl USE_KL] [--sf_encoder_hidden SF_ENCODER_HIDDEN]
                    [--motion_encoder_hidden MOTION_ENCODER_HIDDEN]
                    [--traj_decoder_hidden1 TRAJ_DECODER_HIDDEN1]
                    [--traj_decoder_hidden2 TRAJ_DECODER_HIDDEN2]
                    [--madt_depth MADT_DEPTH] [--holi_past HOLI_PAST]
                    [--test_start_idx TEST_START_IDX] [--use_gaze]
                    [--gaze_sigma GAZE_SIGMA]
                    [--gaze_heatmap_size GAZE_HEATMAP_SIZE]
                    [--gaze_coord_only] [--gaze_fusion_only]
                    [--gaze_alpha_clamp GAZE_ALPHA_CLAMP]
                    [--gaze_last_n_blocks GAZE_LAST_N_BLOCKS]
                    [--gaze_detach_diffusion]
                    [--gaze_fixed_delta GAZE_FIXED_DELTA]
                    [--gaze_bias_init_delta GAZE_BIAS_INIT_DELTA]
                    [--gaze_bias_init_amp GAZE_BIAS_INIT_AMP]
                    [--gaze_heatmap_only]
                    [--gaze_cfg_dropout GAZE_CFG_DROPOUT]
                    [--gaze_before_motion] [--lambda_obj LAMBDA_OBJ]
                    [--lambda_traj LAMBDA_TRAJ]
                    [--lambda_obj_kl LAMBDA_OBJ_KL]
                    [--lambda_traj_kl LAMBDA_TRAJ_KL]
                    [--manual_seed MANUAL_SEED] [-j WORKERS] [--epochs EPOCHS]
                    [--batch_size BATCH_SIZE]
                    [--optimizer {rms,adam,sgd,adamw}] [--lr LR]
                    [--momentum MOMENTUM]
                    [--scheduler {cosine,step,multistep}]
                    [--warmup_epochs WARMUP_EPOCHS]
                    [--lr_decay_step LR_DECAY_STEP [LR_DECAY_STEP ...]]
                    [--lr_decay_gamma LR_DECAY_GAMMA]
                    [--weight_decay WEIGHT_DECAY] [--resume PATH [PATH ...]]
                    [--evaluate] [--test_freq TEST_FREQ] [--snapshot N]
                    [--use_cuda USE_CUDA] [--ek_version {ek55,ek100,egtea}]
                    [--traj_only]
                    [--schedule_sampler_args {uniform,lossaware,fixstep}]
                    [--seq_len_obs SEQ_LEN_OBS]
                    [--seq_len_unobs SEQ_LEN_UNOBS]
                    [--learnable_weight LEARNABLE_WEIGHT]
                    [--rec_loss_weight REC_LOSS_WEIGHT]
                    [--reg_loss_weight REG_LOSS_WEIGHT]
                    [--use_schedule USE_SCHEDULE]
                    [--sample_times SAMPLE_TIMES] [--fast_test FAST_TEST]
                    [--base_model PATH [PATH ...]]
                    [--log_path PATH [PATH ...]]
                    [--checkpoint_path PATH [PATH ...]]
                    [--collection_path_traj PATH [PATH ...]]
                    [--collection_path_aff PATH [PATH ...]]
traineval.py: error: argument --ek_version: invalid choice: 'meccano' (choose from 'ek55', 'ek100', 'egtea')
/scratch/u6cu/sx2022.u6cu/miniconda3/envs/diffip/lib/python3.10/site-packages/torch/distributed/launch.py:208: FutureWarning: The module torch.distributed.launch is deprecated
and will be removed in future. Use torchrun.
Note that --use-env is set by default in torchrun.
If your script expects `--local-rank` argument to be set, please
change it to read from `os.environ['LOCAL_RANK']` instead. See 
https://pytorch.org/docs/stable/distributed.html#launch-utility for 
further instructions

  main()
usage: traineval.py [-h] [--src_in_features SRC_IN_FEATURES]
                    [--trg_in_features TRG_IN_FEATURES]
                    [--num_patches NUM_PATCHES] [--num_classes NUM_CLASSES]
                    [--embed_dim EMBED_DIM] [--num_heads NUM_HEADS]
                    [--enc_depth ENC_DEPTH] [--dec_depth DEC_DEPTH]
                    [--coord_dim COORD_DIM] [--hidden_dim HIDDEN_DIM]
                    [--latent_dim LATENT_DIM]
                    [--encoder_time_embed_type {sin,param}]
                    [--decoder_time_embed_type {sin,param}]
                    [--num_samples NUM_SAMPLES] [--num_points NUM_POINTS]
                    [--gaussian_sigma GAUSSIAN_SIGMA]
                    [--gaussian_k_ratio GAUSSIAN_K_RATIO] [--dropout DROPOUT]
                    [--diffusion_steps DIFFUSION_STEPS]
                    [--noise_schedule NOISE_SCHEDULE]
                    [--learn_sigma LEARN_SIGMA]
                    [--timestep_respacing TIMESTEP_RESPACING]
                    [--rescale_timesteps RESCALE_TIMESTEPS]
                    [--predict_xstart PREDICT_XSTART]
                    [--sigma_small SIGMA_SMALL]
                    [--rescale_learned_sigmas RESCALE_LEARNED_SIGMAS]
                    [--use_kl USE_KL] [--sf_encoder_hidden SF_ENCODER_HIDDEN]
                    [--motion_encoder_hidden MOTION_ENCODER_HIDDEN]
                    [--traj_decoder_hidden1 TRAJ_DECODER_HIDDEN1]
                    [--traj_decoder_hidden2 TRAJ_DECODER_HIDDEN2]
                    [--madt_depth MADT_DEPTH] [--holi_past HOLI_PAST]
                    [--test_start_idx TEST_START_IDX] [--use_gaze]
                    [--gaze_sigma GAZE_SIGMA]
                    [--gaze_heatmap_size GAZE_HEATMAP_SIZE]
                    [--gaze_coord_only] [--gaze_fusion_only]
                    [--gaze_alpha_clamp GAZE_ALPHA_CLAMP]
                    [--gaze_last_n_blocks GAZE_LAST_N_BLOCKS]
                    [--gaze_detach_diffusion]
                    [--gaze_fixed_delta GAZE_FIXED_DELTA]
                    [--gaze_bias_init_delta GAZE_BIAS_INIT_DELTA]
                    [--gaze_bias_init_amp GAZE_BIAS_INIT_AMP]
                    [--gaze_heatmap_only]
                    [--gaze_cfg_dropout GAZE_CFG_DROPOUT]
                    [--gaze_before_motion] [--lambda_obj LAMBDA_OBJ]
                    [--lambda_traj LAMBDA_TRAJ]
                    [--lambda_obj_kl LAMBDA_OBJ_KL]
                    [--lambda_traj_kl LAMBDA_TRAJ_KL]
                    [--manual_seed MANUAL_SEED] [-j WORKERS] [--epochs EPOCHS]
                    [--batch_size BATCH_SIZE]
                    [--optimizer {rms,adam,sgd,adamw}] [--lr LR]
                    [--momentum MOMENTUM]
                    [--scheduler {cosine,step,multistep}]
                    [--warmup_epochs WARMUP_EPOCHS]
                    [--lr_decay_step LR_DECAY_STEP [LR_DECAY_STEP ...]]
                    [--lr_decay_gamma LR_DECAY_GAMMA]
                    [--weight_decay WEIGHT_DECAY] [--resume PATH [PATH ...]]
                    [--evaluate] [--test_freq TEST_FREQ] [--snapshot N]
                    [--use_cuda USE_CUDA] [--ek_version {ek55,ek100,egtea}]
                    [--traj_only]
                    [--schedule_sampler_args {uniform,lossaware,fixstep}]
                    [--seq_len_obs SEQ_LEN_OBS]
                    [--seq_len_unobs SEQ_LEN_UNOBS]
                    [--learnable_weight LEARNABLE_WEIGHT]
                    [--rec_loss_weight REC_LOSS_WEIGHT]
                    [--reg_loss_weight REG_LOSS_WEIGHT]
                    [--use_schedule USE_SCHEDULE]
                    [--sample_times SAMPLE_TIMES] [--fast_test FAST_TEST]
                    [--base_model PATH [PATH ...]]
                    [--log_path PATH [PATH ...]]
                    [--checkpoint_path PATH [PATH ...]]
                    [--collection_path_traj PATH [PATH ...]]
                    [--collection_path_aff PATH [PATH ...]]
traineval.py: error: argument --ek_version: invalid choice: 'meccano' (choose from 'ek55', 'ek100', 'egtea')
