/scratch/u6cu/sx2022.u6cu/miniconda3/envs/diffip/lib/python3.10/site-packages/torch/distributed/launch.py:208: FutureWarning: The module torch.distributed.launch is deprecated
and will be removed in future. Use torchrun.
Note that --use-env is set by default in torchrun.
If your script expects `--local-rank` argument to be set, please
change it to read from `os.environ['LOCAL_RANK']` instead. See 
https://pytorch.org/docs/stable/distributed.html#launch-utility for 
further instructions

  main()
[INFO] use batch size: 32
[INFO] diffusion setups
================= 
{'hidden_t_dim': 512, 'hidden_dim': 512, 'vocab_size': None, 'config_name': 'huggingface-config', 'use_plm_init': 'no', 'dropout': 0.1, 'diffusion_steps': 1000, 'noise_schedule': 'sqrt', 'learn_sigma': False, 'timestep_respacing': '', 'predict_xstart': True, 'rescale_timesteps': True, 'sigma_small': False, 'rescale_learned_sigmas': False, 'use_kl': False, 'sf_encoder_hidden': 64, 'traj_decoder_hidden1': 256, 'traj_decoder_hidden2': 64, 'motion_encoder_hidden': 64, 'madt_depth': 6, 'use_gaze': False, 'T_max': 64, 'gaze_coord_only': False, 'gaze_fusion_only': False, 'gaze_alpha_clamp': 0.0, 'gaze_last_n_blocks': 0, 'gaze_fixed_delta': 0, 'gaze_bias_init_delta': 0, 'gaze_bias_init_amp': 2.0, 'gaze_before_motion': False} 
=================
[INFO] finish building diffusion model!
[INFO] finish building schedule sampler!
Loading train samples:   0%|          | 0/4679 [00:00<?, ?it/s]Loading train samples:  28%|██▊       | 1307/4679 [00:00<00:00, 12343.33it/s]Loading train samples:  64%|██████▍   | 2992/4679 [00:00<00:00, 12964.12it/s]Loading train samples: 100%|██████████| 4679/4679 [00:00<00:00, 13011.09it/s]Loading train samples: 100%|██████████| 4679/4679 [00:00<00:00, 12940.11it/s]
Loading validation samples:   0%|          | 0/904 [00:00<?, ?it/s]Loading validation samples: 100%|██████████| 904/904 [00:00<00:00, 13527.94it/s]
Loading eval samples:   0%|          | 0/2584 [00:00<?, ?it/s]Loading eval samples:  54%|█████▍    | 1397/2584 [00:00<00:00, 13745.91it/s]Loading eval samples: 100%|██████████| 2584/2584 [00:00<00:00, 13399.14it/s]
[INFO] Using lr 0.0002
[INFO] train epoch: 1
[rank0]:[W422 03:53:45.660059844 reducer.cpp:1400] Warning: find_unused_parameters=True was specified in DDP constructor, but did not find any unused parameters in the forward pass. This flag results in an extra traversal of the autograd graph every iteration,  which can adversely affect performance. If your model indeed never has any unused parameters in the forward pass, consider turning this flag off. Note that this warning may be a false positive if your model has flow control causing later iterations to have unused parameters. (function operator())
[INFO] 2.622403621673584
[INFO] Epoch:0 (1/147) Data: 107.027590s | Batch: 107.911s | future_traj_r_loss: 0.368 | future_traj_l_loss: 0.210 | rec_r_loss: 1.001| rec_l_loss: 1.005| total_loss: 2.622 | future_valid_r: 29.0 | future_valid_l: 31.0 | obj_loss: 0.505 
[INFO] 2.3233745098114014
[INFO] Epoch:0 (2/147) Data: 0.001426s | Batch: 54.053s | future_traj_r_loss: 0.195 | future_traj_l_loss: 0.457 | rec_r_loss: 0.715| rec_l_loss: 0.718| total_loss: 2.024 | future_valid_r: 31.0 | future_valid_l: 27.0 | obj_loss: 0.119 
[INFO] 2.062312444051107
[INFO] Epoch:0 (3/147) Data: 3.684693s | Batch: 37.309s | future_traj_r_loss: 0.167 | future_traj_l_loss: 0.252 | rec_r_loss: 0.513| rec_l_loss: 0.513| total_loss: 1.540 | future_valid_r: 31.0 | future_valid_l: 31.0 | obj_loss: 0.153 
[INFO] 1.8981912732124329
[INFO] Epoch:0 (4/147) Data: 0.001190s | Batch: 28.020s | future_traj_r_loss: 0.225 | future_traj_l_loss: 0.370 | rec_r_loss: 0.380| rec_l_loss: 0.377| total_loss: 1.406 | future_valid_r: 29.0 | future_valid_l: 31.0 | obj_loss: 0.093 
[INFO] 1.747930073738098
[INFO] Epoch:0 (5/147) Data: 0.001324s | Batch: 22.444s | future_traj_r_loss: 0.244 | future_traj_l_loss: 0.242 | rec_r_loss: 0.292| rec_l_loss: 0.296| total_loss: 1.147 | future_valid_r: 30.0 | future_valid_l: 31.0 | obj_loss: 0.077 
[INFO] 1.645394782225291
[INFO] Epoch:0 (6/147) Data: 0.001356s | Batch: 18.728s | future_traj_r_loss: 0.291 | future_traj_l_loss: 0.267 | rec_r_loss: 0.232| rec_l_loss: 0.233| total_loss: 1.133 | future_valid_r: 31.0 | future_valid_l: 30.0 | obj_loss: 0.128 
[INFO] 1.5534150430134364
[INFO] Epoch:0 (7/147) Data: 0.001565s | Batch: 16.074s | future_traj_r_loss: 0.207 | future_traj_l_loss: 0.237 | rec_r_loss: 0.238| rec_l_loss: 0.238| total_loss: 1.002 | future_valid_r: 32.0 | future_valid_l: 30.0 | obj_loss: 0.109 
[INFO] 1.476146787405014
[INFO] Epoch:0 (8/147) Data: 0.001683s | Batch: 14.083s | future_traj_r_loss: 0.186 | future_traj_l_loss: 0.279 | rec_r_loss: 0.227| rec_l_loss: 0.222| total_loss: 0.935 | future_valid_r: 29.0 | future_valid_l: 29.0 | obj_loss: 0.082 
[INFO] 1.4382594691382513
[INFO] Epoch:0 (9/147) Data: 0.001108s | Batch: 12.534s | future_traj_r_loss: 0.268 | future_traj_l_loss: 0.355 | rec_r_loss: 0.222| rec_l_loss: 0.231| total_loss: 1.135 | future_valid_r: 30.0 | future_valid_l: 28.0 | obj_loss: 0.167 
[INFO] 1.3988676071166992
[INFO] Epoch:0 (10/147) Data: 0.001177s | Batch: 11.296s | future_traj_r_loss: 0.211 | future_traj_l_loss: 0.257 | rec_r_loss: 0.247| rec_l_loss: 0.247| total_loss: 1.044 | future_valid_r: 31.0 | future_valid_l: 30.0 | obj_loss: 0.117 
[INFO] 1.3715460733933882
[INFO] Epoch:0 (11/147) Data: 0.001319s | Batch: 10.281s | future_traj_r_loss: 0.274 | future_traj_l_loss: 0.313 | rec_r_loss: 0.196| rec_l_loss: 0.198| total_loss: 1.098 | future_valid_r: 32.0 | future_valid_l: 30.0 | obj_loss: 0.101 
[INFO] 1.3328585575024288
[INFO] Epoch:0 (12/147) Data: 0.002064s | Batch: 9.437s | future_traj_r_loss: 0.210 | future_traj_l_loss: 0.251 | rec_r_loss: 0.188| rec_l_loss: 0.189| total_loss: 0.907 | future_valid_r: 30.0 | future_valid_l: 30.0 | obj_loss: 0.113 
[INFO] 1.3045724584506109
[INFO] Epoch:0 (13/147) Data: 0.001586s | Batch: 8.722s | future_traj_r_loss: 0.294 | future_traj_l_loss: 0.230 | rec_r_loss: 0.159| rec_l_loss: 0.158| total_loss: 0.965 | future_valid_r: 32.0 | future_valid_l: 30.0 | obj_loss: 0.144 
[INFO] 1.2787691056728363
[INFO] Epoch:0 (14/147) Data: 0.001159s | Batch: 8.110s | future_traj_r_loss: 0.253 | future_traj_l_loss: 0.274 | rec_r_loss: 0.162| rec_l_loss: 0.160| total_loss: 0.943 | future_valid_r: 31.0 | future_valid_l: 30.0 | obj_loss: 0.107 
[INFO] 1.2576779166857401
[INFO] Epoch:0 (15/147) Data: 0.001659s | Batch: 7.581s | future_traj_r_loss: 0.264 | future_traj_l_loss: 0.249 | rec_r_loss: 0.155| rec_l_loss: 0.155| total_loss: 0.962 | future_valid_r: 32.0 | future_valid_l: 32.0 | obj_loss: 0.106 
[INFO] 1.2437341324985027
[INFO] Epoch:0 (16/147) Data: 0.001241s | Batch: 7.115s | future_traj_r_loss: 0.296 | future_traj_l_loss: 0.300 | rec_r_loss: 0.157| rec_l_loss: 0.156| total_loss: 1.035 | future_valid_r: 31.0 | future_valid_l: 31.0 | obj_loss: 0.096 
[INFO] 1.2245303357348722
[INFO] Epoch:0 (17/147) Data: 101.617157s | Batch: 12.683s | future_traj_r_loss: 0.199 | future_traj_l_loss: 0.299 | rec_r_loss: 0.153| rec_l_loss: 0.154| total_loss: 0.917 | future_valid_r: 30.0 | future_valid_l: 32.0 | obj_loss: 0.104 
[INFO] 1.2012149790922801
[INFO] Epoch:0 (18/147) Data: 0.001216s | Batch: 11.986s | future_traj_r_loss: 0.247 | future_traj_l_loss: 0.209 | rec_r_loss: 0.142| rec_l_loss: 0.144| total_loss: 0.805 | future_valid_r: 28.0 | future_valid_l: 32.0 | obj_loss: 0.112 
[INFO] 1.1794140997685885
[INFO] Epoch:0 (19/147) Data: 4.727320s | Batch: 11.611s | future_traj_r_loss: 0.169 | future_traj_l_loss: 0.252 | rec_r_loss: 0.149| rec_l_loss: 0.154| total_loss: 0.787 | future_valid_r: 29.0 | future_valid_l: 31.0 | obj_loss: 0.079 
[INFO] 1.1609789282083511
[INFO] Epoch:0 (20/147) Data: 0.001257s | Batch: 11.038s | future_traj_r_loss: 0.146 | future_traj_l_loss: 0.299 | rec_r_loss: 0.141| rec_l_loss: 0.140| total_loss: 0.811 | future_valid_r: 30.0 | future_valid_l: 31.0 | obj_loss: 0.087 
[INFO] 1.1413969000180562
[INFO] Epoch:0 (21/147) Data: 1.986904s | Batch: 10.614s | future_traj_r_loss: 0.184 | future_traj_l_loss: 0.203 | rec_r_loss: 0.135| rec_l_loss: 0.136| total_loss: 0.750 | future_valid_r: 31.0 | future_valid_l: 32.0 | obj_loss: 0.069 
[INFO] 1.1252429024739699
[INFO] Epoch:0 (22/147) Data: 0.001368s | Batch: 10.137s | future_traj_r_loss: 0.269 | future_traj_l_loss: 0.185 | rec_r_loss: 0.129| rec_l_loss: 0.130| total_loss: 0.786 | future_valid_r: 31.0 | future_valid_l: 29.0 | obj_loss: 0.103 
[INFO] 1.1127857125323752
[INFO] Epoch:0 (23/147) Data: 0.001448s | Batch: 9.703s | future_traj_r_loss: 0.231 | future_traj_l_loss: 0.250 | rec_r_loss: 0.131| rec_l_loss: 0.130| total_loss: 0.839 | future_valid_r: 32.0 | future_valid_l: 30.0 | obj_loss: 0.114 
[INFO] 1.0986194610595703
[INFO] Epoch:0 (24/147) Data: 0.001577s | Batch: 9.304s | future_traj_r_loss: 0.222 | future_traj_l_loss: 0.227 | rec_r_loss: 0.116| rec_l_loss: 0.119| total_loss: 0.773 | future_valid_r: 30.0 | future_valid_l: 31.0 | obj_loss: 0.128 
[INFO] 1.0915429449081422
[INFO] Epoch:0 (25/147) Data: 0.001453s | Batch: 8.938s | future_traj_r_loss: 0.265 | future_traj_l_loss: 0.340 | rec_r_loss: 0.122| rec_l_loss: 0.122| total_loss: 0.922 | future_valid_r: 27.0 | future_valid_l: 31.0 | obj_loss: 0.094 
[INFO] 1.0801628002753625
[INFO] Epoch:0 (26/147) Data: 0.001326s | Batch: 8.599s | future_traj_r_loss: 0.186 | future_traj_l_loss: 0.262 | rec_r_loss: 0.123| rec_l_loss: 0.122| total_loss: 0.796 | future_valid_r: 31.0 | future_valid_l: 32.0 | obj_loss: 0.044 
[INFO] 1.0758260488510132
[INFO] Epoch:0 (27/147) Data: 0.001648s | Batch: 8.286s | future_traj_r_loss: 0.232 | future_traj_l_loss: 0.388 | rec_r_loss: 0.125| rec_l_loss: 0.124| total_loss: 0.963 | future_valid_r: 30.0 | future_valid_l: 30.0 | obj_loss: 0.121 
[INFO] 1.0612611451319285
[INFO] Epoch:0 (28/147) Data: 0.001226s | Batch: 7.996s | future_traj_r_loss: 0.178 | future_traj_l_loss: 0.193 | rec_r_loss: 0.111| rec_l_loss: 0.111| total_loss: 0.668 | future_valid_r: 31.0 | future_valid_l: 31.0 | obj_loss: 0.071 
[INFO] 1.0476731514108593
[INFO] Epoch:0 (29/147) Data: 0.001554s | Batch: 7.725s | future_traj_r_loss: 0.196 | future_traj_l_loss: 0.185 | rec_r_loss: 0.110| rec_l_loss: 0.110| total_loss: 0.667 | future_valid_r: 30.0 | future_valid_l: 31.0 | obj_loss: 0.072 
[INFO] 1.037619698047638
[INFO] Epoch:0 (30/147) Data: 0.001300s | Batch: 7.472s | future_traj_r_loss: 0.178 | future_traj_l_loss: 0.254 | rec_r_loss: 0.112| rec_l_loss: 0.112| total_loss: 0.746 | future_valid_r: 32.0 | future_valid_l: 30.0 | obj_loss: 0.066 
[INFO] 1.0308852272648965
[INFO] Epoch:0 (31/147) Data: 0.002321s | Batch: 7.236s | future_traj_r_loss: 0.189 | future_traj_l_loss: 0.333 | rec_r_loss: 0.106| rec_l_loss: 0.105| total_loss: 0.829 | future_valid_r: 30.0 | future_valid_l: 31.0 | obj_loss: 0.078 
[INFO] 1.0235752277076244
[INFO] Epoch:0 (32/147) Data: 0.001364s | Batch: 7.014s | future_traj_r_loss: 0.244 | future_traj_l_loss: 0.277 | rec_r_loss: 0.104| rec_l_loss: 0.104| total_loss: 0.797 | future_valid_r: 30.0 | future_valid_l: 29.0 | obj_loss: 0.078 
[INFO] 1.0192909222660642
[INFO] Epoch:0 (33/147) Data: 99.493132s | Batch: 9.820s | future_traj_r_loss: 0.255 | future_traj_l_loss: 0.286 | rec_r_loss: 0.108| rec_l_loss: 0.108| total_loss: 0.882 | future_valid_r: 32.0 | future_valid_l: 31.0 | obj_loss: 0.097 
[INFO] 1.012843487893834
[INFO] Epoch:0 (34/147) Data: 1.710674s | Batch: 9.586s | future_traj_r_loss: 0.229 | future_traj_l_loss: 0.261 | rec_r_loss: 0.103| rec_l_loss: 0.102| total_loss: 0.800 | future_valid_r: 30.0 | future_valid_l: 32.0 | obj_loss: 0.080 
[INFO] 1.008006979737963
[INFO] Epoch:0 (35/147) Data: 2.982298s | Batch: 9.402s | future_traj_r_loss: 0.208 | future_traj_l_loss: 0.313 | rec_r_loss: 0.106| rec_l_loss: 0.106| total_loss: 0.844 | future_valid_r: 31.0 | future_valid_l: 31.0 | obj_loss: 0.083 
[INFO] 1.003190517425537
[INFO] Epoch:0 (36/147) Data: 0.002278s | Batch: 9.145s | future_traj_r_loss: 0.175 | future_traj_l_loss: 0.348 | rec_r_loss: 0.102| rec_l_loss: 0.102| total_loss: 0.835 | future_valid_r: 29.0 | future_valid_l: 32.0 | obj_loss: 0.059 
[INFO] 0.9957116423426448
[INFO] Epoch:0 (37/147) Data: 2.448210s | Batch: 8.967s | future_traj_r_loss: 0.222 | future_traj_l_loss: 0.211 | rec_r_loss: 0.100| rec_l_loss: 0.100| total_loss: 0.726 | future_valid_r: 31.0 | future_valid_l: 31.0 | obj_loss: 0.074 
[INFO] 0.9908471201595507
[INFO] Epoch:0 (38/147) Data: 0.001297s | Batch: 8.735s | future_traj_r_loss: 0.296 | future_traj_l_loss: 0.216 | rec_r_loss: 0.096| rec_l_loss: 0.096| total_loss: 0.811 | future_valid_r: 31.0 | future_valid_l: 31.0 | obj_loss: 0.096 
[INFO] 0.9840631515551836
[INFO] Epoch:0 (39/147) Data: 0.001114s | Batch: 8.516s | future_traj_r_loss: 0.207 | future_traj_l_loss: 0.246 | rec_r_loss: 0.095| rec_l_loss: 0.095| total_loss: 0.726 | future_valid_r: 30.0 | future_valid_l: 31.0 | obj_loss: 0.097 
[INFO] 0.9794823184609414
[INFO] Epoch:0 (40/147) Data: 0.351562s | Batch: 8.315s | future_traj_r_loss: 0.214 | future_traj_l_loss: 0.304 | rec_r_loss: 0.099| rec_l_loss: 0.100| total_loss: 0.801 | future_valid_r: 30.0 | future_valid_l: 31.0 | obj_loss: 0.050 
[INFO] 0.9728542479073129
[INFO] Epoch:0 (41/147) Data: 0.001367s | Batch: 8.116s | future_traj_r_loss: 0.166 | future_traj_l_loss: 0.278 | rec_r_loss: 0.091| rec_l_loss: 0.092| total_loss: 0.708 | future_valid_r: 30.0 | future_valid_l: 31.0 | obj_loss: 0.067 
[INFO] 0.9686114277158465
[INFO] Epoch:0 (42/147) Data: 0.001653s | Batch: 7.926s | future_traj_r_loss: 0.188 | future_traj_l_loss: 0.332 | rec_r_loss: 0.093| rec_l_loss: 0.093| total_loss: 0.795 | future_valid_r: 29.0 | future_valid_l: 31.0 | obj_loss: 0.077 
[INFO] 0.9630607865577521
[INFO] Epoch:0 (43/147) Data: 0.001221s | Batch: 7.745s | future_traj_r_loss: 0.227 | future_traj_l_loss: 0.237 | rec_r_loss: 0.095| rec_l_loss: 0.095| total_loss: 0.730 | future_valid_r: 30.0 | future_valid_l: 31.0 | obj_loss: 0.064 
[INFO] 0.9579381875016473
[INFO] Epoch:0 (44/147) Data: 0.001697s | Batch: 7.572s | future_traj_r_loss: 0.209 | future_traj_l_loss: 0.251 | rec_r_loss: 0.091| rec_l_loss: 0.093| total_loss: 0.738 | future_valid_r: 30.0 | future_valid_l: 32.0 | obj_loss: 0.066 
[INFO] 0.9530757546424866
[INFO] Epoch:0 (45/147) Data: 0.001274s | Batch: 7.407s | future_traj_r_loss: 0.260 | future_traj_l_loss: 0.221 | rec_r_loss: 0.094| rec_l_loss: 0.093| total_loss: 0.739 | future_valid_r: 29.0 | future_valid_l: 31.0 | obj_loss: 0.082 
[INFO] 0.9524615445862645
[INFO] Epoch:0 (46/147) Data: 0.001339s | Batch: 7.249s | future_traj_r_loss: 0.300 | future_traj_l_loss: 0.304 | rec_r_loss: 0.094| rec_l_loss: 0.094| total_loss: 0.925 | future_valid_r: 31.0 | future_valid_l: 32.0 | obj_loss: 0.062 
[INFO] 0.9482515073837118
[INFO] Epoch:0 (47/147) Data: 0.001254s | Batch: 7.098s | future_traj_r_loss: 0.269 | future_traj_l_loss: 0.227 | rec_r_loss: 0.089| rec_l_loss: 0.089| total_loss: 0.755 | future_valid_r: 31.0 | future_valid_l: 29.0 | obj_loss: 0.076 
[INFO] 0.9454574969907602
[INFO] Epoch:0 (48/147) Data: 0.001189s | Batch: 6.953s | future_traj_r_loss: 0.300 | future_traj_l_loss: 0.246 | rec_r_loss: 0.091| rec_l_loss: 0.091| total_loss: 0.814 | future_valid_r: 29.0 | future_valid_l: 32.0 | obj_loss: 0.053 
[INFO] 0.9415652131547734
[INFO] Epoch:0 (49/147) Data: 101.289357s | Batch: 8.881s | future_traj_r_loss: 0.234 | future_traj_l_loss: 0.265 | rec_r_loss: 0.085| rec_l_loss: 0.087| total_loss: 0.755 | future_valid_r: 30.0 | future_valid_l: 31.0 | obj_loss: 0.062 
[INFO] 0.9394585609436035
[INFO] Epoch:0 (50/147) Data: 0.001595s | Batch: 8.707s | future_traj_r_loss: 0.221 | future_traj_l_loss: 0.343 | rec_r_loss: 0.086| rec_l_loss: 0.088| total_loss: 0.836 | future_valid_r: 31.0 | future_valid_l: 30.0 | obj_loss: 0.096 
[INFO] 0.9346529923233331
[INFO] Epoch:0 (51/147) Data: 3.521290s | Batch: 8.608s | future_traj_r_loss: 0.202 | future_traj_l_loss: 0.247 | rec_r_loss: 0.090| rec_l_loss: 0.088| total_loss: 0.694 | future_valid_r: 31.0 | future_valid_l: 29.0 | obj_loss: 0.057 
[INFO] 0.9308761564584879
[INFO] Epoch:0 (52/147) Data: 0.015558s | Batch: 8.446s | future_traj_r_loss: 0.179 | future_traj_l_loss: 0.305 | rec_r_loss: 0.084| rec_l_loss: 0.085| total_loss: 0.738 | future_valid_r: 31.0 | future_valid_l: 30.0 | obj_loss: 0.075 
[INFO] 0.9265661790685834
[INFO] Epoch:0 (53/147) Data: 1.282058s | Batch: 8.313s | future_traj_r_loss: 0.203 | future_traj_l_loss: 0.270 | rec_r_loss: 0.086| rec_l_loss: 0.087| total_loss: 0.702 | future_valid_r: 27.0 | future_valid_l: 31.0 | obj_loss: 0.090 
[INFO] 0.9247574066674268
[INFO] Epoch:0 (54/147) Data: 0.001153s | Batch: 8.162s | future_traj_r_loss: 0.238 | future_traj_l_loss: 0.336 | rec_r_loss: 0.090| rec_l_loss: 0.089| total_loss: 0.829 | future_valid_r: 32.0 | future_valid_l: 28.0 | obj_loss: 0.071 
[INFO] 0.9212201302701777
[INFO] Epoch:0 (55/147) Data: 0.001298s | Batch: 8.016s | future_traj_r_loss: 0.199 | future_traj_l_loss: 0.255 | rec_r_loss: 0.087| rec_l_loss: 0.087| total_loss: 0.730 | future_valid_r: 32.0 | future_valid_l: 31.0 | obj_loss: 0.059 
[INFO] 0.9180231275303024
[INFO] Epoch:0 (56/147) Data: 0.001537s | Batch: 7.876s | future_traj_r_loss: 0.204 | future_traj_l_loss: 0.297 | rec_r_loss: 0.084| rec_l_loss: 0.084| total_loss: 0.742 | future_valid_r: 30.0 | future_valid_l: 30.0 | obj_loss: 0.086 
[INFO] 0.91512573079059
[INFO] Epoch:0 (57/147) Data: 0.003046s | Batch: 7.740s | future_traj_r_loss: 0.243 | future_traj_l_loss: 0.244 | rec_r_loss: 0.086| rec_l_loss: 0.085| total_loss: 0.753 | future_valid_r: 31.0 | future_valid_l: 31.0 | obj_loss: 0.056 
[INFO] 0.913236187449817
[INFO] Epoch:0 (58/147) Data: 0.001118s | Batch: 7.609s | future_traj_r_loss: 0.231 | future_traj_l_loss: 0.314 | rec_r_loss: 0.087| rec_l_loss: 0.087| total_loss: 0.806 | future_valid_r: 30.0 | future_valid_l: 30.0 | obj_loss: 0.103 
[INFO] 0.90929162401264
[INFO] Epoch:0 (59/147) Data: 0.001175s | Batch: 7.483s | future_traj_r_loss: 0.259 | future_traj_l_loss: 0.169 | rec_r_loss: 0.083| rec_l_loss: 0.083| total_loss: 0.681 | future_valid_r: 31.0 | future_valid_l: 31.0 | obj_loss: 0.092 
[INFO] 0.9045145223538081
[INFO] Epoch:0 (60/147) Data: 0.002625s | Batch: 7.361s | future_traj_r_loss: 0.180 | future_traj_l_loss: 0.195 | rec_r_loss: 0.080| rec_l_loss: 0.080| total_loss: 0.623 | future_valid_r: 32.0 | future_valid_l: 32.0 | obj_loss: 0.043 
[INFO] 0.9010884322103907
[INFO] Epoch:0 (61/147) Data: 0.002655s | Batch: 7.243s | future_traj_r_loss: 0.204 | future_traj_l_loss: 0.244 | rec_r_loss: 0.082| rec_l_loss: 0.081| total_loss: 0.696 | future_valid_r: 30.0 | future_valid_l: 32.0 | obj_loss: 0.070 
[INFO] 0.8975092739828171
[INFO] Epoch:0 (62/147) Data: 0.001531s | Batch: 7.128s | future_traj_r_loss: 0.232 | future_traj_l_loss: 0.241 | rec_r_loss: 0.080| rec_l_loss: 0.080| total_loss: 0.679 | future_valid_r: 30.0 | future_valid_l: 28.0 | obj_loss: 0.110 
[INFO] 0.8944368759791056
[INFO] Epoch:0 (63/147) Data: 0.001338s | Batch: 7.017s | future_traj_r_loss: 0.172 | future_traj_l_loss: 0.273 | rec_r_loss: 0.080| rec_l_loss: 0.081| total_loss: 0.704 | future_valid_r: 31.0 | future_valid_l: 32.0 | obj_loss: 0.051 
[INFO] 0.8928612917661667
[INFO] Epoch:0 (64/147) Data: 0.001419s | Batch: 6.909s | future_traj_r_loss: 0.198 | future_traj_l_loss: 0.337 | rec_r_loss: 0.080| rec_l_loss: 0.080| total_loss: 0.794 | future_valid_r: 31.0 | future_valid_l: 31.0 | obj_loss: 0.059 
[INFO] 0.8903765073189369
[INFO] Epoch:0 (65/147) Data: 102.808264s | Batch: 8.387s | future_traj_r_loss: 0.254 | future_traj_l_loss: 0.249 | rec_r_loss: 0.074| rec_l_loss: 0.075| total_loss: 0.731 | future_valid_r: 31.0 | future_valid_l: 29.0 | obj_loss: 0.075 
[INFO] 0.8881271662134113
[INFO] Epoch:0 (66/147) Data: 0.001454s | Batch: 8.262s | future_traj_r_loss: 0.214 | future_traj_l_loss: 0.308 | rec_r_loss: 0.079| rec_l_loss: 0.080| total_loss: 0.742 | future_valid_r: 30.0 | future_valid_l: 29.0 | obj_loss: 0.091 
[INFO] 0.8877495456097731
[INFO] Epoch:0 (67/147) Data: 0.001277s | Batch: 8.141s | future_traj_r_loss: 0.242 | future_traj_l_loss: 0.347 | rec_r_loss: 0.079| rec_l_loss: 0.080| total_loss: 0.863 | future_valid_r: 30.0 | future_valid_l: 31.0 | obj_loss: 0.107 
[INFO] 0.8854579136652105
[INFO] Epoch:0 (68/147) Data: 3.074830s | Batch: 8.068s | future_traj_r_loss: 0.229 | future_traj_l_loss: 0.293 | rec_r_loss: 0.082| rec_l_loss: 0.081| total_loss: 0.732 | future_valid_r: 27.0 | future_valid_l: 31.0 | obj_loss: 0.051 
[INFO] 0.8839742359907731
[INFO] Epoch:0 (69/147) Data: 1.779885s | Batch: 7.979s | future_traj_r_loss: 0.281 | future_traj_l_loss: 0.239 | rec_r_loss: 0.080| rec_l_loss: 0.080| total_loss: 0.783 | future_valid_r: 31.0 | future_valid_l: 31.0 | obj_loss: 0.062 
[INFO] 0.8814441101891654
[INFO] Epoch:0 (70/147) Data: 0.001399s | Batch: 7.867s | future_traj_r_loss: 0.233 | future_traj_l_loss: 0.239 | rec_r_loss: 0.074| rec_l_loss: 0.075| total_loss: 0.707 | future_valid_r: 29.0 | future_valid_l: 32.0 | obj_loss: 0.062 
[rank0]: Traceback (most recent call last):
[rank0]:   File "/home/u6cu/sx2022.u6cu/Diff-IP2D/traineval.py", line 182, in <module>
[rank0]:     main(args)
[rank0]:   File "/home/u6cu/sx2022.u6cu/Diff-IP2D/traineval.py", line 164, in main
[rank0]:     ).run_loop()
[rank0]:   File "/home/u6cu/sx2022.u6cu/Diff-IP2D/netscripts/epoch_feat.py", line 312, in run_loop
[rank0]:     self.epoch_pass(
[rank0]:   File "/home/u6cu/sx2022.u6cu/Diff-IP2D/netscripts/epoch_feat.py", line 337, in epoch_pass
[rank0]:     for batch_idx, sample in enumerate(self.loader):
[rank0]:   File "/scratch/u6cu/sx2022.u6cu/miniconda3/envs/diffip/lib/python3.10/site-packages/torch/utils/data/dataloader.py", line 701, in __next__
[rank0]:     data = self._next_data()
[rank0]:   File "/scratch/u6cu/sx2022.u6cu/miniconda3/envs/diffip/lib/python3.10/site-packages/torch/utils/data/dataloader.py", line 1445, in _next_data
[rank0]:     return self._process_data(data)
[rank0]:   File "/scratch/u6cu/sx2022.u6cu/miniconda3/envs/diffip/lib/python3.10/site-packages/torch/utils/data/dataloader.py", line 1491, in _process_data
[rank0]:     data.reraise()
[rank0]:   File "/scratch/u6cu/sx2022.u6cu/miniconda3/envs/diffip/lib/python3.10/site-packages/torch/_utils.py", line 715, in reraise
[rank0]:     raise exception
[rank0]: EOFError: Caught EOFError in DataLoader worker process 6.
[rank0]: Original Traceback (most recent call last):
[rank0]:   File "/scratch/u6cu/sx2022.u6cu/miniconda3/envs/diffip/lib/python3.10/site-packages/torch/utils/data/_utils/worker.py", line 351, in _worker_loop
[rank0]:     data = fetcher.fetch(index)  # type: ignore[possibly-undefined]
[rank0]:   File "/scratch/u6cu/sx2022.u6cu/miniconda3/envs/diffip/lib/python3.10/site-packages/torch/utils/data/_utils/fetch.py", line 52, in fetch
[rank0]:     data = [self.dataset[idx] for idx in possibly_batched_index]
[rank0]:   File "/scratch/u6cu/sx2022.u6cu/miniconda3/envs/diffip/lib/python3.10/site-packages/torch/utils/data/_utils/fetch.py", line 52, in <listcomp>
[rank0]:     data = [self.dataset[idx] for idx in possibly_batched_index]
[rank0]:   File "/home/u6cu/sx2022.u6cu/Diff-IP2D/datasets/holoaders.py", line 492, in __getitem__
[rank0]:     inputs = self.loader(a)
[rank0]:   File "/home/u6cu/sx2022.u6cu/Diff-IP2D/datasets/input_loaders.py", line 96, in __call__
[rank0]:     out.update(loader(action))
[rank0]:   File "/home/u6cu/sx2022.u6cu/Diff-IP2D/datasets/input_loaders.py", line 96, in __call__
[rank0]:     out.update(loader(action))
[rank0]:   File "/home/u6cu/sx2022.u6cu/Diff-IP2D/datasets/holoaders.py", line 269, in __call__
[rank0]:     homography_stack = np.load(file_path)
[rank0]:   File "/scratch/u6cu/sx2022.u6cu/miniconda3/envs/diffip/lib/python3.10/site-packages/numpy/lib/_npyio_impl.py", line 460, in load
[rank0]:     raise EOFError("No data left in file")
[rank0]: EOFError: No data left in file

[rank0]:[W422 04:01:09.718660525 ProcessGroupNCCL.cpp:1250] Warning: WARNING: process group has NOT been destroyed before we destruct ProcessGroupNCCL. On normal program exit, the application should call destroy_process_group to ensure that any pending NCCL operations have finished in this process. In rare cases this process can exit before this point and block the progress of another member of the process group. This constraint has always been present,  but this warning has only been added since PyTorch 2.4 (function operator())
/scratch/u6cu/sx2022.u6cu/miniconda3/envs/diffip/lib/python3.10/site-packages/torch/distributed/launch.py:208: FutureWarning: The module torch.distributed.launch is deprecated
and will be removed in future. Use torchrun.
Note that --use-env is set by default in torchrun.
If your script expects `--local-rank` argument to be set, please
change it to read from `os.environ['LOCAL_RANK']` instead. See 
https://pytorch.org/docs/stable/distributed.html#launch-utility for 
further instructions

  main()
[INFO] use batch size: 16
[INFO] diffusion setups
================= 
{'hidden_t_dim': 512, 'hidden_dim': 512, 'vocab_size': None, 'config_name': 'huggingface-config', 'use_plm_init': 'no', 'dropout': 0.1, 'diffusion_steps': 1000, 'noise_schedule': 'sqrt', 'learn_sigma': False, 'timestep_respacing': '', 'predict_xstart': True, 'rescale_timesteps': True, 'sigma_small': False, 'rescale_learned_sigmas': False, 'use_kl': False, 'sf_encoder_hidden': 64, 'traj_decoder_hidden1': 256, 'traj_decoder_hidden2': 64, 'motion_encoder_hidden': 64, 'madt_depth': 6, 'use_gaze': False, 'T_max': 64, 'gaze_coord_only': False, 'gaze_fusion_only': False, 'gaze_alpha_clamp': 0.0, 'gaze_last_n_blocks': 0, 'gaze_fixed_delta': 0, 'gaze_bias_init_delta': 0, 'gaze_bias_init_amp': 2.0, 'gaze_before_motion': False} 
=================
[INFO] finish building diffusion model!
[INFO] finish building schedule sampler!
Loading validation samples:   0%|          | 0/904 [00:00<?, ?it/s]Loading validation samples: 100%|██████████| 904/904 [00:00<00:00, 11998.25it/s]
Loading eval samples:   0%|          | 0/2584 [00:00<?, ?it/s]Loading eval samples:  54%|█████▍    | 1397/2584 [00:00<00:00, 13102.83it/s]Loading eval samples: 100%|██████████| 2584/2584 [00:00<00:00, 13231.63it/s]
[rank0]: Traceback (most recent call last):
[rank0]:   File "/home/u6cu/sx2022.u6cu/Diff-IP2D/traineval.py", line 182, in <module>
[rank0]:     main(args)
[rank0]:   File "/home/u6cu/sx2022.u6cu/Diff-IP2D/traineval.py", line 126, in main
[rank0]:     TrainValLoop(
[rank0]:   File "/home/u6cu/sx2022.u6cu/Diff-IP2D/netscripts/epoch_feat.py", line 248, in __init__
[rank0]:     self.start_epoch = modelio.load_checkpoint_by_name(self.sf_encoder, resume_path=resume[0], state_dict_name="sf_encoder_state_dict", strict=False, device=dist_util.dev())
[rank0]:   File "/home/u6cu/sx2022.u6cu/Diff-IP2D/netscripts/modelio.py", line 50, in load_checkpoint_by_name
[rank0]:     raise ValueError("=> no checkpoint found at '{}'".format(resume_path))
[rank0]: ValueError: => no checkpoint found at './diffip_weights/checkpoint_30.pth.tar'
[rank0]:[W422 04:01:21.125954059 ProcessGroupNCCL.cpp:1250] Warning: WARNING: process group has NOT been destroyed before we destruct ProcessGroupNCCL. On normal program exit, the application should call destroy_process_group to ensure that any pending NCCL operations have finished in this process. In rare cases this process can exit before this point and block the progress of another member of the process group. This constraint has always been present,  but this warning has only been added since PyTorch 2.4 (function operator())
/scratch/u6cu/sx2022.u6cu/miniconda3/envs/diffip/lib/python3.10/site-packages/torch/distributed/launch.py:208: FutureWarning: The module torch.distributed.launch is deprecated
and will be removed in future. Use torchrun.
Note that --use-env is set by default in torchrun.
If your script expects `--local-rank` argument to be set, please
change it to read from `os.environ['LOCAL_RANK']` instead. See 
https://pytorch.org/docs/stable/distributed.html#launch-utility for 
further instructions

  main()
[INFO] use batch size: 16
[INFO] diffusion setups
================= 
{'hidden_t_dim': 512, 'hidden_dim': 512, 'vocab_size': None, 'config_name': 'huggingface-config', 'use_plm_init': 'no', 'dropout': 0.1, 'diffusion_steps': 1000, 'noise_schedule': 'sqrt', 'learn_sigma': False, 'timestep_respacing': '', 'predict_xstart': True, 'rescale_timesteps': True, 'sigma_small': False, 'rescale_learned_sigmas': False, 'use_kl': False, 'sf_encoder_hidden': 64, 'traj_decoder_hidden1': 256, 'traj_decoder_hidden2': 64, 'motion_encoder_hidden': 64, 'madt_depth': 6, 'use_gaze': False, 'T_max': 64, 'gaze_coord_only': False, 'gaze_fusion_only': False, 'gaze_alpha_clamp': 0.0, 'gaze_last_n_blocks': 0, 'gaze_fixed_delta': 0, 'gaze_bias_init_delta': 0, 'gaze_bias_init_amp': 2.0, 'gaze_before_motion': False} 
=================
[INFO] finish building diffusion model!
[INFO] finish building schedule sampler!
Loading validation samples:   0%|          | 0/904 [00:00<?, ?it/s]Loading validation samples: 100%|██████████| 904/904 [00:00<00:00, 12152.22it/s]
Loading eval samples:   0%|          | 0/2584 [00:00<?, ?it/s]Loading eval samples:  54%|█████▍    | 1397/2584 [00:00<00:00, 13154.96it/s]Loading eval samples: 100%|██████████| 2584/2584 [00:00<00:00, 13393.36it/s]
[rank0]: Traceback (most recent call last):
[rank0]:   File "/home/u6cu/sx2022.u6cu/Diff-IP2D/traineval.py", line 182, in <module>
[rank0]:     main(args)
[rank0]:   File "/home/u6cu/sx2022.u6cu/Diff-IP2D/traineval.py", line 126, in main
[rank0]:     TrainValLoop(
[rank0]:   File "/home/u6cu/sx2022.u6cu/Diff-IP2D/netscripts/epoch_feat.py", line 248, in __init__
[rank0]:     self.start_epoch = modelio.load_checkpoint_by_name(self.sf_encoder, resume_path=resume[0], state_dict_name="sf_encoder_state_dict", strict=False, device=dist_util.dev())
[rank0]:   File "/home/u6cu/sx2022.u6cu/Diff-IP2D/netscripts/modelio.py", line 50, in load_checkpoint_by_name
[rank0]:     raise ValueError("=> no checkpoint found at '{}'".format(resume_path))
[rank0]: ValueError: => no checkpoint found at './diffip_weights/checkpoint_30.pth.tar'
[rank0]:[W422 04:01:32.054805033 ProcessGroupNCCL.cpp:1250] Warning: WARNING: process group has NOT been destroyed before we destruct ProcessGroupNCCL. On normal program exit, the application should call destroy_process_group to ensure that any pending NCCL operations have finished in this process. In rare cases this process can exit before this point and block the progress of another member of the process group. This constraint has always been present,  but this warning has only been added since PyTorch 2.4 (function operator())
