python traineval.py --ek_version=egtea --epochs=30 --batch_size=32 --num_classes=106 --seq_len_obs=10 --seq_len_unobs=3 --learnable_weight=True --use_gaze
training dataset size: 1880
evaluation dataset size: 69
Epoch:0 (1/59) Data: 3.678101s | Batch: 5.160s | future_traj_r_loss: 0.358 | future_traj_l_loss: 0.551 | rec_r_loss: 0.967| rec_l_loss: 0.973| total_loss: 2.341 | future_valid_r: 32.0 | future_valid_l: 16.0 | obj_loss: 0.514 
Epoch:0 (2/59) Data: 0.001154s | Batch: 2.645s | future_traj_r_loss: 0.225 | future_traj_l_loss: 0.136 | rec_r_loss: 0.831| rec_l_loss: 0.831| total_loss: 1.644 | future_valid_r: 32.0 | future_valid_l: 15.0 | obj_loss: 0.083 
Epoch:0 (3/59) Data: 0.000900s | Batch: 1.803s | future_traj_r_loss: 0.214 | future_traj_l_loss: 0.215 | rec_r_loss: 0.654| rec_l_loss: 0.639| total_loss: 1.377 | future_valid_r: 32.0 | future_valid_l: 14.0 | obj_loss: 0.198 
Epoch:0 (4/59) Data: 0.000854s | Batch: 1.380s | future_traj_r_loss: 0.091 | future_traj_l_loss: 0.201 | rec_r_loss: 0.518| rec_l_loss: 0.475| total_loss: 1.032 | future_valid_r: 32.0 | future_valid_l: 15.0 | obj_loss: 0.088 
Epoch:0 (5/59) Data: 0.000895s | Batch: 1.126s | future_traj_r_loss: 0.109 | future_traj_l_loss: 0.192 | rec_r_loss: 0.397| rec_l_loss: 0.403| total_loss: 0.712 | future_valid_r: 32.0 | future_valid_l: 7.0 | obj_loss: 0.134 
Epoch:0 (6/59) Data: 0.001000s | Batch: 0.957s | future_traj_r_loss: 0.115 | future_traj_l_loss: 0.164 | rec_r_loss: 0.289| rec_l_loss: 0.284| total_loss: 0.681 | future_valid_r: 32.0 | future_valid_l: 14.0 | obj_loss: 0.062 
Epoch:0 (7/59) Data: 0.000986s | Batch: 0.837s | future_traj_r_loss: 0.096 | future_traj_l_loss: 0.129 | rec_r_loss: 0.229| rec_l_loss: 0.241| total_loss: 0.603 | future_valid_r: 32.0 | future_valid_l: 17.0 | obj_loss: 0.060 
Epoch:0 (8/59) Data: 0.001053s | Batch: 0.747s | future_traj_r_loss: 0.182 | future_traj_l_loss: 0.182 | rec_r_loss: 0.254| rec_l_loss: 0.251| total_loss: 0.728 | future_valid_r: 32.0 | future_valid_l: 14.0 | obj_loss: 0.096 
Epoch:0 (9/59) Data: 0.001045s | Batch: 0.677s | future_traj_r_loss: 0.103 | future_traj_l_loss: 0.316 | rec_r_loss: 0.301| rec_l_loss: 0.384| total_loss: 0.726 | future_valid_r: 32.0 | future_valid_l: 11.0 | obj_loss: 0.065 
Epoch:0 (10/59) Data: 0.001005s | Batch: 0.622s | future_traj_r_loss: 0.147 | future_traj_l_loss: 0.260 | rec_r_loss: 0.257| rec_l_loss: 0.295| total_loss: 0.689 | future_valid_r: 32.0 | future_valid_l: 11.0 | obj_loss: 0.091 
Epoch:0 (11/59) Data: 0.000947s | Batch: 0.575s | future_traj_r_loss: 0.118 | future_traj_l_loss: 0.240 | rec_r_loss: 0.306| rec_l_loss: 0.279| total_loss: 0.738 | future_valid_r: 32.0 | future_valid_l: 14.0 | obj_loss: 0.085 
Epoch:0 (12/59) Data: 0.000912s | Batch: 0.537s | future_traj_r_loss: 0.074 | future_traj_l_loss: 0.221 | rec_r_loss: 0.206| rec_l_loss: 0.197| total_loss: 0.627 | future_valid_r: 32.0 | future_valid_l: 20.0 | obj_loss: 0.062 
Epoch:0 (13/59) Data: 0.001129s | Batch: 0.504s | future_traj_r_loss: 0.129 | future_traj_l_loss: 0.292 | rec_r_loss: 0.219| rec_l_loss: 0.190| total_loss: 0.597 | future_valid_r: 32.0 | future_valid_l: 11.0 | obj_loss: 0.123 
Epoch:0 (14/59) Data: 0.000968s | Batch: 0.477s | future_traj_r_loss: 0.103 | future_traj_l_loss: 0.223 | rec_r_loss: 0.187| rec_l_loss: 0.193| total_loss: 0.542 | future_valid_r: 32.0 | future_valid_l: 13.0 | obj_loss: 0.074 
Epoch:0 (15/59) Data: 0.000955s | Batch: 0.453s | future_traj_r_loss: 0.148 | future_traj_l_loss: 0.192 | rec_r_loss: 0.171| rec_l_loss: 0.169| total_loss: 0.590 | future_valid_r: 32.0 | future_valid_l: 16.0 | obj_loss: 0.061 
Epoch:0 (16/59) Data: 0.000986s | Batch: 0.432s | future_traj_r_loss: 0.179 | future_traj_l_loss: 0.220 | rec_r_loss: 0.180| rec_l_loss: 0.161| total_loss: 0.610 | future_valid_r: 32.0 | future_valid_l: 13.0 | obj_loss: 0.108 
Epoch:0 (17/59) Data: 0.001067s | Batch: 0.413s | future_traj_r_loss: 0.138 | future_traj_l_loss: 0.149 | rec_r_loss: 0.176| rec_l_loss: 0.172| total_loss: 0.589 | future_valid_r: 32.0 | future_valid_l: 17.0 | obj_loss: 0.078 
Epoch:0 (18/59) Data: 0.001036s | Batch: 0.397s | future_traj_r_loss: 0.160 | future_traj_l_loss: 0.099 | rec_r_loss: 0.184| rec_l_loss: 0.170| total_loss: 0.524 | future_valid_r: 32.0 | future_valid_l: 11.0 | obj_loss: 0.091 
Epoch:0 (19/59) Data: 0.001048s | Batch: 0.382s | future_traj_r_loss: 0.133 | future_traj_l_loss: 0.102 | rec_r_loss: 0.189| rec_l_loss: 0.185| total_loss: 0.502 | future_valid_r: 32.0 | future_valid_l: 11.0 | obj_loss: 0.059 
Epoch:0 (20/59) Data: 0.000920s | Batch: 0.369s | future_traj_r_loss: 0.177 | future_traj_l_loss: 0.205 | rec_r_loss: 0.182| rec_l_loss: 0.172| total_loss: 0.565 | future_valid_r: 32.0 | future_valid_l: 10.0 | obj_loss: 0.067 
Epoch:0 (21/59) Data: 0.000902s | Batch: 0.357s | future_traj_r_loss: 0.093 | future_traj_l_loss: 0.183 | rec_r_loss: 0.176| rec_l_loss: 0.171| total_loss: 0.512 | future_valid_r: 32.0 | future_valid_l: 15.0 | obj_loss: 0.088 
Epoch:0 (22/59) Data: 0.000873s | Batch: 0.346s | future_traj_r_loss: 0.104 | future_traj_l_loss: 0.144 | rec_r_loss: 0.177| rec_l_loss: 0.169| total_loss: 0.461 | future_valid_r: 32.0 | future_valid_l: 12.0 | obj_loss: 0.089 
Epoch:0 (23/59) Data: 0.000923s | Batch: 0.336s | future_traj_r_loss: 0.079 | future_traj_l_loss: 0.179 | rec_r_loss: 0.166| rec_l_loss: 0.169| total_loss: 0.492 | future_valid_r: 32.0 | future_valid_l: 17.0 | obj_loss: 0.053 
Epoch:0 (24/59) Data: 0.000969s | Batch: 0.327s | future_traj_r_loss: 0.152 | future_traj_l_loss: 0.277 | rec_r_loss: 0.144| rec_l_loss: 0.140| total_loss: 0.631 | future_valid_r: 32.0 | future_valid_l: 18.0 | obj_loss: 0.049 
Epoch:0 (25/59) Data: 0.000928s | Batch: 0.318s | future_traj_r_loss: 0.098 | future_traj_l_loss: 0.129 | rec_r_loss: 0.144| rec_l_loss: 0.146| total_loss: 0.429 | future_valid_r: 32.0 | future_valid_l: 15.0 | obj_loss: 0.061 
Epoch:0 (26/59) Data: 0.001996s | Batch: 0.310s | future_traj_r_loss: 0.167 | future_traj_l_loss: 0.152 | rec_r_loss: 0.145| rec_l_loss: 0.152| total_loss: 0.506 | future_valid_r: 32.0 | future_valid_l: 12.0 | obj_loss: 0.084 
Epoch:0 (27/59) Data: 0.000926s | Batch: 0.303s | future_traj_r_loss: 0.144 | future_traj_l_loss: 0.136 | rec_r_loss: 0.163| rec_l_loss: 0.160| total_loss: 0.515 | future_valid_r: 32.0 | future_valid_l: 14.0 | obj_loss: 0.071 
Epoch:0 (28/59) Data: 0.000762s | Batch: 0.297s | future_traj_r_loss: 0.202 | future_traj_l_loss: 0.190 | rec_r_loss: 0.145| rec_l_loss: 0.134| total_loss: 0.579 | future_valid_r: 32.0 | future_valid_l: 14.0 | obj_loss: 0.061 
Epoch:0 (29/59) Data: 0.001782s | Batch: 0.291s | future_traj_r_loss: 0.127 | future_traj_l_loss: 0.095 | rec_r_loss: 0.147| rec_l_loss: 0.131| total_loss: 0.456 | future_valid_r: 32.0 | future_valid_l: 14.0 | obj_loss: 0.061 
Epoch:0 (30/59) Data: 0.000747s | Batch: 0.285s | future_traj_r_loss: 0.134 | future_traj_l_loss: 0.153 | rec_r_loss: 0.135| rec_l_loss: 0.138| total_loss: 0.496 | future_valid_r: 32.0 | future_valid_l: 17.0 | obj_loss: 0.047 
Epoch:0 (31/59) Data: 0.000731s | Batch: 0.279s | future_traj_r_loss: 0.088 | future_traj_l_loss: 0.160 | rec_r_loss: 0.137| rec_l_loss: 0.135| total_loss: 0.406 | future_valid_r: 32.0 | future_valid_l: 12.0 | obj_loss: 0.055 
Epoch:0 (32/59) Data: 0.000701s | Batch: 0.274s | future_traj_r_loss: 0.118 | future_traj_l_loss: 0.164 | rec_r_loss: 0.139| rec_l_loss: 0.133| total_loss: 0.445 | future_valid_r: 32.0 | future_valid_l: 13.0 | obj_loss: 0.054 
Epoch:0 (33/59) Data: 0.000777s | Batch: 0.269s | future_traj_r_loss: 0.169 | future_traj_l_loss: 0.164 | rec_r_loss: 0.125| rec_l_loss: 0.122| total_loss: 0.503 | future_valid_r: 32.0 | future_valid_l: 14.0 | obj_loss: 0.055 
Epoch:0 (34/59) Data: 0.000762s | Batch: 0.265s | future_traj_r_loss: 0.104 | future_traj_l_loss: 0.193 | rec_r_loss: 0.133| rec_l_loss: 0.132| total_loss: 0.467 | future_valid_r: 32.0 | future_valid_l: 15.0 | obj_loss: 0.037 
Epoch:0 (35/59) Data: 0.000762s | Batch: 0.260s | future_traj_r_loss: 0.148 | future_traj_l_loss: 0.241 | rec_r_loss: 0.135| rec_l_loss: 0.124| total_loss: 0.461 | future_valid_r: 32.0 | future_valid_l: 10.0 | obj_loss: 0.041 
Epoch:0 (36/59) Data: 0.000724s | Batch: 0.256s | future_traj_r_loss: 0.075 | future_traj_l_loss: 0.178 | rec_r_loss: 0.122| rec_l_loss: 0.115| total_loss: 0.413 | future_valid_r: 32.0 | future_valid_l: 17.0 | obj_loss: 0.025 
Epoch:0 (37/59) Data: 0.000765s | Batch: 0.252s | future_traj_r_loss: 0.118 | future_traj_l_loss: 0.171 | rec_r_loss: 0.122| rec_l_loss: 0.123| total_loss: 0.423 | future_valid_r: 32.0 | future_valid_l: 12.0 | obj_loss: 0.047 
Epoch:0 (38/59) Data: 0.000737s | Batch: 0.249s | future_traj_r_loss: 0.145 | future_traj_l_loss: 0.125 | rec_r_loss: 0.124| rec_l_loss: 0.117| total_loss: 0.402 | future_valid_r: 32.0 | future_valid_l: 10.0 | obj_loss: 0.047 
Epoch:0 (39/59) Data: 0.000754s | Batch: 0.245s | future_traj_r_loss: 0.126 | future_traj_l_loss: 0.200 | rec_r_loss: 0.121| rec_l_loss: 0.120| total_loss: 0.459 | future_valid_r: 32.0 | future_valid_l: 14.0 | obj_loss: 0.051 
Epoch:0 (40/59) Data: 0.000725s | Batch: 0.242s | future_traj_r_loss: 0.100 | future_traj_l_loss: 0.123 | rec_r_loss: 0.122| rec_l_loss: 0.121| total_loss: 0.365 | future_valid_r: 32.0 | future_valid_l: 11.0 | obj_loss: 0.045 
Epoch:0 (41/59) Data: 0.000719s | Batch: 0.239s | future_traj_r_loss: 0.144 | future_traj_l_loss: 0.235 | rec_r_loss: 0.122| rec_l_loss: 0.128| total_loss: 0.535 | future_valid_r: 32.0 | future_valid_l: 15.0 | obj_loss: 0.029 
Epoch:0 (42/59) Data: 0.000726s | Batch: 0.236s | future_traj_r_loss: 0.112 | future_traj_l_loss: 0.155 | rec_r_loss: 0.117| rec_l_loss: 0.115| total_loss: 0.411 | future_valid_r: 32.0 | future_valid_l: 14.0 | obj_loss: 0.041 
Epoch:0 (43/59) Data: 0.000728s | Batch: 0.233s | future_traj_r_loss: 0.118 | future_traj_l_loss: 0.179 | rec_r_loss: 0.116| rec_l_loss: 0.111| total_loss: 0.374 | future_valid_r: 32.0 | future_valid_l: 9.0 | obj_loss: 0.048 
Epoch:0 (44/59) Data: 0.000741s | Batch: 0.230s | future_traj_r_loss: 0.110 | future_traj_l_loss: 0.188 | rec_r_loss: 0.114| rec_l_loss: 0.106| total_loss: 0.442 | future_valid_r: 32.0 | future_valid_l: 16.0 | obj_loss: 0.039 
Epoch:0 (45/59) Data: 0.000762s | Batch: 0.227s | future_traj_r_loss: 0.120 | future_traj_l_loss: 0.335 | rec_r_loss: 0.113| rec_l_loss: 0.104| total_loss: 0.449 | future_valid_r: 32.0 | future_valid_l: 10.0 | obj_loss: 0.039 
Epoch:0 (46/59) Data: 0.000717s | Batch: 0.225s | future_traj_r_loss: 0.117 | future_traj_l_loss: 0.151 | rec_r_loss: 0.110| rec_l_loss: 0.115| total_loss: 0.407 | future_valid_r: 32.0 | future_valid_l: 14.0 | obj_loss: 0.046 
Epoch:0 (47/59) Data: 0.000710s | Batch: 0.222s | future_traj_r_loss: 0.131 | future_traj_l_loss: 0.170 | rec_r_loss: 0.109| rec_l_loss: 0.112| total_loss: 0.365 | future_valid_r: 32.0 | future_valid_l: 7.0 | obj_loss: 0.035 
Epoch:0 (48/59) Data: 0.000738s | Batch: 0.220s | future_traj_r_loss: 0.139 | future_traj_l_loss: 0.177 | rec_r_loss: 0.110| rec_l_loss: 0.112| total_loss: 0.413 | future_valid_r: 32.0 | future_valid_l: 11.0 | obj_loss: 0.053 
Epoch:0 (49/59) Data: 0.000711s | Batch: 0.218s | future_traj_r_loss: 0.134 | future_traj_l_loss: 0.143 | rec_r_loss: 0.105| rec_l_loss: 0.102| total_loss: 0.413 | future_valid_r: 32.0 | future_valid_l: 13.0 | obj_loss: 0.060 
Epoch:0 (50/59) Data: 0.000748s | Batch: 0.216s | future_traj_r_loss: 0.081 | future_traj_l_loss: 0.204 | rec_r_loss: 0.110| rec_l_loss: 0.108| total_loss: 0.371 | future_valid_r: 32.0 | future_valid_l: 13.0 | obj_loss: 0.049 
Epoch:0 (51/59) Data: 0.000723s | Batch: 0.214s | future_traj_r_loss: 0.142 | future_traj_l_loss: 0.368 | rec_r_loss: 0.111| rec_l_loss: 0.104| total_loss: 0.482 | future_valid_r: 32.0 | future_valid_l: 10.0 | obj_loss: 0.027 
Epoch:0 (52/59) Data: 0.000703s | Batch: 0.212s | future_traj_r_loss: 0.135 | future_traj_l_loss: 0.236 | rec_r_loss: 0.111| rec_l_loss: 0.105| total_loss: 0.453 | future_valid_r: 32.0 | future_valid_l: 11.0 | obj_loss: 0.031 
Epoch:0 (53/59) Data: 0.000719s | Batch: 0.210s | future_traj_r_loss: 0.127 | future_traj_l_loss: 0.224 | rec_r_loss: 0.104| rec_l_loss: 0.101| total_loss: 0.438 | future_valid_r: 32.0 | future_valid_l: 13.0 | obj_loss: 0.052 
Epoch:0 (54/59) Data: 0.000738s | Batch: 0.208s | future_traj_r_loss: 0.172 | future_traj_l_loss: 0.187 | rec_r_loss: 0.111| rec_l_loss: 0.108| total_loss: 0.477 | future_valid_r: 32.0 | future_valid_l: 13.0 | obj_loss: 0.037 
Epoch:0 (55/59) Data: 0.000712s | Batch: 0.206s | future_traj_r_loss: 0.147 | future_traj_l_loss: 0.229 | rec_r_loss: 0.096| rec_l_loss: 0.093| total_loss: 0.434 | future_valid_r: 32.0 | future_valid_l: 11.0 | obj_loss: 0.028 
Epoch:0 (56/59) Data: 0.000729s | Batch: 0.205s | future_traj_r_loss: 0.166 | future_traj_l_loss: 0.182 | rec_r_loss: 0.109| rec_l_loss: 0.102| total_loss: 0.474 | future_valid_r: 32.0 | future_valid_l: 13.0 | obj_loss: 0.041 
Epoch:0 (57/59) Data: 0.000727s | Batch: 0.203s | future_traj_r_loss: 0.117 | future_traj_l_loss: 0.157 | rec_r_loss: 0.108| rec_l_loss: 0.100| total_loss: 0.389 | future_valid_r: 32.0 | future_valid_l: 12.0 | obj_loss: 0.035 
Epoch:0 (58/59) Data: 0.000716s | Batch: 0.201s | future_traj_r_loss: 0.148 | future_traj_l_loss: 0.234 | rec_r_loss: 0.103| rec_l_loss: 0.098| total_loss: 0.516 | future_valid_r: 32.0 | future_valid_l: 17.0 | obj_loss: 0.047 
Epoch:0 (59/59) Data: 0.000675s | Batch: 0.200s | future_traj_r_loss: 0.085 | future_traj_l_loss: 0.203 | rec_r_loss: 0.098| rec_l_loss: 0.098| total_loss: 0.412 | future_valid_r: 24.0 | future_valid_l: 13.0 | obj_loss: 0.029 
save epoch 1 checkpoint
Epoch:1 (1/59) Data: 2.943483s | Batch: 3.070s | future_traj_r_loss: 0.153 | future_traj_l_loss: 0.154 | rec_r_loss: 0.097| rec_l_loss: 0.093| total_loss: 0.460 | future_valid_r: 32.0 | future_valid_l: 16.0 | obj_loss: 0.025 
Epoch:1 (2/59) Data: 0.001146s | Batch: 1.593s | future_traj_r_loss: 0.153 | future_traj_l_loss: 0.182 | rec_r_loss: 0.101| rec_l_loss: 0.091| total_loss: 0.418 | future_valid_r: 32.0 | future_valid_l: 11.0 | obj_loss: 0.036 
Epoch:1 (3/59) Data: 0.001026s | Batch: 1.104s | future_traj_r_loss: 0.180 | future_traj_l_loss: 0.182 | rec_r_loss: 0.094| rec_l_loss: 0.089| total_loss: 0.512 | future_valid_r: 32.0 | future_valid_l: 16.0 | obj_loss: 0.037 
Epoch:1 (4/59) Data: 0.000972s | Batch: 0.858s | future_traj_r_loss: 0.173 | future_traj_l_loss: 0.098 | rec_r_loss: 0.095| rec_l_loss: 0.091| total_loss: 0.414 | future_valid_r: 32.0 | future_valid_l: 12.0 | obj_loss: 0.032 
Epoch:1 (5/59) Data: 0.001062s | Batch: 0.711s | future_traj_r_loss: 0.129 | future_traj_l_loss: 0.182 | rec_r_loss: 0.091| rec_l_loss: 0.092| total_loss: 0.440 | future_valid_r: 32.0 | future_valid_l: 16.0 | obj_loss: 0.028 
Epoch:1 (6/59) Data: 0.001117s | Batch: 0.614s | future_traj_r_loss: 0.150 | future_traj_l_loss: 0.175 | rec_r_loss: 0.095| rec_l_loss: 0.088| total_loss: 0.381 | future_valid_r: 32.0 | future_valid_l: 9.0 | obj_loss: 0.031 
Epoch:1 (7/59) Data: 0.001139s | Batch: 0.544s | future_traj_r_loss: 0.123 | future_traj_l_loss: 0.217 | rec_r_loss: 0.096| rec_l_loss: 0.094| total_loss: 0.462 | future_valid_r: 32.0 | future_valid_l: 16.0 | obj_loss: 0.020 
Epoch:1 (8/59) Data: 0.000940s | Batch: 0.491s | future_traj_r_loss: 0.131 | future_traj_l_loss: 0.164 | rec_r_loss: 0.096| rec_l_loss: 0.095| total_loss: 0.382 | future_valid_r: 32.0 | future_valid_l: 10.0 | obj_loss: 0.040 
Epoch:1 (9/59) Data: 0.001039s | Batch: 0.450s | future_traj_r_loss: 0.093 | future_traj_l_loss: 0.174 | rec_r_loss: 0.093| rec_l_loss: 0.093| total_loss: 0.377 | future_valid_r: 32.0 | future_valid_l: 15.0 | obj_loss: 0.020 
Epoch:1 (10/59) Data: 0.000966s | Batch: 0.417s | future_traj_r_loss: 0.116 | future_traj_l_loss: 0.167 | rec_r_loss: 0.095| rec_l_loss: 0.089| total_loss: 0.392 | future_valid_r: 32.0 | future_valid_l: 13.0 | obj_loss: 0.032 
Epoch:1 (11/59) Data: 0.000973s | Batch: 0.390s | future_traj_r_loss: 0.110 | future_traj_l_loss: 0.171 | rec_r_loss: 0.091| rec_l_loss: 0.089| total_loss: 0.386 | future_valid_r: 32.0 | future_valid_l: 14.0 | obj_loss: 0.037 
Epoch:1 (12/59) Data: 0.000958s | Batch: 0.367s | future_traj_r_loss: 0.080 | future_traj_l_loss: 0.173 | rec_r_loss: 0.089| rec_l_loss: 0.085| total_loss: 0.365 | future_valid_r: 32.0 | future_valid_l: 16.0 | obj_loss: 0.020 
Epoch:1 (13/59) Data: 0.000885s | Batch: 0.349s | future_traj_r_loss: 0.152 | future_traj_l_loss: 0.265 | rec_r_loss: 0.096| rec_l_loss: 0.089| total_loss: 0.440 | future_valid_r: 32.0 | future_valid_l: 10.0 | obj_loss: 0.061 
Epoch:1 (14/59) Data: 0.001042s | Batch: 0.332s | future_traj_r_loss: 0.146 | future_traj_l_loss: 0.157 | rec_r_loss: 0.089| rec_l_loss: 0.088| total_loss: 0.404 | future_valid_r: 32.0 | future_valid_l: 13.0 | obj_loss: 0.026 
Epoch:1 (15/59) Data: 0.000921s | Batch: 0.317s | future_traj_r_loss: 0.117 | future_traj_l_loss: 0.158 | rec_r_loss: 0.091| rec_l_loss: 0.092| total_loss: 0.405 | future_valid_r: 32.0 | future_valid_l: 17.0 | obj_loss: 0.028 
Epoch:1 (16/59) Data: 0.000939s | Batch: 0.305s | future_traj_r_loss: 0.147 | future_traj_l_loss: 0.128 | rec_r_loss: 0.090| rec_l_loss: 0.090| total_loss: 0.414 | future_valid_r: 32.0 | future_valid_l: 17.0 | obj_loss: 0.032 
Epoch:1 (17/59) Data: 0.001162s | Batch: 0.294s | future_traj_r_loss: 0.218 | future_traj_l_loss: 0.440 | rec_r_loss: 0.088| rec_l_loss: 0.094| total_loss: 0.504 | future_valid_r: 32.0 | future_valid_l: 6.0 | obj_loss: 0.037 
Epoch:1 (18/59) Data: 0.001076s | Batch: 0.285s | future_traj_r_loss: 0.093 | future_traj_l_loss: 0.192 | rec_r_loss: 0.088| rec_l_loss: 0.088| total_loss: 0.347 | future_valid_r: 32.0 | future_valid_l: 12.0 | obj_loss: 0.026 
Epoch:1 (19/59) Data: 0.001179s | Batch: 0.277s | future_traj_r_loss: 0.129 | future_traj_l_loss: 0.138 | rec_r_loss: 0.091| rec_l_loss: 0.086| total_loss: 0.358 | future_valid_r: 32.0 | future_valid_l: 10.0 | obj_loss: 0.030 
Epoch:1 (20/59) Data: 0.001032s | Batch: 0.269s | future_traj_r_loss: 0.092 | future_traj_l_loss: 0.201 | rec_r_loss: 0.086| rec_l_loss: 0.090| total_loss: 0.379 | future_valid_r: 32.0 | future_valid_l: 15.0 | obj_loss: 0.022 
Epoch:1 (21/59) Data: 0.001033s | Batch: 0.262s | future_traj_r_loss: 0.162 | future_traj_l_loss: 0.160 | rec_r_loss: 0.090| rec_l_loss: 0.087| total_loss: 0.383 | future_valid_r: 32.0 | future_valid_l: 8.0 | obj_loss: 0.037 
Epoch:1 (22/59) Data: 0.000949s | Batch: 0.256s | future_traj_r_loss: 0.101 | future_traj_l_loss: 0.230 | rec_r_loss: 0.082| rec_l_loss: 0.081| total_loss: 0.476 | future_valid_r: 32.0 | future_valid_l: 22.0 | obj_loss: 0.024 
Epoch:1 (23/59) Data: 0.000930s | Batch: 0.250s | future_traj_r_loss: 0.143 | future_traj_l_loss: 0.289 | rec_r_loss: 0.086| rec_l_loss: 0.083| total_loss: 0.454 | future_valid_r: 32.0 | future_valid_l: 13.0 | obj_loss: 0.046 
Epoch:1 (24/59) Data: 0.000881s | Batch: 0.244s | future_traj_r_loss: 0.120 | future_traj_l_loss: 0.275 | rec_r_loss: 0.085| rec_l_loss: 0.083| total_loss: 0.457 | future_valid_r: 32.0 | future_valid_l: 15.0 | obj_loss: 0.037 
Epoch:1 (25/59) Data: 0.000958s | Batch: 0.239s | future_traj_r_loss: 0.100 | future_traj_l_loss: 0.158 | rec_r_loss: 0.088| rec_l_loss: 0.085| total_loss: 0.352 | future_valid_r: 32.0 | future_valid_l: 13.0 | obj_loss: 0.025 
Epoch:1 (26/59) Data: 0.000993s | Batch: 0.234s | future_traj_r_loss: 0.147 | future_traj_l_loss: 0.185 | rec_r_loss: 0.091| rec_l_loss: 0.087| total_loss: 0.466 | future_valid_r: 32.0 | future_valid_l: 17.0 | obj_loss: 0.039 
Epoch:1 (27/59) Data: 0.000964s | Batch: 0.230s | future_traj_r_loss: 0.147 | future_traj_l_loss: 0.072 | rec_r_loss: 0.088| rec_l_loss: 0.079| total_loss: 0.341 | future_valid_r: 32.0 | future_valid_l: 9.0 | obj_loss: 0.055 
Epoch:1 (28/59) Data: 0.000770s | Batch: 0.226s | future_traj_r_loss: 0.145 | future_traj_l_loss: 0.203 | rec_r_loss: 0.082| rec_l_loss: 0.081| total_loss: 0.445 | future_valid_r: 32.0 | future_valid_l: 15.0 | obj_loss: 0.031 
Epoch:1 (29/59) Data: 0.000730s | Batch: 0.222s | future_traj_r_loss: 0.163 | future_traj_l_loss: 0.151 | rec_r_loss: 0.085| rec_l_loss: 0.077| total_loss: 0.391 | future_valid_r: 32.0 | future_valid_l: 10.0 | obj_loss: 0.033 
Epoch:1 (30/59) Data: 0.000728s | Batch: 0.218s | future_traj_r_loss: 0.078 | future_traj_l_loss: 0.148 | rec_r_loss: 0.086| rec_l_loss: 0.081| total_loss: 0.320 | future_valid_r: 32.0 | future_valid_l: 14.0 | obj_loss: 0.021 
Epoch:1 (31/59) Data: 0.000737s | Batch: 0.215s | future_traj_r_loss: 0.106 | future_traj_l_loss: 0.275 | rec_r_loss: 0.086| rec_l_loss: 0.080| total_loss: 0.403 | future_valid_r: 32.0 | future_valid_l: 11.0 | obj_loss: 0.032 
Epoch:1 (32/59) Data: 0.000751s | Batch: 0.212s | future_traj_r_loss: 0.099 | future_traj_l_loss: 0.188 | rec_r_loss: 0.082| rec_l_loss: 0.081| total_loss: 0.407 | future_valid_r: 32.0 | future_valid_l: 19.0 | obj_loss: 0.028 
Epoch:1 (33/59) Data: 0.000709s | Batch: 0.209s | future_traj_r_loss: 0.131 | future_traj_l_loss: 0.208 | rec_r_loss: 0.081| rec_l_loss: 0.078| total_loss: 0.430 | future_valid_r: 32.0 | future_valid_l: 15.0 | obj_loss: 0.032 
Epoch:1 (34/59) Data: 0.000804s | Batch: 0.206s | future_traj_r_loss: 0.153 | future_traj_l_loss: 0.191 | rec_r_loss: 0.082| rec_l_loss: 0.073| total_loss: 0.340 | future_valid_r: 32.0 | future_valid_l: 5.0 | obj_loss: 0.035 
Epoch:1 (35/59) Data: 0.000890s | Batch: 0.203s | future_traj_r_loss: 0.133 | future_traj_l_loss: 0.154 | rec_r_loss: 0.084| rec_l_loss: 0.083| total_loss: 0.346 | future_valid_r: 32.0 | future_valid_l: 9.0 | obj_loss: 0.046 
Epoch:1 (36/59) Data: 0.000770s | Batch: 0.201s | future_traj_r_loss: 0.107 | future_traj_l_loss: 0.094 | rec_r_loss: 0.079| rec_l_loss: 0.079| total_loss: 0.289 | future_valid_r: 32.0 | future_valid_l: 10.0 | obj_loss: 0.034 
Epoch:1 (37/59) Data: 0.000736s | Batch: 0.199s | future_traj_r_loss: 0.110 | future_traj_l_loss: 0.145 | rec_r_loss: 0.088| rec_l_loss: 0.092| total_loss: 0.334 | future_valid_r: 32.0 | future_valid_l: 11.0 | obj_loss: 0.029 
Epoch:1 (38/59) Data: 0.000791s | Batch: 0.197s | future_traj_r_loss: 0.091 | future_traj_l_loss: 0.191 | rec_r_loss: 0.082| rec_l_loss: 0.078| total_loss: 0.380 | future_valid_r: 32.0 | future_valid_l: 16.0 | obj_loss: 0.023 
Epoch:1 (39/59) Data: 0.000752s | Batch: 0.194s | future_traj_r_loss: 0.191 | future_traj_l_loss: 0.328 | rec_r_loss: 0.085| rec_l_loss: 0.082| total_loss: 0.520 | future_valid_r: 32.0 | future_valid_l: 12.0 | obj_loss: 0.032 
Epoch:1 (40/59) Data: 0.000761s | Batch: 0.192s | future_traj_r_loss: 0.114 | future_traj_l_loss: 0.352 | rec_r_loss: 0.081| rec_l_loss: 0.080| total_loss: 0.507 | future_valid_r: 32.0 | future_valid_l: 16.0 | obj_loss: 0.026 
Epoch:1 (41/59) Data: 0.000753s | Batch: 0.190s | future_traj_r_loss: 0.161 | future_traj_l_loss: 0.163 | rec_r_loss: 0.079| rec_l_loss: 0.077| total_loss: 0.472 | future_valid_r: 32.0 | future_valid_l: 20.0 | obj_loss: 0.025 
Epoch:1 (42/59) Data: 0.000760s | Batch: 0.189s | future_traj_r_loss: 0.132 | future_traj_l_loss: 0.163 | rec_r_loss: 0.081| rec_l_loss: 0.078| total_loss: 0.407 | future_valid_r: 32.0 | future_valid_l: 16.0 | obj_loss: 0.025 
Epoch:1 (43/59) Data: 0.000785s | Batch: 0.187s | future_traj_r_loss: 0.114 | future_traj_l_loss: 0.101 | rec_r_loss: 0.079| rec_l_loss: 0.078| total_loss: 0.317 | future_valid_r: 32.0 | future_valid_l: 11.0 | obj_loss: 0.023 
Epoch:1 (44/59) Data: 0.000744s | Batch: 0.185s | future_traj_r_loss: 0.119 | future_traj_l_loss: 0.138 | rec_r_loss: 0.082| rec_l_loss: 0.077| total_loss: 0.366 | future_valid_r: 32.0 | future_valid_l: 16.0 | obj_loss: 0.023 
Epoch:1 (45/59) Data: 0.000733s | Batch: 0.184s | future_traj_r_loss: 0.129 | future_traj_l_loss: 0.167 | rec_r_loss: 0.076| rec_l_loss: 0.072| total_loss: 0.412 | future_valid_r: 32.0 | future_valid_l: 17.0 | obj_loss: 0.025 
Epoch:1 (46/59) Data: 0.000738s | Batch: 0.182s | future_traj_r_loss: 0.147 | future_traj_l_loss: 0.179 | rec_r_loss: 0.078| rec_l_loss: 0.074| total_loss: 0.391 | future_valid_r: 32.0 | future_valid_l: 12.0 | obj_loss: 0.029 
Epoch:1 (47/59) Data: 0.000731s | Batch: 0.181s | future_traj_r_loss: 0.137 | future_traj_l_loss: 0.158 | rec_r_loss: 0.081| rec_l_loss: 0.076| total_loss: 0.395 | future_valid_r: 32.0 | future_valid_l: 14.0 | obj_loss: 0.019 
Epoch:1 (48/59) Data: 0.000749s | Batch: 0.179s | future_traj_r_loss: 0.121 | future_traj_l_loss: 0.213 | rec_r_loss: 0.083| rec_l_loss: 0.082| total_loss: 0.386 | future_valid_r: 32.0 | future_valid_l: 12.0 | obj_loss: 0.025 
Epoch:1 (49/59) Data: 0.000720s | Batch: 0.178s | future_traj_r_loss: 0.100 | future_traj_l_loss: 0.204 | rec_r_loss: 0.079| rec_l_loss: 0.077| total_loss: 0.334 | future_valid_r: 32.0 | future_valid_l: 12.0 | obj_loss: 0.022 
Epoch:1 (50/59) Data: 0.000706s | Batch: 0.177s | future_traj_r_loss: 0.107 | future_traj_l_loss: 0.167 | rec_r_loss: 0.083| rec_l_loss: 0.073| total_loss: 0.379 | future_valid_r: 32.0 | future_valid_l: 15.0 | obj_loss: 0.031 
Epoch:1 (51/59) Data: 0.000709s | Batch: 0.175s | future_traj_r_loss: 0.082 | future_traj_l_loss: 0.241 | rec_r_loss: 0.077| rec_l_loss: 0.076| total_loss: 0.391 | future_valid_r: 32.0 | future_valid_l: 17.0 | obj_loss: 0.019 
Epoch:1 (52/59) Data: 0.000763s | Batch: 0.174s | future_traj_r_loss: 0.148 | future_traj_l_loss: 0.133 | rec_r_loss: 0.078| rec_l_loss: 0.077| total_loss: 0.390 | future_valid_r: 32.0 | future_valid_l: 13.0 | obj_loss: 0.028 
Epoch:1 (53/59) Data: 0.000723s | Batch: 0.173s | future_traj_r_loss: 0.084 | future_traj_l_loss: 0.149 | rec_r_loss: 0.078| rec_l_loss: 0.075| total_loss: 0.296 | future_valid_r: 32.0 | future_valid_l: 12.0 | obj_loss: 0.028 
Epoch:1 (54/59) Data: 0.000714s | Batch: 0.172s | future_traj_r_loss: 0.119 | future_traj_l_loss: 0.188 | rec_r_loss: 0.080| rec_l_loss: 0.075| total_loss: 0.343 | future_valid_r: 32.0 | future_valid_l: 10.0 | obj_loss: 0.023 
Epoch:1 (55/59) Data: 0.000724s | Batch: 0.171s | future_traj_r_loss: 0.118 | future_traj_l_loss: 0.156 | rec_r_loss: 0.078| rec_l_loss: 0.076| total_loss: 0.349 | future_valid_r: 32.0 | future_valid_l: 13.0 | obj_loss: 0.024 
Epoch:1 (56/59) Data: 0.000728s | Batch: 0.170s | future_traj_r_loss: 0.182 | future_traj_l_loss: 0.088 | rec_r_loss: 0.076| rec_l_loss: 0.074| total_loss: 0.385 | future_valid_r: 32.0 | future_valid_l: 12.0 | obj_loss: 0.019 
Epoch:1 (57/59) Data: 0.000698s | Batch: 0.169s | future_traj_r_loss: 0.164 | future_traj_l_loss: 0.246 | rec_r_loss: 0.075| rec_l_loss: 0.070| total_loss: 0.445 | future_valid_r: 32.0 | future_valid_l: 13.0 | obj_loss: 0.031 
Epoch:1 (58/59) Data: 0.000742s | Batch: 0.168s | future_traj_r_loss: 0.111 | future_traj_l_loss: 0.270 | rec_r_loss: 0.076| rec_l_loss: 0.075| total_loss: 0.397 | future_valid_r: 32.0 | future_valid_l: 12.0 | obj_loss: 0.029 
Epoch:1 (59/59) Data: 0.000693s | Batch: 0.167s | future_traj_r_loss: 0.116 | future_traj_l_loss: 0.153 | rec_r_loss: 0.080| rec_l_loss: 0.073| total_loss: 0.365 | future_valid_r: 24.0 | future_valid_l: 10.0 | obj_loss: 0.019 
save epoch 2 checkpoint
