python traineval.py --ek_version=egtea --epochs=30 --batch_size=32 --num_classes=106 --seq_len_obs=10 --seq_len_unobs=3 --learnable_weight=True
training dataset size: 1880
evaluation dataset size: 69
saving homo to  ./data/homos_train/OP02/homo/OP02-R04-ContinentalBreakfast/frame_0000011314
saving homo to  ./data/homos_train/P06/homo/P06-R02-TurkeySandwich/frame_0000006896
saving homo to  ./data/homos_train/P23/homo/P23-R03-BaconAndEggs/frame_0000067489
saving homo to  ./data/homos_train/P22/homo/P22-R03-BaconAndEggs/frame_0000074415
saving homo to  ./data/homos_train/OP01/homo/OP01-R03-BaconAndEggs/frame_0000008827
saving homo to  ./data/homos_train/OP01/homo/OP01-R05-Cheeseburger/frame_0000010305
saving homo to  ./data/homos_train/P07/homo/P07-R01-PastaSalad/frame_0000005431
saving homo to  ./data/homos_train/OP03/homo/OP03-R04-ContinentalBreakfast/frame_0000008210
saving homo to  ./data/homos_train/P01/homo/P01-R01-PastaSalad/frame_0000012850
saving homo to  ./data/homos_train/OP03/homo/OP03-R01-PastaSalad/frame_0000004858
saving homo to  ./data/homos_train/P05/homo/P05-R02-TurkeySandwich/frame_0000019216
saving homo to  ./data/homos_train/P16/homo/P16-R03-BaconAndEggs/frame_0000028464
saving homo to  ./data/homos_train/OP03/homo/OP03-R01-PastaSalad/frame_0000009454
saving homo to  ./data/homos_train/OP03/homo/OP03-R06-GreekSalad/frame_0000016599
saving homo to  ./data/homos_train/P22/homo/P22-R03-BaconAndEggs/frame_0000060227
saving homo to  ./data/homos_train/OP02/homo/OP02-R03-BaconAndEggs/frame_0000017229
saving homo to  ./data/homos_train/OP05/homo/OP05-R07-Pizza/frame_0000001696
saving homo to  ./data/homos_train/P02/homo/P02-R01-PastaSalad/frame_0000049436
saving homo to  ./data/homos_train/P16/homo/P16-R03-BaconAndEggs/frame_0000026391
saving homo to  ./data/homos_train/P14/homo/P14-R01-PastaSalad/frame_0000052219
saving homo to  ./data/homos_train/P10/homo/P10-R05-Cheeseburger/frame_0000022138
saving homo to  ./data/homos_train/OP01/homo/OP01-R06-GreekSalad/frame_0000006501
saving homo to  ./data/homos_train/OP01/homo/OP01-R06-GreekSalad/frame_0000013827
saving homo to  ./data/homos_train/P14/homo/P14-R01-PastaSalad/frame_0000041065
saving homo to  ./data/homos_train/OP03/homo/OP03-R03-BaconAndEggs/frame_0000023722
saving homo to  ./data/homos_train/P17/homo/P17-R04-ContinentalBreakfast/frame_0000016805
saving homo to  ./data/homos_train/P05/homo/P05-R02-TurkeySandwich/frame_0000016397
saving homo to  ./data/homos_train/P06/homo/P06-R01-PastaSalad/frame_0000037896
saving homo to  ./data/homos_train/OP01/homo/OP01-R03-BaconAndEggs/frame_0000008969
saving homo to  ./data/homos_train/P15/homo/P15-R01-PastaSalad/frame_0000029475
saving homo to  ./data/homos_train/OP02/homo/OP02-R02-TurkeySandwich/frame_0000009993
saving homo to  ./data/homos_train/OP02/homo/OP02-R06-GreekSalad/frame_0000004086
saving homo to  ./data/homos_train/OP03/homo/OP03-R06-GreekSalad/frame_0000010701
saving homo to  ./data/homos_train/P07/homo/P07-R01-PastaSalad/frame_0000002849
saving homo to  ./data/homos_train/P24/homo/P24-R03-BaconAndEggs/frame_0000022625
saving homo to  ./data/homos_train/P13/homo/P13-R01-PastaSalad/frame_0000075225
saving homo to  ./data/homos_train/OP04/homo/OP04-R03-BaconAndEggs/frame_0000003047
saving homo to  ./data/homos_train/OP01/homo/OP01-R06-GreekSalad/frame_0000017428
saving homo to  ./data/homos_train/P22/homo/P22-R03-BaconAndEggs/frame_0000014323
saving homo to  ./data/homos_train/OP04/homo/OP04-R06-GreekSalad/frame_0000001757
saving homo to  ./data/homos_train/P02/homo/P02-R01-PastaSalad/frame_0000008364
saving homo to  ./data/homos_train/P22/homo/P22-R03-BaconAndEggs/frame_0000039586
saving homo to  ./data/homos_train/OP01/homo/OP01-R01-PastaSalad/frame_0000012637
saving homo to  ./data/homos_train/P10/homo/P10-R02-TurkeySandwich/frame_0000001749
saving homo to  ./data/homos_train/P02/homo/P02-R01-PastaSalad/frame_0000002521
saving homo to  ./data/homos_train/P24/homo/P24-R03-BaconAndEggs/frame_0000012322
saving homo to  ./data/homos_train/OP06/homo/OP06-R06-GreekSalad/frame_0000011345
saving homo to  ./data/homos_train/P07/homo/P07-R01-PastaSalad/frame_0000010500
saving homo to  ./data/homos_train/OP01/homo/OP01-R03-BaconAndEggs/frame_0000011343
saving homo to  ./data/homos_train/OP02/homo/OP02-R06-GreekSalad/frame_0000002240
saving homo to  ./data/homos_train/OP02/homo/OP02-R03-BaconAndEggs/frame_0000004482
saving homo to  ./data/homos_train/P17/homo/P17-R04-ContinentalBreakfast/frame_0000003648
saving homo to  ./data/homos_train/P11/homo/P11-R01-PastaSalad/frame_0000035846
saving homo to  ./data/homos_train/OP02/homo/OP02-R06-GreekSalad/frame_0000012880
saving homo to  ./data/homos_train/P11/homo/P11-R02-TurkeySandwich/frame_0000013062
saving homo to  ./data/homos_train/OP03/homo/OP03-R05-Cheeseburger/frame_0000023564
saving homo to  ./data/homos_train/OP01/homo/OP01-R05-Cheeseburger/frame_0000007515
saving homo to  ./data/homos_train/P23/homo/P23-R03-BaconAndEggs/frame_0000067911
saving homo to  ./data/homos_train/OP02/homo/OP02-R04-ContinentalBreakfast/frame_0000005791
saving homo to  ./data/homos_train/P18/homo/P18-R03-BaconAndEggs/frame_0000004603
saving homo to  ./data/homos_train/OP02/homo/OP02-R05-Cheeseburger/frame_0000002104
saving homo to  ./data/homos_train/OP02/homo/OP02-R04-ContinentalBreakfast/frame_0000012549
saving homo to  ./data/homos_train/OP02/homo/OP02-R05-Cheeseburger/frame_0000002830
saving homo to  ./data/homos_train/P13/homo/P13-R01-PastaSalad/frame_0000081281
saving homo to  ./data/homos_train/P21/homo/P21-R04-ContinentalBreakfast/frame_0000023803
saving homo to  ./data/homos_train/P06/homo/P06-R02-TurkeySandwich/frame_0000013307
saving homo to  ./data/homos_train/OP01/homo/OP01-R03-BaconAndEggs/frame_0000026942
saving homo to  ./data/homos_train/P02/homo/P02-R01-PastaSalad/frame_0000004354
saving homo to  ./data/homos_train/P08/homo/P08-R01-PastaSalad/frame_0000010923
saving homo to  ./data/homos_train/OP06/homo/OP06-R05-Cheeseburger/frame_0000006249
saving homo to  ./data/homos_train/P18/homo/P18-R03-BaconAndEggs/frame_0000033092
saving homo to  ./data/homos_train/P18/homo/P18-R03-BaconAndEggs/frame_0000028916
saving homo to  ./data/homos_train/P13/homo/P13-R01-PastaSalad/frame_0000081598
saving homo to  ./data/homos_train/P10/homo/P10-R01-PastaSalad/frame_0000039635
saving homo to  ./data/homos_train/P05/homo/P05-R02-TurkeySandwich/frame_0000023316
saving homo to  ./data/homos_train/P09/homo/P09-R01-PastaSalad/frame_0000025107
saving homo to  ./data/homos_train/OP03/homo/OP03-R01-PastaSalad/frame_0000001405
saving homo to  ./data/homos_train/P18/homo/P18-R03-BaconAndEggs/frame_0000025759
saving homo to  ./data/homos_train/P18/homo/P18-R04-ContinentalBreakfast/frame_0000004765
saving homo to  ./data/homos_train/P02/homo/P02-R03-BaconAndEggs/frame_0000026025
saving homo to  ./data/homos_train/P04/homo/P04-R06-GreekSalad/frame_0000026607
saving homo to  ./data/homos_train/P23/homo/P23-R03-BaconAndEggs/frame_0000005159
saving homo to  ./data/homos_train/OP02/homo/OP02-R06-GreekSalad/frame_0000007049
saving homo to  ./data/homos_train/OP01/homo/OP01-R01-PastaSalad/frame_0000043735
saving homo to  ./data/homos_train/P15/homo/P15-R01-PastaSalad/frame_0000018030
saving homo to  ./data/homos_train/P14/homo/P14-R01-PastaSalad/frame_0000019659
saving homo to  ./data/homos_train/P07/homo/P07-R01-PastaSalad/frame_0000066639
saving homo to  ./data/homos_train/P05/homo/P05-R01-PastaSalad/frame_0000023416
saving homo to  ./data/homos_train/OP01/homo/OP01-R05-Cheeseburger/frame_0000008266
saving homo to  ./data/homos_train/OP03/homo/OP03-R07-Pizza/frame_0000003013
saving homo to  ./data/homos_train/OP06/homo/OP06-R04-ContinentalBreakfast/frame_0000002341
saving homo to  ./data/homos_train/P19/homo/P19-R03-BaconAndEggs/frame_0000009782
saving homo to  ./data/homos_train/P02/homo/P02-R01-PastaSalad/frame_0000014845
saving homo to  ./data/homos_train/OP03/homo/OP03-R04-ContinentalBreakfast/frame_0000004308
saving homo to  ./data/homos_train/P01/homo/P01-R02-TurkeySandwich/frame_0000020673
saving homo to  ./data/homos_train/OP01/homo/OP01-R06-GreekSalad/frame_0000006480
saving homo to  ./data/homos_train/P01/homo/P01-R02-TurkeySandwich/frame_0000020535
saving homo to  ./data/homos_train/P18/homo/P18-R04-ContinentalBreakfast/frame_0000011474
saving homo to  ./data/homos_train/OP04/homo/OP04-R03-BaconAndEggs/frame_0000016443
saving homo to  ./data/homos_train/P22/homo/P22-R03-BaconAndEggs/frame_0000092851
saving homo to  ./data/homos_train/OP02/homo/OP02-R07-Pizza/frame_0000013208
saving homo to  ./data/homos_train/P21/homo/P21-R03-BaconAndEggs/frame_0000032591
saving homo to  ./data/homos_train/P17/homo/P17-R04-ContinentalBreakfast/frame_0000008579
saving homo to  ./data/homos_train/P02/homo/P02-R06-GreekSalad/frame_0000009761
saving homo to  ./data/homos_train/OP04/homo/OP04-R04-ContinentalBreakfast/frame_0000001282
saving homo to  ./data/homos_train/P23/homo/P23-R03-BaconAndEggs/frame_0000003539
saving homo to  ./data/homos_train/P17/homo/P17-R04-ContinentalBreakfast/frame_0000027781
saving homo to  ./data/homos_train/OP03/homo/OP03-R02-TurkeySandwich/frame_0000010622
saving homo to  ./data/homos_train/OP01/homo/OP01-R07-Pizza/frame_0000006719
saving homo to  ./data/homos_train/OP02/homo/OP02-R03-BaconAndEggs/frame_0000020558
saving homo to  ./data/homos_train/P10/homo/P10-R06-GreekSalad/frame_0000009474
saving homo to  ./data/homos_train/P05/homo/P05-R01-PastaSalad/frame_0000004075
saving homo to  ./data/homos_train/P10/homo/P10-R05-Cheeseburger/frame_0000017509
saving homo to  ./data/homos_train/P10/homo/P10-R01-PastaSalad/frame_0000022417
saving homo to  ./data/homos_train/P06/homo/P06-R01-PastaSalad/frame_0000021453
saving homo to  ./data/homos_train/OP06/homo/OP06-R02-TurkeySandwich/frame_0000009080
saving homo to  ./data/homos_train/OP01/homo/OP01-R01-PastaSalad/frame_0000029391
saving homo to  ./data/homos_train/OP02/homo/OP02-R03-BaconAndEggs/frame_0000003291
saving homo to  ./data/homos_train/P20/homo/P20-R04-ContinentalBreakfast/frame_0000005221
saving homo to  ./data/homos_train/OP06/homo/OP06-R07-Pizza/frame_0000016704
saving homo to  ./data/homos_train/P11/homo/P11-R01-PastaSalad/frame_0000046350
saving homo to  ./data/homos_train/OP02/homo/OP02-R04-ContinentalBreakfast/frame_0000004158
saving homo to  ./data/homos_train/P08/homo/P08-R01-PastaSalad/frame_0000012915
saving homo to  ./data/homos_train/P07/homo/P07-R01-PastaSalad/frame_0000035692
saving homo to  ./data/homos_train/OP01/homo/OP01-R04-ContinentalBreakfast/frame_0000006140
saving homo to  ./data/homos_train/OP01/homo/OP01-R04-ContinentalBreakfast/frame_0000003393
saving homo to  ./data/homos_train/P10/homo/P10-R01-PastaSalad/frame_0000004608
saving homo to  ./data/homos_train/OP05/homo/OP05-R04-ContinentalBreakfast/frame_0000004368
saving homo to  ./data/homos_train/P22/homo/P22-R03-BaconAndEggs/frame_0000095760
saving homo to  ./data/homos_train/P10/homo/P10-R02-TurkeySandwich/frame_0000002403
saving homo to  ./data/homos_train/OP01/homo/OP01-R05-Cheeseburger/frame_0000017136
saving homo to  ./data/homos_train/OP01/homo/OP01-R01-PastaSalad/frame_0000041545
saving homo to  ./data/homos_train/OP01/homo/OP01-R02-TurkeySandwich/frame_0000003009
saving homo to  ./data/homos_train/P06/homo/P06-R01-PastaSalad/frame_0000005583
saving homo to  ./data/homos_train/P23/homo/P23-R03-BaconAndEggs/frame_0000051005
saving homo to  ./data/homos_train/OP01/homo/OP01-R05-Cheeseburger/frame_0000011110
saving homo to  ./data/homos_train/P18/homo/P18-R04-ContinentalBreakfast/frame_0000002884
saving homo to  ./data/homos_train/OP02/homo/OP02-R05-Cheeseburger/frame_0000010593
saving homo to  ./data/homos_train/P18/homo/P18-R03-BaconAndEggs/frame_0000008446
saving homo to  ./data/homos_train/OP01/homo/OP01-R05-Cheeseburger/frame_0000003302
saving homo to  ./data/homos_train/P18/homo/P18-R03-BaconAndEggs/frame_0000013549
saving homo to  ./data/homos_train/OP01/homo/OP01-R04-ContinentalBreakfast/frame_0000002868
saving homo to  ./data/homos_train/P02/homo/P02-R01-PastaSalad/frame_0000035969
saving homo to  ./data/homos_train/P13/homo/P13-R01-PastaSalad/frame_0000085277
saving homo to  ./data/homos_train/OP03/homo/OP03-R07-Pizza/frame_0000015177
saving homo to  ./data/homos_train/OP04/homo/OP04-R05-Cheeseburger/frame_0000010875
saving homo to  ./data/homos_train/P13/homo/P13-R01-PastaSalad/frame_0000035957
saving homo to  ./data/homos_train/P13/homo/P13-R01-PastaSalad/frame_0000079248
saving homo to  ./data/homos_train/P22/homo/P22-R03-BaconAndEggs/frame_0000097686
saving homo to  ./data/homos_train/P01/homo/P01-R02-TurkeySandwich/frame_0000023533
saving homo to  ./data/homos_train/P13/homo/P13-R01-PastaSalad/frame_0000045805
saving homo to  ./data/homos_train/OP02/homo/OP02-R03-BaconAndEggs/frame_0000002589
saving homo to  ./data/homos_train/P13/homo/P13-R01-PastaSalad/frame_0000041760
saving homo to  ./data/homos_train/OP02/homo/OP02-R03-BaconAndEggs/frame_0000018447
saving homo to  ./data/homos_train/OP01/homo/OP01-R03-BaconAndEggs/frame_0000009813
saving homo to  ./data/homos_train/P13/homo/P13-R01-PastaSalad/frame_0000073542
saving homo to  ./data/homos_train/P02/homo/P02-R05-Cheeseburger/frame_0000014827
saving homo to  ./data/homos_train/OP03/homo/OP03-R06-GreekSalad/frame_0000016464
saving homo to  ./data/homos_train/P07/homo/P07-R01-PastaSalad/frame_0000021773
saving homo to  ./data/homos_train/P24/homo/P24-R03-BaconAndEggs/frame_0000034790
saving homo to  ./data/homos_train/OP02/homo/OP02-R02-TurkeySandwich/frame_0000010025
saving homo to  ./data/homos_train/OP02/homo/OP02-R03-BaconAndEggs/frame_0000021948
saving homo to  ./data/homos_train/P07/homo/P07-R01-PastaSalad/frame_0000040840
saving homo to  ./data/homos_train/OP04/homo/OP04-R03-BaconAndEggs/frame_0000016563
saving homo to  ./data/homos_train/OP03/homo/OP03-R04-ContinentalBreakfast/frame_0000010428
saving homo to  ./data/homos_train/P13/homo/P13-R01-PastaSalad/frame_0000067042
saving homo to  ./data/homos_train/OP03/homo/OP03-R07-Pizza/frame_0000009063
saving homo to  ./data/homos_train/P07/homo/P07-R01-PastaSalad/frame_0000048825
saving homo to  ./data/homos_train/OP01/homo/OP01-R02-TurkeySandwich/frame_0000006086
saving homo to  ./data/homos_train/OP02/homo/OP02-R06-GreekSalad/frame_0000011880
saving homo to  ./data/homos_train/P05/homo/P05-R02-TurkeySandwich/frame_0000020596
saving homo to  ./data/homos_train/OP03/homo/OP03-R02-TurkeySandwich/frame_0000006919
saving homo to  ./data/homos_train/P22/homo/P22-R03-BaconAndEggs/frame_0000047078
saving homo to  ./data/homos_train/OP04/homo/OP04-R05-Cheeseburger/frame_0000010389
saving homo to  ./data/homos_train/P04/homo/P04-R06-GreekSalad/frame_0000019724
saving homo to  ./data/homos_train/P07/homo/P07-R01-PastaSalad/frame_0000061294
saving homo to  ./data/homos_train/P13/homo/P13-R01-PastaSalad/frame_0000046497
saving homo to  ./data/homos_train/P04/homo/P04-R01-PastaSalad/frame_0000022561
saving homo to  ./data/homos_train/P20/homo/P20-R03-BaconAndEggs/frame_0000021846
saving homo to  ./data/homos_train/P24/homo/P24-R03-BaconAndEggs/frame_0000037543
saving homo to  ./data/homos_train/OP06/homo/OP06-R05-Cheeseburger/frame_0000018211
saving homo to  ./data/homos_train/OP04/homo/OP04-R03-BaconAndEggs/frame_0000017422
saving homo to  ./data/homos_train/P04/homo/P04-R05-Cheeseburger/frame_0000002616
saving homo to  ./data/homos_train/P02/homo/P02-R03-BaconAndEggs/frame_0000027790
saving homo to  ./data/homos_train/P17/homo/P17-R04-ContinentalBreakfast/frame_0000004319
saving homo to  ./data/homos_train/P02/homo/P02-R05-Cheeseburger/frame_0000010565
saving homo to  ./data/homos_train/P18/homo/P18-R04-ContinentalBreakfast/frame_0000002919
saving homo to  ./data/homos_train/OP01/homo/OP01-R01-PastaSalad/frame_0000025823
saving homo to  ./data/homos_train/P22/homo/P22-R03-BaconAndEggs/frame_0000094886
saving homo to  ./data/homos_train/P14/homo/P14-R01-PastaSalad/frame_0000019585
saving homo to  ./data/homos_train/P26/homo/P26-R05-Cheeseburger/frame_0000033915
saving homo to  ./data/homos_train/P02/homo/P02-R03-BaconAndEggs/frame_0000022443
saving homo to  ./data/homos_train/P08/homo/P08-R01-PastaSalad/frame_0000013261
saving homo to  ./data/homos_train/P06/homo/P06-R02-TurkeySandwich/frame_0000004408
saving homo to  ./data/homos_train/OP01/homo/OP01-R01-PastaSalad/frame_0000020295
saving homo to  ./data/homos_train/OP03/homo/OP03-R04-ContinentalBreakfast/frame_0000000832
saving homo to  ./data/homos_train/OP01/homo/OP01-R05-Cheeseburger/frame_0000001853
saving homo to  ./data/homos_train/P02/homo/P02-R06-GreekSalad/frame_0000009686
saving homo to  ./data/homos_train/OP03/homo/OP03-R04-ContinentalBreakfast/frame_0000003483
saving homo to  ./data/homos_train/P12/homo/P12-R02-TurkeySandwich/frame_0000005228
saving homo to  ./data/homos_train/OP01/homo/OP01-R04-ContinentalBreakfast/frame_0000004735
saving homo to  ./data/homos_train/OP02/homo/OP02-R05-Cheeseburger/frame_0000010534
saving homo to  ./data/homos_train/P11/homo/P11-R02-TurkeySandwich/frame_0000013377
saving homo to  ./data/homos_train/P09/homo/P09-R01-PastaSalad/frame_0000026002
saving homo to  ./data/homos_train/P22/homo/P22-R03-BaconAndEggs/frame_0000054584
saving homo to  ./data/homos_train/P02/homo/P02-R03-BaconAndEggs/frame_0000037086
saving homo to  ./data/homos_train/P03/homo/P03-R01-PastaSalad/frame_0000010092
saving homo to  ./data/homos_train/OP02/homo/OP02-R05-Cheeseburger/frame_0000008413
saving homo to  ./data/homos_train/OP02/homo/OP02-R04-ContinentalBreakfast/frame_0000001395
saving homo to  ./data/homos_train/P16/homo/P16-R03-BaconAndEggs/frame_0000038130
saving homo to  ./data/homos_train/P14/homo/P14-R02-TurkeySandwich/frame_0000007042
saving homo to  ./data/homos_train/P24/homo/P24-R03-BaconAndEggs/frame_0000037717
saving homo to  ./data/homos_train/P24/homo/P24-R03-BaconAndEggs/frame_0000040420
saving homo to  ./data/homos_train/OP03/homo/OP03-R04-ContinentalBreakfast/frame_0000001008
saving homo to  ./data/homos_train/P23/homo/P23-R03-BaconAndEggs/frame_0000003192
saving homo to  ./data/homos_train/P06/homo/P06-R01-PastaSalad/frame_0000019626
saving homo to  ./data/homos_train/OP04/homo/OP04-R01-PastaSalad/frame_0000021889
saving homo to  ./data/homos_train/OP03/homo/OP03-R02-TurkeySandwich/frame_0000003693
saving homo to  ./data/homos_train/P20/homo/P20-R03-BaconAndEggs/frame_0000023472
saving homo to  ./data/homos_train/OP04/homo/OP04-R07-Pizza/frame_0000015141
saving homo to  ./data/homos_train/P07/homo/P07-R01-PastaSalad/frame_0000065794
saving homo to  ./data/homos_train/P10/homo/P10-R05-Cheeseburger/frame_0000029403
saving homo to  ./data/homos_train/P13/homo/P13-R01-PastaSalad/frame_0000024468
saving homo to  ./data/homos_train/P10/homo/P10-R01-PastaSalad/frame_0000043101
saving homo to  ./data/homos_train/OP02/homo/OP02-R07-Pizza/frame_0000011855
saving homo to  ./data/homos_train/P05/homo/P05-R01-PastaSalad/frame_0000043381
saving homo to  ./data/homos_train/P25/homo/P25-R06-GreekSalad/frame_0000061330
saving homo to  ./data/homos_train/P17/homo/P17-R03-BaconAndEggs/frame_0000035296
saving homo to  ./data/homos_train/OP03/homo/OP03-R05-Cheeseburger/frame_0000019450
saving homo to  ./data/homos_train/OP02/homo/OP02-R04-ContinentalBreakfast/frame_0000005939
saving homo to  ./data/homos_train/P22/homo/P22-R03-BaconAndEggs/frame_0000050604
saving homo to  ./data/homos_train/OP06/homo/OP06-R02-TurkeySandwich/frame_0000009610
saving homo to  ./data/homos_train/P22/homo/P22-R03-BaconAndEggs/frame_0000008659
saving homo to  ./data/homos_train/OP02/homo/OP02-R06-GreekSalad/frame_0000005218
saving homo to  ./data/homos_train/OP01/homo/OP01-R01-PastaSalad/frame_0000043350
saving homo to  ./data/homos_train/OP01/homo/OP01-R04-ContinentalBreakfast/frame_0000008953
saving homo to  ./data/homos_train/P24/homo/P24-R03-BaconAndEggs/frame_0000026785
saving homo to  ./data/homos_train/P16/homo/P16-R03-BaconAndEggs/frame_0000046026
saving homo to  ./data/homos_train/OP02/homo/OP02-R01-PastaSalad/frame_0000006943
saving homo to  ./data/homos_train/P20/homo/P20-R03-BaconAndEggs/frame_0000028904
saving homo to  ./data/homos_train/OP01/homo/OP01-R02-TurkeySandwich/frame_0000011820
saving homo to  ./data/homos_train/OP02/homo/OP02-R07-Pizza/frame_0000010643
saving homo to  ./data/homos_train/P11/homo/P11-R01-PastaSalad/frame_0000022603
saving homo to  ./data/homos_train/P02/homo/P02-R01-PastaSalad/frame_0000002215
saving homo to  ./data/homos_train/OP06/homo/OP06-R03-BaconAndEggs/frame_0000019176
saving homo to  ./data/homos_train/P14/homo/P14-R02-TurkeySandwich/frame_0000014256
saving homo to  ./data/homos_train/OP04/homo/OP04-R01-PastaSalad/frame_0000013722
saving homo to  ./data/homos_train/P10/homo/P10-R05-Cheeseburger/frame_0000012317
saving homo to  ./data/homos_train/P14/homo/P14-R01-PastaSalad/frame_0000016687
saving homo to  ./data/homos_train/P08/homo/P08-R01-PastaSalad/frame_0000049444
saving homo to  ./data/homos_train/P08/homo/P08-R01-PastaSalad/frame_0000013088
saving homo to  ./data/homos_train/P13/homo/P13-R01-PastaSalad/frame_0000037775
saving homo to  ./data/homos_train/OP04/homo/OP04-R03-BaconAndEggs/frame_0000023251
saving homo to  ./data/homos_train/P03/homo/P03-R01-PastaSalad/frame_0000068428
saving homo to  ./data/homos_train/P22/homo/P22-R03-BaconAndEggs/frame_0000052078
saving homo to  ./data/homos_train/P06/homo/P06-R01-PastaSalad/frame_0000037776
saving homo to  ./data/homos_train/P19/homo/P19-R03-BaconAndEggs/frame_0000045870
saving homo to  ./data/homos_train/P24/homo/P24-R03-BaconAndEggs/frame_0000005240
saving homo to  ./data/homos_train/OP01/homo/OP01-R05-Cheeseburger/frame_0000003109
saving homo to  ./data/homos_train/P08/homo/P08-R01-PastaSalad/frame_0000045087
saving homo to  ./data/homos_train/OP01/homo/OP01-R06-GreekSalad/frame_0000004732
saving homo to  ./data/homos_train/P11/homo/P11-R02-TurkeySandwich/frame_0000013533
saving homo to  ./data/homos_train/P02/homo/P02-R06-GreekSalad/frame_0000007288
saving homo to  ./data/homos_train/P13/homo/P13-R01-PastaSalad/frame_0000082119
saving homo to  ./data/homos_train/P18/homo/P18-R03-BaconAndEggs/frame_0000028444
saving homo to  ./data/homos_train/P09/homo/P09-R01-PastaSalad/frame_0000042583
saving homo to  ./data/homos_train/OP04/homo/OP04-R03-BaconAndEggs/frame_0000019083
saving homo to  ./data/homos_train/P18/homo/P18-R03-BaconAndEggs/frame_0000007249
saving homo to  ./data/homos_train/OP01/homo/OP01-R02-TurkeySandwich/frame_0000007024
saving homo to  ./data/homos_train/P13/homo/P13-R01-PastaSalad/frame_0000060006
saving homo to  ./data/homos_train/OP01/homo/OP01-R02-TurkeySandwich/frame_0000009024
saving homo to  ./data/homos_train/OP03/homo/OP03-R01-PastaSalad/frame_0000004304
saving homo to  ./data/homos_train/OP02/homo/OP02-R03-BaconAndEggs/frame_0000021384
saving homo to  ./data/homos_train/P22/homo/P22-R03-BaconAndEggs/frame_0000059773
saving homo to  ./data/homos_train/P17/homo/P17-R04-ContinentalBreakfast/frame_0000027826
saving homo to  ./data/homos_train/P25/homo/P25-R06-GreekSalad/frame_0000027486
saving homo to  ./data/homos_train/OP02/homo/OP02-R03-BaconAndEggs/frame_0000001395
saving homo to  ./data/homos_train/P09/homo/P09-R01-PastaSalad/frame_0000018311
saving homo to  ./data/homos_train/OP03/homo/OP03-R04-ContinentalBreakfast/frame_0000012143
saving homo to  ./data/homos_train/P06/homo/P06-R01-PastaSalad/frame_0000019147
saving homo to  ./data/homos_train/P08/homo/P08-R01-PastaSalad/frame_0000040160
saving homo to  ./data/homos_train/P20/homo/P20-R04-ContinentalBreakfast/frame_0000002079
saving homo to  ./data/homos_train/P02/homo/P02-R03-BaconAndEggs/frame_0000045209
saving homo to  ./data/homos_train/P18/homo/P18-R04-ContinentalBreakfast/frame_0000012281
saving homo to  ./data/homos_train/OP04/homo/OP04-R03-BaconAndEggs/frame_0000006168
saving homo to  ./data/homos_train/P23/homo/P23-R03-BaconAndEggs/frame_0000003730
saving homo to  ./data/homos_train/P10/homo/P10-R01-PastaSalad/frame_0000029261
saving homo to  ./data/homos_train/P14/homo/P14-R02-TurkeySandwich/frame_0000008581
saving homo to  ./data/homos_train/P05/homo/P05-R02-TurkeySandwich/frame_0000011405
saving homo to  ./data/homos_train/OP02/homo/OP02-R05-Cheeseburger/frame_0000008804
saving homo to  ./data/homos_train/P12/homo/P12-R02-TurkeySandwich/frame_0000011358
saving homo to  ./data/homos_train/P08/homo/P08-R01-PastaSalad/frame_0000042331
saving homo to  ./data/homos_train/P20/homo/P20-R04-ContinentalBreakfast/frame_0000018522
saving homo to  ./data/homos_train/P19/homo/P19-R04-ContinentalBreakfast/frame_0000020845
saving homo to  ./data/homos_train/P11/homo/P11-R01-PastaSalad/frame_0000029074
saving homo to  ./data/homos_train/P14/homo/P14-R01-PastaSalad/frame_0000027447
saving homo to  ./data/homos_train/P16/homo/P16-R03-BaconAndEggs/frame_0000033078
saving homo to  ./data/homos_train/OP03/homo/OP03-R06-GreekSalad/frame_0000010011
saving homo to  ./data/homos_train/P10/homo/P10-R01-PastaSalad/frame_0000053952
saving homo to  ./data/homos_train/P17/homo/P17-R04-ContinentalBreakfast/frame_0000011886
saving homo to  ./data/homos_train/OP01/homo/OP01-R06-GreekSalad/frame_0000003251
saving homo to  ./data/homos_train/P24/homo/P24-R03-BaconAndEggs/frame_0000020577
saving homo to  ./data/homos_train/P02/homo/P02-R01-PastaSalad/frame_0000016604
saving homo to  ./data/homos_train/OP01/homo/OP01-R03-BaconAndEggs/frame_0000027260
saving homo to  ./data/homos_train/P09/homo/P09-R01-PastaSalad/frame_0000024334
saving homo to  ./data/homos_train/OP01/homo/OP01-R03-BaconAndEggs/frame_0000017854
saving homo to  ./data/homos_train/P11/homo/P11-R02-TurkeySandwich/frame_0000015219
saving homo to  ./data/homos_train/OP04/homo/OP04-R01-PastaSalad/frame_0000026070
saving homo to  ./data/homos_train/P14/homo/P14-R01-PastaSalad/frame_0000040199
saving homo to  ./data/homos_train/P23/homo/P23-R03-BaconAndEggs/frame_0000032813
saving homo to  ./data/homos_train/OP01/homo/OP01-R01-PastaSalad/frame_0000041583
saving homo to  ./data/homos_train/P18/homo/P18-R03-BaconAndEggs/frame_0000019148
saving homo to  ./data/homos_train/P25/homo/P25-R06-GreekSalad/frame_0000029125
saving homo to  ./data/homos_train/P13/homo/P13-R01-PastaSalad/frame_0000045974
saving homo to  ./data/homos_train/P17/homo/P17-R03-BaconAndEggs/frame_0000005952
saving homo to  ./data/homos_train/P06/homo/P06-R01-PastaSalad/frame_0000033592
saving homo to  ./data/homos_train/P18/homo/P18-R04-ContinentalBreakfast/frame_0000020038
saving homo to  ./data/homos_train/OP02/homo/OP02-R03-BaconAndEggs/frame_0000023107
saving homo to  ./data/homos_train/P13/homo/P13-R01-PastaSalad/frame_0000053954
saving homo to  ./data/homos_train/OP03/homo/OP03-R02-TurkeySandwich/frame_0000008908
saving homo to  ./data/homos_train/P07/homo/P07-R01-PastaSalad/frame_0000037610
saving homo to  ./data/homos_train/P14/homo/P14-R01-PastaSalad/frame_0000025894
saving homo to  ./data/homos_train/P19/homo/P19-R04-ContinentalBreakfast/frame_0000011780
saving homo to  ./data/homos_train/OP01/homo/OP01-R06-GreekSalad/frame_0000014197
saving homo to  ./data/homos_train/OP01/homo/OP01-R02-TurkeySandwich/frame_0000005611
saving homo to  ./data/homos_train/P23/homo/P23-R03-BaconAndEggs/frame_0000022920
saving homo to  ./data/homos_train/OP06/homo/OP06-R07-Pizza/frame_0000013119
saving homo to  ./data/homos_train/P07/homo/P07-R01-PastaSalad/frame_0000036339
saving homo to  ./data/homos_train/P04/homo/P04-R01-PastaSalad/frame_0000059281
saving homo to  ./data/homos_train/P03/homo/P03-R01-PastaSalad/frame_0000007568
saving homo to  ./data/homos_train/P26/homo/P26-R05-Cheeseburger/frame_0000006609
saving homo to  ./data/homos_train/P04/homo/P04-R05-Cheeseburger/frame_0000009471
saving homo to  ./data/homos_train/P14/homo/P14-R01-PastaSalad/frame_0000019777
saving homo to  ./data/homos_train/P10/homo/P10-R05-Cheeseburger/frame_0000008458
saving homo to  ./data/homos_train/OP03/homo/OP03-R04-ContinentalBreakfast/frame_0000012081
saving homo to  ./data/homos_train/P13/homo/P13-R01-PastaSalad/frame_0000043687
saving homo to  ./data/homos_train/OP02/homo/OP02-R03-BaconAndEggs/frame_0000012093
saving homo to  ./data/homos_train/P02/homo/P02-R03-BaconAndEggs/frame_0000009008
saving homo to  ./data/homos_train/OP02/homo/OP02-R04-ContinentalBreakfast/frame_0000005994
saving homo to  ./data/homos_train/P02/homo/P02-R01-PastaSalad/frame_0000019696
saving homo to  ./data/homos_train/OP03/homo/OP03-R05-Cheeseburger/frame_0000011254
saving homo to  ./data/homos_train/P13/homo/P13-R01-PastaSalad/frame_0000058283
saving homo to  ./data/homos_train/OP03/homo/OP03-R02-TurkeySandwich/frame_0000008344
saving homo to  ./data/homos_train/P10/homo/P10-R05-Cheeseburger/frame_0000021624
saving homo to  ./data/homos_train/OP01/homo/OP01-R06-GreekSalad/frame_0000017307
saving homo to  ./data/homos_train/P05/homo/P05-R01-PastaSalad/frame_0000039047
saving homo to  ./data/homos_train/OP01/homo/OP01-R04-ContinentalBreakfast/frame_0000002089
saving homo to  ./data/homos_train/P13/homo/P13-R01-PastaSalad/frame_0000058105
saving homo to  ./data/homos_train/OP03/homo/OP03-R03-BaconAndEggs/frame_0000013076
saving homo to  ./data/homos_train/P19/homo/P19-R04-ContinentalBreakfast/frame_0000008817
saving homo to  ./data/homos_train/P04/homo/P04-R06-GreekSalad/frame_0000029914
saving homo to  ./data/homos_train/P07/homo/P07-R01-PastaSalad/frame_0000002401
saving homo to  ./data/homos_train/OP01/homo/OP01-R03-BaconAndEggs/frame_0000012955
saving homo to  ./data/homos_train/OP01/homo/OP01-R03-BaconAndEggs/frame_0000001356
saving homo to  ./data/homos_train/OP01/homo/OP01-R02-TurkeySandwich/frame_0000008999
saving homo to  ./data/homos_train/P13/homo/P13-R01-PastaSalad/frame_0000068052
saving homo to  ./data/homos_train/P22/homo/P22-R03-BaconAndEggs/frame_0000059822
saving homo to  ./data/homos_train/P02/homo/P02-R05-Cheeseburger/frame_0000027774
saving homo to  ./data/homos_train/P08/homo/P08-R01-PastaSalad/frame_0000043629
saving homo to  ./data/homos_train/P02/homo/P02-R01-PastaSalad/frame_0000049976
saving homo to  ./data/homos_train/P13/homo/P13-R01-PastaSalad/frame_0000068296
saving homo to  ./data/homos_train/OP02/homo/OP02-R01-PastaSalad/frame_0000013615
saving homo to  ./data/homos_train/OP03/homo/OP03-R06-GreekSalad/frame_0000009874
saving homo to  ./data/homos_train/P14/homo/P14-R02-TurkeySandwich/frame_0000004677
saving homo to  ./data/homos_train/OP03/homo/OP03-R05-Cheeseburger/frame_0000004906
saving homo to  ./data/homos_train/P17/homo/P17-R03-BaconAndEggs/frame_0000033738
saving homo to  ./data/homos_train/P25/homo/P25-R06-GreekSalad/frame_0000037034
saving homo to  ./data/homos_train/P24/homo/P24-R03-BaconAndEggs/frame_0000040307
saving homo to  ./data/homos_train/P13/homo/P13-R01-PastaSalad/frame_0000058974
saving homo to  ./data/homos_train/OP01/homo/OP01-R06-GreekSalad/frame_0000023783
saving homo to  ./data/homos_train/OP03/homo/OP03-R05-Cheeseburger/frame_0000019382
saving homo to  ./data/homos_train/P13/homo/P13-R01-PastaSalad/frame_0000053396
saving homo to  ./data/homos_train/P24/homo/P24-R03-BaconAndEggs/frame_0000005572
saving homo to  ./data/homos_train/OP03/homo/OP03-R01-PastaSalad/frame_0000026101
saving homo to  ./data/homos_train/OP01/homo/OP01-R05-Cheeseburger/frame_0000002981
saving homo to  ./data/homos_train/P04/homo/P04-R05-Cheeseburger/frame_0000014167
saving homo to  ./data/homos_train/P04/homo/P04-R06-GreekSalad/frame_0000004619
saving homo to  ./data/homos_train/P20/homo/P20-R04-ContinentalBreakfast/frame_0000023246
saving homo to  ./data/homos_train/P13/homo/P13-R01-PastaSalad/frame_0000055055
saving homo to  ./data/homos_train/OP02/homo/OP02-R06-GreekSalad/frame_0000012758
saving homo to  ./data/homos_train/OP03/homo/OP03-R02-TurkeySandwich/frame_0000010038
saving homo to  ./data/homos_train/P09/homo/P09-R01-PastaSalad/frame_0000013567
saving homo to  ./data/homos_train/OP02/homo/OP02-R03-BaconAndEggs/frame_0000022917
saving homo to  ./data/homos_train/OP03/homo/OP03-R06-GreekSalad/frame_0000005411
saving homo to  ./data/homos_train/P08/homo/P08-R01-PastaSalad/frame_0000049730
saving homo to  ./data/homos_train/OP01/homo/OP01-R05-Cheeseburger/frame_0000006298
saving homo to  ./data/homos_train/OP03/homo/OP03-R06-GreekSalad/frame_0000019776
saving homo to  ./data/homos_train/OP02/homo/OP02-R04-ContinentalBreakfast/frame_0000011648
saving homo to  ./data/homos_train/OP02/homo/OP02-R05-Cheeseburger/frame_0000010686
saving homo to  ./data/homos_train/P14/homo/P14-R02-TurkeySandwich/frame_0000012929
saving homo to  ./data/homos_train/P22/homo/P22-R03-BaconAndEggs/frame_0000053225
saving homo to  ./data/homos_train/P19/homo/P19-R03-BaconAndEggs/frame_0000027623
saving homo to  ./data/homos_train/OP01/homo/OP01-R06-GreekSalad/frame_0000015054
saving homo to  ./data/homos_train/P05/homo/P05-R01-PastaSalad/frame_0000043784
saving homo to  ./data/homos_train/P14/homo/P14-R01-PastaSalad/frame_0000058381
saving homo to  ./data/homos_train/P02/homo/P02-R01-PastaSalad/frame_0000005378
saving homo to  ./data/homos_train/P04/homo/P04-R01-PastaSalad/frame_0000036634
saving homo to  ./data/homos_train/OP02/homo/OP02-R05-Cheeseburger/frame_0000006025
saving homo to  ./data/homos_train/OP01/homo/OP01-R06-GreekSalad/frame_0000004709
saving homo to  ./data/homos_train/P23/homo/P23-R03-BaconAndEggs/frame_0000069482
saving homo to  ./data/homos_train/OP01/homo/OP01-R05-Cheeseburger/frame_0000014126
saving homo to  ./data/homos_train/OP03/homo/OP03-R05-Cheeseburger/frame_0000017391
saving homo to  ./data/homos_train/P25/homo/P25-R06-GreekSalad/frame_0000023463
saving homo to  ./data/homos_train/P26/homo/P26-R05-Cheeseburger/frame_0000006494
saving homo to  ./data/homos_train/OP02/homo/OP02-R06-GreekSalad/frame_0000002334
saving homo to  ./data/homos_train/P20/homo/P20-R03-BaconAndEggs/frame_0000028593
saving homo to  ./data/homos_train/OP02/homo/OP02-R03-BaconAndEggs/frame_0000010454
saving homo to  ./data/homos_train/OP05/homo/OP05-R04-ContinentalBreakfast/frame_0000011658
saving homo to  ./data/homos_train/P02/homo/P02-R05-Cheeseburger/frame_0000014715
saving homo to  ./data/homos_train/P13/homo/P13-R01-PastaSalad/frame_0000047037
saving homo to  ./data/homos_train/OP05/homo/OP05-R07-Pizza/frame_0000010258
saving homo to  ./data/homos_train/P22/homo/P22-R03-BaconAndEggs/frame_0000018689
saving homo to  ./data/homos_train/P19/homo/P19-R04-ContinentalBreakfast/frame_0000013993
saving homo to  ./data/homos_train/OP01/homo/OP01-R01-PastaSalad/frame_0000020268
saving homo to  ./data/homos_train/OP02/homo/OP02-R06-GreekSalad/frame_0000001065
saving homo to  ./data/homos_train/P22/homo/P22-R03-BaconAndEggs/frame_0000018582
saving homo to  ./data/homos_train/P04/homo/P04-R06-GreekSalad/frame_0000022314
saving homo to  ./data/homos_train/OP01/homo/OP01-R04-ContinentalBreakfast/frame_0000006458
saving homo to  ./data/homos_train/P20/homo/P20-R03-BaconAndEggs/frame_0000021691
saving homo to  ./data/homos_train/P14/homo/P14-R01-PastaSalad/frame_0000054580
saving homo to  ./data/homos_train/P22/homo/P22-R03-BaconAndEggs/frame_0000074351
saving homo to  ./data/homos_train/P10/homo/P10-R05-Cheeseburger/frame_0000009332
saving homo to  ./data/homos_train/OP03/homo/OP03-R02-TurkeySandwich/frame_0000005258
saving homo to  ./data/homos_train/OP03/homo/OP03-R02-TurkeySandwich/frame_0000008772
saving homo to  ./data/homos_train/P15/homo/P15-R01-PastaSalad/frame_0000026968
saving homo to  ./data/homos_train/OP02/homo/OP02-R07-Pizza/frame_0000005801
saving homo to  ./data/homos_train/OP06/homo/OP06-R03-BaconAndEggs/frame_0000015134
saving homo to  ./data/homos_train/OP03/homo/OP03-R01-PastaSalad/frame_0000006509
saving homo to  ./data/homos_train/OP05/homo/OP05-R04-ContinentalBreakfast/frame_0000003651
saving homo to  ./data/homos_train/P23/homo/P23-R03-BaconAndEggs/frame_0000016759
saving homo to  ./data/homos_train/P02/homo/P02-R03-BaconAndEggs/frame_0000045186
saving homo to  ./data/homos_train/P08/homo/P08-R01-PastaSalad/frame_0000019982
saving homo to  ./data/homos_train/P22/homo/P22-R03-BaconAndEggs/frame_0000010219
saving homo to  ./data/homos_train/P02/homo/P02-R04-ContinentalBreakfast/frame_0000005266
saving homo to  ./data/homos_train/P02/homo/P02-R04-ContinentalBreakfast/frame_0000007140
saving homo to  ./data/homos_train/OP03/homo/OP03-R01-PastaSalad/frame_0000017007
saving homo to  ./data/homos_train/OP02/homo/OP02-R04-ContinentalBreakfast/frame_0000004646
saving homo to  ./data/homos_train/P11/homo/P11-R01-PastaSalad/frame_0000057892
saving homo to  ./data/homos_train/OP03/homo/OP03-R06-GreekSalad/frame_0000022364
saving homo to  ./data/homos_train/P03/homo/P03-R01-PastaSalad/frame_0000003674
saving homo to  ./data/homos_train/OP01/homo/OP01-R01-PastaSalad/frame_0000018864
saving homo to  ./data/homos_train/P16/homo/P16-R03-BaconAndEggs/frame_0000033261
saving homo to  ./data/homos_train/OP04/homo/OP04-R02-TurkeySandwich/frame_0000001673
saving homo to  ./data/homos_train/P24/homo/P24-R03-BaconAndEggs/frame_0000033737
saving homo to  ./data/homos_train/P10/homo/P10-R05-Cheeseburger/frame_0000016730
saving homo to  ./data/homos_train/OP04/homo/OP04-R01-PastaSalad/frame_0000025942
saving homo to  ./data/homos_train/P03/homo/P03-R01-PastaSalad/frame_0000018144
saving homo to  ./data/homos_train/P13/homo/P13-R01-PastaSalad/frame_0000027440
saving homo to  ./data/homos_train/P07/homo/P07-R01-PastaSalad/frame_0000054226
saving homo to  ./data/homos_train/P08/homo/P08-R01-PastaSalad/frame_0000045169
saving homo to  ./data/homos_train/OP03/homo/OP03-R03-BaconAndEggs/frame_0000020945
saving homo to  ./data/homos_train/P02/homo/P02-R05-Cheeseburger/frame_0000010634
saving homo to  ./data/homos_train/P11/homo/P11-R01-PastaSalad/frame_0000053401
saving homo to  ./data/homos_train/OP03/homo/OP03-R07-Pizza/frame_0000009196
saving homo to  ./data/homos_train/P22/homo/P22-R03-BaconAndEggs/frame_0000021119
saving homo to  ./data/homos_train/OP01/homo/OP01-R01-PastaSalad/frame_0000004609
saving homo to  ./data/homos_train/OP01/homo/OP01-R04-ContinentalBreakfast/frame_0000006027
saving homo to  ./data/homos_train/P08/homo/P08-R01-PastaSalad/frame_0000023276
saving homo to  ./data/homos_train/P22/homo/P22-R03-BaconAndEggs/frame_0000042596
saving homo to  ./data/homos_train/P02/homo/P02-R06-GreekSalad/frame_0000009246
saving homo to  ./data/homos_train/P03/homo/P03-R01-PastaSalad/frame_0000005022
saving homo to  ./data/homos_train/P22/homo/P22-R03-BaconAndEggs/frame_0000060956
saving homo to  ./data/homos_train/P02/homo/P02-R03-BaconAndEggs/frame_0000035659
saving homo to  ./data/homos_train/OP04/homo/OP04-R01-PastaSalad/frame_0000013543
saving homo to  ./data/homos_train/OP01/homo/OP01-R06-GreekSalad/frame_0000011419
saving homo to  ./data/homos_train/P13/homo/P13-R01-PastaSalad/frame_0000004660
saving homo to  ./data/homos_train/P20/homo/P20-R04-ContinentalBreakfast/frame_0000025042
saving homo to  ./data/homos_train/P11/homo/P11-R01-PastaSalad/frame_0000017018
saving homo to  ./data/homos_train/P23/homo/P23-R03-BaconAndEggs/frame_0000025661
saving homo to  ./data/homos_train/OP01/homo/OP01-R06-GreekSalad/frame_0000012846
saving homo to  ./data/homos_train/P25/homo/P25-R06-GreekSalad/frame_0000051747
saving homo to  ./data/homos_train/OP03/homo/OP03-R02-TurkeySandwich/frame_0000003785
saving homo to  ./data/homos_train/P09/homo/P09-R01-PastaSalad/frame_0000055056
saving homo to  ./data/homos_train/OP01/homo/OP01-R03-BaconAndEggs/frame_0000014958
saving homo to  ./data/homos_train/P24/homo/P24-R03-BaconAndEggs/frame_0000026310
saving homo to  ./data/homos_train/OP03/homo/OP03-R03-BaconAndEggs/frame_0000022953
saving homo to  ./data/homos_train/P08/homo/P08-R01-PastaSalad/frame_0000019751
saving homo to  ./data/homos_train/P18/homo/P18-R03-BaconAndEggs/frame_0000034103
saving homo to  ./data/homos_train/OP01/homo/OP01-R04-ContinentalBreakfast/frame_0000011184
saving homo to  ./data/homos_train/OP02/homo/OP02-R03-BaconAndEggs/frame_0000022972
saving homo to  ./data/homos_train/P12/homo/P12-R02-TurkeySandwich/frame_0000005175
saving homo to  ./data/homos_train/P17/homo/P17-R04-ContinentalBreakfast/frame_0000011357
saving homo to  ./data/homos_train/OP01/homo/OP01-R01-PastaSalad/frame_0000009250
saving homo to  ./data/homos_train/OP03/homo/OP03-R01-PastaSalad/frame_0000027308
saving homo to  ./data/homos_train/OP04/homo/OP04-R01-PastaSalad/frame_0000022830
saving homo to  ./data/homos_train/P11/homo/P11-R02-TurkeySandwich/frame_0000004929
saving homo to  ./data/homos_train/P07/homo/P07-R01-PastaSalad/frame_0000051175
saving homo to  ./data/homos_train/P10/homo/P10-R05-Cheeseburger/frame_0000013165
saving homo to  ./data/homos_train/OP03/homo/OP03-R02-TurkeySandwich/frame_0000005750
saving homo to  ./data/homos_train/OP01/homo/OP01-R02-TurkeySandwich/frame_0000006261
saving homo to  ./data/homos_train/OP01/homo/OP01-R02-TurkeySandwich/frame_0000009167
saving homo to  ./data/homos_train/OP02/homo/OP02-R07-Pizza/frame_0000016590
saving homo to  ./data/homos_train/P08/homo/P08-R01-PastaSalad/frame_0000013433
saving homo to  ./data/homos_train/OP01/homo/OP01-R03-BaconAndEggs/frame_0000004871
saving homo to  ./data/homos_train/OP01/homo/OP01-R03-BaconAndEggs/frame_0000026716
saving homo to  ./data/homos_train/OP06/homo/OP06-R04-ContinentalBreakfast/frame_0000004090
saving homo to  ./data/homos_train/OP02/homo/OP02-R02-TurkeySandwich/frame_0000010134
saving homo to  ./data/homos_train/OP02/homo/OP02-R02-TurkeySandwich/frame_0000005892
saving homo to  ./data/homos_train/P04/homo/P04-R06-GreekSalad/frame_0000032920
saving homo to  ./data/homos_train/P09/homo/P09-R01-PastaSalad/frame_0000049459
saving homo to  ./data/homos_train/OP01/homo/OP01-R03-BaconAndEggs/frame_0000009199
saving homo to  ./data/homos_train/OP02/homo/OP02-R02-TurkeySandwich/frame_0000008869
saving homo to  ./data/homos_train/P22/homo/P22-R03-BaconAndEggs/frame_0000044698
saving homo to  ./data/homos_train/P17/homo/P17-R04-ContinentalBreakfast/frame_0000010775
saving homo to  ./data/homos_train/OP01/homo/OP01-R05-Cheeseburger/frame_0000014178
saving homo to  ./data/homos_train/OP06/homo/OP06-R05-Cheeseburger/frame_0000019214
saving homo to  ./data/homos_train/P20/homo/P20-R04-ContinentalBreakfast/frame_0000018287
saving homo to  ./data/homos_train/OP02/homo/OP02-R07-Pizza/frame_0000016747
saving homo to  ./data/homos_train/OP04/homo/OP04-R01-PastaSalad/frame_0000009624
saving homo to  ./data/homos_train/P22/homo/P22-R03-BaconAndEggs/frame_0000094527
saving homo to  ./data/homos_train/OP03/homo/OP03-R06-GreekSalad/frame_0000019652
saving homo to  ./data/homos_train/P07/homo/P07-R01-PastaSalad/frame_0000044340
saving homo to  ./data/homos_train/P11/homo/P11-R01-PastaSalad/frame_0000048531
saving homo to  ./data/homos_train/P10/homo/P10-R05-Cheeseburger/frame_0000008340
saving homo to  ./data/homos_train/P13/homo/P13-R01-PastaSalad/frame_0000039717
saving homo to  ./data/homos_train/P04/homo/P04-R05-Cheeseburger/frame_0000027270
saving homo to  ./data/homos_train/P03/homo/P03-R01-PastaSalad/frame_0000020574
saving homo to  ./data/homos_train/P13/homo/P13-R01-PastaSalad/frame_0000076717
saving homo to  ./data/homos_train/P22/homo/P22-R03-BaconAndEggs/frame_0000058453
saving homo to  ./data/homos_train/P25/homo/P25-R06-GreekSalad/frame_0000057014
saving homo to  ./data/homos_train/P20/homo/P20-R03-BaconAndEggs/frame_0000008467
saving homo to  ./data/homos_train/OP03/homo/OP03-R05-Cheeseburger/frame_0000004092
saving homo to  ./data/homos_train/OP04/homo/OP04-R04-ContinentalBreakfast/frame_0000002915
saving homo to  ./data/homos_train/P18/homo/P18-R03-BaconAndEggs/frame_0000025519
saving homo to  ./data/homos_train/P05/homo/P05-R02-TurkeySandwich/frame_0000006878
saving homo to  ./data/homos_train/P08/homo/P08-R01-PastaSalad/frame_0000004656
saving homo to  ./data/homos_train/P02/homo/P02-R06-GreekSalad/frame_0000007209
saving homo to  ./data/homos_train/P24/homo/P24-R03-BaconAndEggs/frame_0000039546
saving homo to  ./data/homos_train/OP01/homo/OP01-R03-BaconAndEggs/frame_0000008384
saving homo to  ./data/homos_train/P09/homo/P09-R01-PastaSalad/frame_0000029812
saving homo to  ./data/homos_train/P19/homo/P19-R03-BaconAndEggs/frame_0000019761
saving homo to  ./data/homos_train/OP02/homo/OP02-R04-ContinentalBreakfast/frame_0000006555
saving homo to  ./data/homos_train/OP03/homo/OP03-R04-ContinentalBreakfast/frame_0000008563
saving homo to  ./data/homos_train/P18/homo/P18-R04-ContinentalBreakfast/frame_0000010513
saving homo to  ./data/homos_train/OP06/homo/OP06-R04-ContinentalBreakfast/frame_0000008521
saving homo to  ./data/homos_train/P09/homo/P09-R01-PastaSalad/frame_0000033228
saving homo to  ./data/homos_train/OP01/homo/OP01-R03-BaconAndEggs/frame_0000001470
saving homo to  ./data/homos_train/P10/homo/P10-R05-Cheeseburger/frame_0000023766
saving homo to  ./data/homos_train/OP06/homo/OP06-R07-Pizza/frame_0000016920
saving homo to  ./data/homos_train/P11/homo/P11-R01-PastaSalad/frame_0000044492
saving homo to  ./data/homos_train/OP01/homo/OP01-R02-TurkeySandwich/frame_0000006433
saving homo to  ./data/homos_train/P22/homo/P22-R03-BaconAndEggs/frame_0000035189
saving homo to  ./data/homos_train/P14/homo/P14-R02-TurkeySandwich/frame_0000018578
saving homo to  ./data/homos_train/OP06/homo/OP06-R05-Cheeseburger/frame_0000019190
saving homo to  ./data/homos_train/P01/homo/P01-R01-PastaSalad/frame_0000038871
saving homo to  ./data/homos_train/P22/homo/P22-R03-BaconAndEggs/frame_0000054904
saving homo to  ./data/homos_train/P08/homo/P08-R01-PastaSalad/frame_0000024509
saving homo to  ./data/homos_train/P20/homo/P20-R03-BaconAndEggs/frame_0000030373
saving homo to  ./data/homos_train/OP03/homo/OP03-R05-Cheeseburger/frame_0000019715
saving homo to  ./data/homos_train/P10/homo/P10-R05-Cheeseburger/frame_0000010540
saving homo to  ./data/homos_train/OP01/homo/OP01-R02-TurkeySandwich/frame_0000008885
saving homo to  ./data/homos_train/P14/homo/P14-R01-PastaSalad/frame_0000041538
saving homo to  ./data/homos_train/P01/homo/P01-R01-PastaSalad/frame_0000039788
saving homo to  ./data/homos_train/P07/homo/P07-R01-PastaSalad/frame_0000026703
saving homo to  ./data/homos_train/P12/homo/P12-R02-TurkeySandwich/frame_0000008647
saving homo to  ./data/homos_train/P11/homo/P11-R02-TurkeySandwich/frame_0000007277
saving homo to  ./data/homos_train/OP04/homo/OP04-R04-ContinentalBreakfast/frame_0000002727
saving homo to  ./data/homos_train/P11/homo/P11-R02-TurkeySandwich/frame_0000005768
saving homo to  ./data/homos_train/P10/homo/P10-R05-Cheeseburger/frame_0000014509
saving homo to  ./data/homos_train/P02/homo/P02-R01-PastaSalad/frame_0000027208
saving homo to  ./data/homos_train/P09/homo/P09-R01-PastaSalad/frame_0000029740
saving homo to  ./data/homos_train/OP01/homo/OP01-R05-Cheeseburger/frame_0000017256
saving homo to  ./data/homos_train/P22/homo/P22-R03-BaconAndEggs/frame_0000028520
saving homo to  ./data/homos_train/P09/homo/P09-R02-TurkeySandwich/frame_0000006702
saving homo to  ./data/homos_train/OP03/homo/OP03-R05-Cheeseburger/frame_0000021260
saving homo to  ./data/homos_train/OP04/homo/OP04-R05-Cheeseburger/frame_0000012526
saving homo to  ./data/homos_train/OP03/homo/OP03-R03-BaconAndEggs/frame_0000002785
saving homo to  ./data/homos_train/P22/homo/P22-R03-BaconAndEggs/frame_0000012078
saving homo to  ./data/homos_train/OP01/homo/OP01-R03-BaconAndEggs/frame_0000027014
saving homo to  ./data/homos_train/OP01/homo/OP01-R05-Cheeseburger/frame_0000008486
saving homo to  ./data/homos_train/P10/homo/P10-R01-PastaSalad/frame_0000027134
saving homo to  ./data/homos_train/P20/homo/P20-R04-ContinentalBreakfast/frame_0000014732
saving homo to  ./data/homos_train/P24/homo/P24-R03-BaconAndEggs/frame_0000040254
saving homo to  ./data/homos_train/P11/homo/P11-R01-PastaSalad/frame_0000034376
saving homo to  ./data/homos_train/P09/homo/P09-R02-TurkeySandwich/frame_0000006196
saving homo to  ./data/homos_train/P19/homo/P19-R04-ContinentalBreakfast/frame_0000020766
saving homo to  ./data/homos_train/OP02/homo/OP02-R03-BaconAndEggs/frame_0000002101
saving homo to  ./data/homos_train/OP03/homo/OP03-R04-ContinentalBreakfast/frame_0000011878
saving homo to  ./data/homos_train/OP03/homo/OP03-R01-PastaSalad/frame_0000001603
saving homo to  ./data/homos_train/OP02/homo/OP02-R06-GreekSalad/frame_0000010568
saving homo to  ./data/homos_train/P24/homo/P24-R03-BaconAndEggs/frame_0000009197
saving homo to  ./data/homos_train/OP01/homo/OP01-R06-GreekSalad/frame_0000006210
saving homo to  ./data/homos_train/P18/homo/P18-R03-BaconAndEggs/frame_0000007188
saving homo to  ./data/homos_train/OP03/homo/OP03-R02-TurkeySandwich/frame_0000005670
saving homo to  ./data/homos_train/P17/homo/P17-R03-BaconAndEggs/frame_0000008409
saving homo to  ./data/homos_train/OP05/homo/OP05-R04-ContinentalBreakfast/frame_0000007585
saving homo to  ./data/homos_train/P06/homo/P06-R01-PastaSalad/frame_0000021341
saving homo to  ./data/homos_train/OP03/homo/OP03-R05-Cheeseburger/frame_0000018343
saving homo to  ./data/homos_train/OP02/homo/OP02-R03-BaconAndEggs/frame_0000022638
saving homo to  ./data/homos_train/P05/homo/P05-R01-PastaSalad/frame_0000048904
saving homo to  ./data/homos_train/P18/homo/P18-R03-BaconAndEggs/frame_0000029860
saving homo to  ./data/homos_train/OP03/homo/OP03-R04-ContinentalBreakfast/frame_0000006017
saving homo to  ./data/homos_train/P22/homo/P22-R03-BaconAndEggs/frame_0000051774
saving homo to  ./data/homos_train/P23/homo/P23-R03-BaconAndEggs/frame_0000065567
saving homo to  ./data/homos_train/P22/homo/P22-R03-BaconAndEggs/frame_0000094709
saving homo to  ./data/homos_train/P18/homo/P18-R04-ContinentalBreakfast/frame_0000007277
saving homo to  ./data/homos_train/P08/homo/P08-R01-PastaSalad/frame_0000022046
saving homo to  ./data/homos_train/OP01/homo/OP01-R06-GreekSalad/frame_0000022656
saving homo to  ./data/homos_train/P16/homo/P16-R03-BaconAndEggs/frame_0000030240
saving homo to  ./data/homos_train/P03/homo/P03-R01-PastaSalad/frame_0000059631
saving homo to  ./data/homos_train/P09/homo/P09-R01-PastaSalad/frame_0000053063
saving homo to  ./data/homos_train/P02/homo/P02-R01-PastaSalad/frame_0000020970
saving homo to  ./data/homos_train/P24/homo/P24-R03-BaconAndEggs/frame_0000009145
saving homo to  ./data/homos_train/P02/homo/P02-R01-PastaSalad/frame_0000017732
saving homo to  ./data/homos_train/OP03/homo/OP03-R01-PastaSalad/frame_0000027362
saving homo to  ./data/homos_train/OP02/homo/OP02-R01-PastaSalad/frame_0000005276
saving homo to  ./data/homos_train/P14/homo/P14-R01-PastaSalad/frame_0000018035
saving homo to  ./data/homos_train/P10/homo/P10-R05-Cheeseburger/frame_0000017119
saving homo to  ./data/homos_train/P10/homo/P10-R01-PastaSalad/frame_0000006630
saving homo to  ./data/homos_train/OP01/homo/OP01-R04-ContinentalBreakfast/frame_0000004195
saving homo to  ./data/homos_train/OP04/homo/OP04-R01-PastaSalad/frame_0000014245
saving homo to  ./data/homos_train/P21/homo/P21-R03-BaconAndEggs/frame_0000008553
saving homo to  ./data/homos_train/P02/homo/P02-R04-ContinentalBreakfast/frame_0000036514
saving homo to  ./data/homos_train/OP03/homo/OP03-R01-PastaSalad/frame_0000005549
saving homo to  ./data/homos_train/OP01/homo/OP01-R06-GreekSalad/frame_0000021485
saving homo to  ./data/homos_train/P13/homo/P13-R01-PastaSalad/frame_0000024155
saving homo to  ./data/homos_train/OP06/homo/OP06-R06-GreekSalad/frame_0000009159
saving homo to  ./data/homos_train/OP03/homo/OP03-R02-TurkeySandwich/frame_0000004236
saving homo to  ./data/homos_train/P02/homo/P02-R06-GreekSalad/frame_0000001537
saving homo to  ./data/homos_train/P13/homo/P13-R01-PastaSalad/frame_0000051487
saving homo to  ./data/homos_train/OP03/homo/OP03-R06-GreekSalad/frame_0000020185
saving homo to  ./data/homos_train/P13/homo/P13-R01-PastaSalad/frame_0000043397
saving homo to  ./data/homos_train/P24/homo/P24-R03-BaconAndEggs/frame_0000035869
saving homo to  ./data/homos_train/P13/homo/P13-R01-PastaSalad/frame_0000046952
saving homo to  ./data/homos_train/P13/homo/P13-R01-PastaSalad/frame_0000083832
saving homo to  ./data/homos_train/P21/homo/P21-R03-BaconAndEggs/frame_0000033860
saving homo to  ./data/homos_train/P24/homo/P24-R03-BaconAndEggs/frame_0000014388
saving homo to  ./data/homos_train/P02/homo/P02-R05-Cheeseburger/frame_0000010045
saving homo to  ./data/homos_train/P11/homo/P11-R02-TurkeySandwich/frame_0000015283
saving homo to  ./data/homos_train/P13/homo/P13-R01-PastaSalad/frame_0000091541
saving homo to  ./data/homos_train/OP02/homo/OP02-R07-Pizza/frame_0000016875
saving homo to  ./data/homos_train/P13/homo/P13-R01-PastaSalad/frame_0000060289
saving homo to  ./data/homos_train/P16/homo/P16-R03-BaconAndEggs/frame_0000048636
saving homo to  ./data/homos_train/P04/homo/P04-R01-PastaSalad/frame_0000049080
saving homo to  ./data/homos_train/OP01/homo/OP01-R05-Cheeseburger/frame_0000006399
saving homo to  ./data/homos_train/OP03/homo/OP03-R07-Pizza/frame_0000008781
saving homo to  ./data/homos_train/OP03/homo/OP03-R01-PastaSalad/frame_0000027331
saving homo to  ./data/homos_train/P13/homo/P13-R01-PastaSalad/frame_0000071148
saving homo to  ./data/homos_train/P03/homo/P03-R01-PastaSalad/frame_0000069600
saving homo to  ./data/homos_train/P13/homo/P13-R01-PastaSalad/frame_0000078702
saving homo to  ./data/homos_train/OP01/homo/OP01-R05-Cheeseburger/frame_0000008540
saving homo to  ./data/homos_train/P24/homo/P24-R03-BaconAndEggs/frame_0000009283
saving homo to  ./data/homos_train/OP03/homo/OP03-R02-TurkeySandwich/frame_0000010063
saving homo to  ./data/homos_train/OP04/homo/OP04-R01-PastaSalad/frame_0000012470
saving homo to  ./data/homos_train/P13/homo/P13-R01-PastaSalad/frame_0000082713
saving homo to  ./data/homos_train/P21/homo/P21-R04-ContinentalBreakfast/frame_0000008923
saving homo to  ./data/homos_train/P11/homo/P11-R01-PastaSalad/frame_0000029259
saving homo to  ./data/homos_train/OP04/homo/OP04-R01-PastaSalad/frame_0000002367
saving homo to  ./data/homos_train/OP06/homo/OP06-R04-ContinentalBreakfast/frame_0000007439
saving homo to  ./data/homos_train/P14/homo/P14-R01-PastaSalad/frame_0000026287
saving homo to  ./data/homos_train/P02/homo/P02-R03-BaconAndEggs/frame_0000042284
saving homo to  ./data/homos_train/P16/homo/P16-R03-BaconAndEggs/frame_0000046776
saving homo to  ./data/homos_train/P22/homo/P22-R03-BaconAndEggs/frame_0000073328
saving homo to  ./data/homos_train/OP03/homo/OP03-R03-BaconAndEggs/frame_0000004613
saving homo to  ./data/homos_train/P17/homo/P17-R04-ContinentalBreakfast/frame_0000023110
saving homo to  ./data/homos_train/OP01/homo/OP01-R01-PastaSalad/frame_0000018943
saving homo to  ./data/homos_train/P16/homo/P16-R03-BaconAndEggs/frame_0000025155
saving homo to  ./data/homos_train/OP03/homo/OP03-R03-BaconAndEggs/frame_0000021401
saving homo to  ./data/homos_train/P14/homo/P14-R01-PastaSalad/frame_0000041040
saving homo to  ./data/homos_train/P11/homo/P11-R02-TurkeySandwich/frame_0000012958
saving homo to  ./data/homos_train/P13/homo/P13-R01-PastaSalad/frame_0000037346
saving homo to  ./data/homos_train/OP04/homo/OP04-R01-PastaSalad/frame_0000015289
saving homo to  ./data/homos_train/P10/homo/P10-R05-Cheeseburger/frame_0000009201
saving homo to  ./data/homos_train/OP03/homo/OP03-R02-TurkeySandwich/frame_0000010946
saving homo to  ./data/homos_train/P21/homo/P21-R06-GreekSalad/frame_0000008626
saving homo to  ./data/homos_train/P06/homo/P06-R02-TurkeySandwich/frame_0000011486
saving homo to  ./data/homos_train/P02/homo/P02-R05-Cheeseburger/frame_0000015006
saving homo to  ./data/homos_train/OP01/homo/OP01-R04-ContinentalBreakfast/frame_0000006248
saving homo to  ./data/homos_train/OP05/homo/OP05-R04-ContinentalBreakfast/frame_0000013026
saving homo to  ./data/homos_train/P13/homo/P13-R01-PastaSalad/frame_0000037488
saving homo to  ./data/homos_train/OP03/homo/OP03-R06-GreekSalad/frame_0000012041
saving homo to  ./data/homos_train/P13/homo/P13-R01-PastaSalad/frame_0000089475
saving homo to  ./data/homos_train/P23/homo/P23-R03-BaconAndEggs/frame_0000021811
saving homo to  ./data/homos_train/P10/homo/P10-R01-PastaSalad/frame_0000018762
saving homo to  ./data/homos_train/OP03/homo/OP03-R05-Cheeseburger/frame_0000018484
saving homo to  ./data/homos_train/P13/homo/P13-R01-PastaSalad/frame_0000059035
saving homo to  ./data/homos_train/OP01/homo/OP01-R02-TurkeySandwich/frame_0000006561
saving homo to  ./data/homos_train/OP02/homo/OP02-R07-Pizza/frame_0000011455
saving homo to  ./data/homos_train/P02/homo/P02-R01-PastaSalad/frame_0000052215
saving homo to  ./data/homos_train/OP03/homo/OP03-R01-PastaSalad/frame_0000027406
saving homo to  ./data/homos_train/P10/homo/P10-R05-Cheeseburger/frame_0000001250
saving homo to  ./data/homos_train/P02/homo/P02-R05-Cheeseburger/frame_0000010891
saving homo to  ./data/homos_train/P23/homo/P23-R03-BaconAndEggs/frame_0000035490
saving homo to  ./data/homos_train/OP03/homo/OP03-R07-Pizza/frame_0000005211
saving homo to  ./data/homos_train/P18/homo/P18-R03-BaconAndEggs/frame_0000006935
saving homo to  ./data/homos_train/OP02/homo/OP02-R01-PastaSalad/frame_0000014244
saving homo to  ./data/homos_train/P24/homo/P24-R03-BaconAndEggs/frame_0000008176
saving homo to  ./data/homos_train/P17/homo/P17-R04-ContinentalBreakfast/frame_0000008779
saving homo to  ./data/homos_train/P09/homo/P09-R01-PastaSalad/frame_0000028088
saving homo to  ./data/homos_train/P12/homo/P12-R02-TurkeySandwich/frame_0000003409
saving homo to  ./data/homos_train/OP03/homo/OP03-R01-PastaSalad/frame_0000021947
saving homo to  ./data/homos_train/OP06/homo/OP06-R05-Cheeseburger/frame_0000016489
saving homo to  ./data/homos_train/P02/homo/P02-R01-PastaSalad/frame_0000036836
saving homo to  ./data/homos_train/P09/homo/P09-R02-TurkeySandwich/frame_0000006826
saving homo to  ./data/homos_train/OP01/homo/OP01-R05-Cheeseburger/frame_0000012789
saving homo to  ./data/homos_train/OP02/homo/OP02-R05-Cheeseburger/frame_0000012614
saving homo to  ./data/homos_train/P04/homo/P04-R05-Cheeseburger/frame_0000010746
saving homo to  ./data/homos_train/OP02/homo/OP02-R07-Pizza/frame_0000010939
saving homo to  ./data/homos_train/P13/homo/P13-R01-PastaSalad/frame_0000081252
saving homo to  ./data/homos_train/P02/homo/P02-R03-BaconAndEggs/frame_0000044124
saving homo to  ./data/homos_train/OP04/homo/OP04-R05-Cheeseburger/frame_0000010775
saving homo to  ./data/homos_train/P13/homo/P13-R01-PastaSalad/frame_0000070311
saving homo to  ./data/homos_train/OP03/homo/OP03-R05-Cheeseburger/frame_0000022129
saving homo to  ./data/homos_train/P25/homo/P25-R06-GreekSalad/frame_0000018666
saving homo to  ./data/homos_train/OP04/homo/OP04-R04-ContinentalBreakfast/frame_0000008986
saving homo to  ./data/homos_train/P18/homo/P18-R04-ContinentalBreakfast/frame_0000005060
saving homo to  ./data/homos_train/P02/homo/P02-R05-Cheeseburger/frame_0000018492
saving homo to  ./data/homos_train/P03/homo/P03-R01-PastaSalad/frame_0000047673
saving homo to  ./data/homos_train/P17/homo/P17-R04-ContinentalBreakfast/frame_0000002884
saving homo to  ./data/homos_train/P02/homo/P02-R04-ContinentalBreakfast/frame_0000010277
saving homo to  ./data/homos_train/OP02/homo/OP02-R07-Pizza/frame_0000019398
saving homo to  ./data/homos_train/P22/homo/P22-R03-BaconAndEggs/frame_0000009846
saving homo to  ./data/homos_train/P18/homo/P18-R04-ContinentalBreakfast/frame_0000019112
saving homo to  ./data/homos_train/OP01/homo/OP01-R05-Cheeseburger/frame_0000018724
saving homo to  ./data/homos_train/P13/homo/P13-R01-PastaSalad/frame_0000075640
saving homo to  ./data/homos_train/P24/homo/P24-R03-BaconAndEggs/frame_0000006266
saving homo to  ./data/homos_train/P13/homo/P13-R01-PastaSalad/frame_0000080335
saving homo to  ./data/homos_train/P07/homo/P07-R01-PastaSalad/frame_0000042886
saving homo to  ./data/homos_train/P10/homo/P10-R05-Cheeseburger/frame_0000020230
saving homo to  ./data/homos_train/P24/homo/P24-R03-BaconAndEggs/frame_0000025904
saving homo to  ./data/homos_train/P26/homo/P26-R05-Cheeseburger/frame_0000033582
saving homo to  ./data/homos_train/OP02/homo/OP02-R03-BaconAndEggs/frame_0000019776
saving homo to  ./data/homos_train/P11/homo/P11-R02-TurkeySandwich/frame_0000013950
saving homo to  ./data/homos_train/P22/homo/P22-R03-BaconAndEggs/frame_0000035177
saving homo to  ./data/homos_train/P02/homo/P02-R05-Cheeseburger/frame_0000023888
saving homo to  ./data/homos_train/OP03/homo/OP03-R02-TurkeySandwich/frame_0000009313
saving homo to  ./data/homos_train/P12/homo/P12-R01-PastaSalad/frame_0000002331
saving homo to  ./data/homos_train/P09/homo/P09-R01-PastaSalad/frame_0000055846
saving homo to  ./data/homos_train/P18/homo/P18-R04-ContinentalBreakfast/frame_0000019268
saving homo to  ./data/homos_train/P07/homo/P07-R01-PastaSalad/frame_0000043029
saving homo to  ./data/homos_train/P04/homo/P04-R06-GreekSalad/frame_0000033244
saving homo to  ./data/homos_train/P09/homo/P09-R02-TurkeySandwich/frame_0000006430
saving homo to  ./data/homos_train/P24/homo/P24-R03-BaconAndEggs/frame_0000021293
saving homo to  ./data/homos_train/P22/homo/P22-R03-BaconAndEggs/frame_0000018496
saving homo to  ./data/homos_train/OP01/homo/OP01-R03-BaconAndEggs/frame_0000003210
saving homo to  ./data/homos_train/P13/homo/P13-R01-PastaSalad/frame_0000045192
saving homo to  ./data/homos_train/P10/homo/P10-R05-Cheeseburger/frame_0000021057
saving homo to  ./data/homos_train/P15/homo/P15-R01-PastaSalad/frame_0000017940
saving homo to  ./data/homos_train/OP04/homo/OP04-R04-ContinentalBreakfast/frame_0000015244
saving homo to  ./data/homos_train/P17/homo/P17-R04-ContinentalBreakfast/frame_0000005155
saving homo to  ./data/homos_train/P13/homo/P13-R01-PastaSalad/frame_0000046909
saving homo to  ./data/homos_train/P19/homo/P19-R04-ContinentalBreakfast/frame_0000011412
saving homo to  ./data/homos_train/P08/homo/P08-R01-PastaSalad/frame_0000012262
saving homo to  ./data/homos_train/P02/homo/P02-R05-Cheeseburger/frame_0000025930
saving homo to  ./data/homos_train/OP03/homo/OP03-R01-PastaSalad/frame_0000027069
saving homo to  ./data/homos_train/OP06/homo/OP06-R02-TurkeySandwich/frame_0000008903
saving homo to  ./data/homos_train/OP02/homo/OP02-R04-ContinentalBreakfast/frame_0000004332
saving homo to  ./data/homos_train/OP03/homo/OP03-R05-Cheeseburger/frame_0000023304
saving homo to  ./data/homos_train/P02/homo/P02-R01-PastaSalad/frame_0000050023
saving homo to  ./data/homos_train/P13/homo/P13-R01-PastaSalad/frame_0000036224
saving homo to  ./data/homos_train/P09/homo/P09-R01-PastaSalad/frame_0000033969
saving homo to  ./data/homos_train/P17/homo/P17-R03-BaconAndEggs/frame_0000008949
saving homo to  ./data/homos_train/P13/homo/P13-R01-PastaSalad/frame_0000021953
saving homo to  ./data/homos_train/P13/homo/P13-R01-PastaSalad/frame_0000002429
saving homo to  ./data/homos_train/OP01/homo/OP01-R06-GreekSalad/frame_0000021422
saving homo to  ./data/homos_train/P06/homo/P06-R01-PastaSalad/frame_0000016620
saving homo to  ./data/homos_train/OP01/homo/OP01-R03-BaconAndEggs/frame_0000009718
saving homo to  ./data/homos_train/OP01/homo/OP01-R02-TurkeySandwich/frame_0000006498
saving homo to  ./data/homos_train/P02/homo/P02-R01-PastaSalad/frame_0000034036
saving homo to  ./data/homos_train/P20/homo/P20-R03-BaconAndEggs/frame_0000036762
saving homo to  ./data/homos_train/P22/homo/P22-R03-BaconAndEggs/frame_0000050306
saving homo to  ./data/homos_train/P13/homo/P13-R01-PastaSalad/frame_0000066409
saving homo to  ./data/homos_train/OP06/homo/OP06-R02-TurkeySandwich/frame_0000013724
saving homo to  ./data/homos_train/P02/homo/P02-R01-PastaSalad/frame_0000022562
saving homo to  ./data/homos_train/P17/homo/P17-R03-BaconAndEggs/frame_0000007026
saving homo to  ./data/homos_train/OP01/homo/OP01-R03-BaconAndEggs/frame_0000008776
saving homo to  ./data/homos_train/P26/homo/P26-R05-Cheeseburger/frame_0000021776
saving homo to  ./data/homos_train/P06/homo/P06-R02-TurkeySandwich/frame_0000012487
saving homo to  ./data/homos_train/P15/homo/P15-R01-PastaSalad/frame_0000023691
saving homo to  ./data/homos_train/OP02/homo/OP02-R05-Cheeseburger/frame_0000010283
saving homo to  ./data/homos_train/P24/homo/P24-R03-BaconAndEggs/frame_0000003251
saving homo to  ./data/homos_train/OP01/homo/OP01-R02-TurkeySandwich/frame_0000006397
saving homo to  ./data/homos_train/P02/homo/P02-R06-GreekSalad/frame_0000013485
saving homo to  ./data/homos_train/P03/homo/P03-R01-PastaSalad/frame_0000040165
saving homo to  ./data/homos_train/OP03/homo/OP03-R05-Cheeseburger/frame_0000003762
saving homo to  ./data/homos_train/P22/homo/P22-R03-BaconAndEggs/frame_0000014424
saving homo to  ./data/homos_train/P13/homo/P13-R01-PastaSalad/frame_0000067934
saving homo to  ./data/homos_train/P02/homo/P02-R01-PastaSalad/frame_0000024521
saving homo to  ./data/homos_train/P16/homo/P16-R03-BaconAndEggs/frame_0000017017
saving homo to  ./data/homos_train/OP03/homo/OP03-R05-Cheeseburger/frame_0000018929
saving homo to  ./data/homos_train/P24/homo/P24-R03-BaconAndEggs/frame_0000058802
saving homo to  ./data/homos_train/P17/homo/P17-R04-ContinentalBreakfast/frame_0000006087
saving homo to  ./data/homos_train/P09/homo/P09-R01-PastaSalad/frame_0000018455
saving homo to  ./data/homos_train/OP01/homo/OP01-R07-Pizza/frame_0000018975
saving homo to  ./data/homos_train/P23/homo/P23-R03-BaconAndEggs/frame_0000003346
saving homo to  ./data/homos_train/P20/homo/P20-R03-BaconAndEggs/frame_0000017126
saving homo to  ./data/homos_train/OP04/homo/OP04-R01-PastaSalad/frame_0000015139
saving homo to  ./data/homos_train/P02/homo/P02-R05-Cheeseburger/frame_0000021356
saving homo to  ./data/homos_train/P19/homo/P19-R04-ContinentalBreakfast/frame_0000020767
saving homo to  ./data/homos_train/P12/homo/P12-R02-TurkeySandwich/frame_0000006054
saving homo to  ./data/homos_train/P10/homo/P10-R06-GreekSalad/frame_0000021930
saving homo to  ./data/homos_train/P03/homo/P03-R01-PastaSalad/frame_0000068026
saving homo to  ./data/homos_train/OP03/homo/OP03-R02-TurkeySandwich/frame_0000009251
saving homo to  ./data/homos_train/P17/homo/P17-R04-ContinentalBreakfast/frame_0000005035
saving homo to  ./data/homos_train/P10/homo/P10-R05-Cheeseburger/frame_0000022685
saving homo to  ./data/homos_train/OP03/homo/OP03-R03-BaconAndEggs/frame_0000024119
saving homo to  ./data/homos_train/P05/homo/P05-R02-TurkeySandwich/frame_0000012507
saving homo to  ./data/homos_train/OP01/homo/OP01-R06-GreekSalad/frame_0000024064
saving homo to  ./data/homos_train/P13/homo/P13-R01-PastaSalad/frame_0000041431
saving homo to  ./data/homos_train/OP03/homo/OP03-R04-ContinentalBreakfast/frame_0000000849
saving homo to  ./data/homos_train/OP03/homo/OP03-R03-BaconAndEggs/frame_0000005709
saving homo to  ./data/homos_train/P03/homo/P03-R01-PastaSalad/frame_0000058243
saving homo to  ./data/homos_train/P09/homo/P09-R02-TurkeySandwich/frame_0000007179
saving homo to  ./data/homos_train/P04/homo/P04-R01-PastaSalad/frame_0000006213
saving homo to  ./data/homos_train/P02/homo/P02-R01-PastaSalad/frame_0000049840
saving homo to  ./data/homos_train/OP01/homo/OP01-R03-BaconAndEggs/frame_0000024377
saving homo to  ./data/homos_train/P22/homo/P22-R03-BaconAndEggs/frame_0000008610
saving homo to  ./data/homos_train/P07/homo/P07-R01-PastaSalad/frame_0000048458
saving homo to  ./data/homos_train/P17/homo/P17-R04-ContinentalBreakfast/frame_0000004773
saving homo to  ./data/homos_train/OP02/homo/OP02-R02-TurkeySandwich/frame_0000006074
saving homo to  ./data/homos_train/P02/homo/P02-R03-BaconAndEggs/frame_0000038420
saving homo to  ./data/homos_train/OP05/homo/OP05-R04-ContinentalBreakfast/frame_0000013449
saving homo to  ./data/homos_train/P22/homo/P22-R03-BaconAndEggs/frame_0000019841
saving homo to  ./data/homos_train/P01/homo/P01-R02-TurkeySandwich/frame_0000011830
saving homo to  ./data/homos_train/OP01/homo/OP01-R05-Cheeseburger/frame_0000018707
saving homo to  ./data/homos_train/P17/homo/P17-R03-BaconAndEggs/frame_0000020601
saving homo to  ./data/homos_train/OP04/homo/OP04-R01-PastaSalad/frame_0000011139
saving homo to  ./data/homos_train/OP03/homo/OP03-R04-ContinentalBreakfast/frame_0000006384
saving homo to  ./data/homos_train/P09/homo/P09-R02-TurkeySandwich/frame_0000012216
saving homo to  ./data/homos_train/P10/homo/P10-R01-PastaSalad/frame_0000038454
saving homo to  ./data/homos_train/OP06/homo/OP06-R07-Pizza/frame_0000017047
saving homo to  ./data/homos_train/P05/homo/P05-R02-TurkeySandwich/frame_0000022313
saving homo to  ./data/homos_train/P01/homo/P01-R02-TurkeySandwich/frame_0000012143
saving homo to  ./data/homos_train/OP04/homo/OP04-R05-Cheeseburger/frame_0000009097
saving homo to  ./data/homos_train/OP03/homo/OP03-R02-TurkeySandwich/frame_0000010339
saving homo to  ./data/homos_train/P14/homo/P14-R01-PastaSalad/frame_0000026557
saving homo to  ./data/homos_train/OP01/homo/OP01-R06-GreekSalad/frame_0000017559
saving homo to  ./data/homos_train/P10/homo/P10-R05-Cheeseburger/frame_0000013966
saving homo to  ./data/homos_train/OP01/homo/OP01-R05-Cheeseburger/frame_0000010435
saving homo to  ./data/homos_train/OP02/homo/OP02-R07-Pizza/frame_0000005433
saving homo to  ./data/homos_train/P11/homo/P11-R01-PastaSalad/frame_0000005843
saving homo to  ./data/homos_train/P13/homo/P13-R01-PastaSalad/frame_0000067730
saving homo to  ./data/homos_train/P07/homo/P07-R01-PastaSalad/frame_0000040719
saving homo to  ./data/homos_train/OP01/homo/OP01-R01-PastaSalad/frame_0000026047
saving homo to  ./data/homos_train/P02/homo/P02-R01-PastaSalad/frame_0000037717
saving homo to  ./data/homos_train/P11/homo/P11-R01-PastaSalad/frame_0000053318
saving homo to  ./data/homos_train/OP04/homo/OP04-R03-BaconAndEggs/frame_0000007277
saving homo to  ./data/homos_train/P14/homo/P14-R02-TurkeySandwich/frame_0000008851
saving homo to  ./data/homos_train/P07/homo/P07-R01-PastaSalad/frame_0000038136
saving homo to  ./data/homos_train/OP06/homo/OP06-R03-BaconAndEggs/frame_0000002014
saving homo to  ./data/homos_train/P18/homo/P18-R03-BaconAndEggs/frame_0000027528
saving homo to  ./data/homos_train/P07/homo/P07-R01-PastaSalad/frame_0000037140
saving homo to  ./data/homos_train/OP04/homo/OP04-R03-BaconAndEggs/frame_0000005981
saving homo to  ./data/homos_train/OP01/homo/OP01-R06-GreekSalad/frame_0000023883
saving homo to  ./data/homos_train/P09/homo/P09-R01-PastaSalad/frame_0000048601
saving homo to  ./data/homos_train/OP06/homo/OP06-R05-Cheeseburger/frame_0000018933
saving homo to  ./data/homos_train/P24/homo/P24-R03-BaconAndEggs/frame_0000003337
saving homo to  ./data/homos_train/OP01/homo/OP01-R01-PastaSalad/frame_0000011162
saving homo to  ./data/homos_train/OP04/homo/OP04-R01-PastaSalad/frame_0000010781
saving homo to  ./data/homos_train/P08/homo/P08-R01-PastaSalad/frame_0000015004
saving homo to  ./data/homos_train/OP01/homo/OP01-R02-TurkeySandwich/frame_0000006309
saving homo to  ./data/homos_train/OP01/homo/OP01-R06-GreekSalad/frame_0000021502
saving homo to  ./data/homos_train/OP03/homo/OP03-R06-GreekSalad/frame_0000004795
saving homo to  ./data/homos_train/OP01/homo/OP01-R04-ContinentalBreakfast/frame_0000011664
saving homo to  ./data/homos_train/OP03/homo/OP03-R01-PastaSalad/frame_0000026255
saving homo to  ./data/homos_train/P18/homo/P18-R03-BaconAndEggs/frame_0000008771
saving homo to  ./data/homos_train/P21/homo/P21-R06-GreekSalad/frame_0000008722
saving homo to  ./data/homos_train/OP03/homo/OP03-R06-GreekSalad/frame_0000007134
saving homo to  ./data/homos_train/P25/homo/P25-R06-GreekSalad/frame_0000035369
saving homo to  ./data/homos_train/P11/homo/P11-R01-PastaSalad/frame_0000028820
saving homo to  ./data/homos_train/P02/homo/P02-R06-GreekSalad/frame_0000013611
saving homo to  ./data/homos_train/OP04/homo/OP04-R01-PastaSalad/frame_0000024220
saving homo to  ./data/homos_train/P09/homo/P09-R02-TurkeySandwich/frame_0000012366
saving homo to  ./data/homos_train/OP01/homo/OP01-R06-GreekSalad/frame_0000021536
saving homo to  ./data/homos_train/P05/homo/P05-R01-PastaSalad/frame_0000026458
saving homo to  ./data/homos_train/OP03/homo/OP03-R05-Cheeseburger/frame_0000004954
saving homo to  ./data/homos_train/P09/homo/P09-R02-TurkeySandwich/frame_0000005108
saving homo to  ./data/homos_train/OP03/homo/OP03-R04-ContinentalBreakfast/frame_0000011387
saving homo to  ./data/homos_train/P13/homo/P13-R01-PastaSalad/frame_0000005287
saving homo to  ./data/homos_train/P13/homo/P13-R01-PastaSalad/frame_0000039750
saving homo to  ./data/homos_train/P23/homo/P23-R03-BaconAndEggs/frame_0000024855
saving homo to  ./data/homos_train/P05/homo/P05-R02-TurkeySandwich/frame_0000017897
saving homo to  ./data/homos_train/OP03/homo/OP03-R03-BaconAndEggs/frame_0000012795
saving homo to  ./data/homos_train/P08/homo/P08-R01-PastaSalad/frame_0000037576
saving homo to  ./data/homos_train/P21/homo/P21-R05-Cheeseburger/frame_0000001411
saving homo to  ./data/homos_train/P02/homo/P02-R03-BaconAndEggs/frame_0000034283
saving homo to  ./data/homos_train/OP01/homo/OP01-R07-Pizza/frame_0000006991
saving homo to  ./data/homos_train/P01/homo/P01-R02-TurkeySandwich/frame_0000008697
saving homo to  ./data/homos_train/P05/homo/P05-R02-TurkeySandwich/frame_0000004684
saving homo to  ./data/homos_train/P26/homo/P26-R05-Cheeseburger/frame_0000007278
saving homo to  ./data/homos_train/P10/homo/P10-R01-PastaSalad/frame_0000005030
saving homo to  ./data/homos_train/OP03/homo/OP03-R06-GreekSalad/frame_0000013006
saving homo to  ./data/homos_train/P21/homo/P21-R06-GreekSalad/frame_0000010610
saving homo to  ./data/homos_train/P14/homo/P14-R01-PastaSalad/frame_0000051260
saving homo to  ./data/homos_train/OP06/homo/OP06-R05-Cheeseburger/frame_0000005613
saving homo to  ./data/homos_train/P22/homo/P22-R03-BaconAndEggs/frame_0000067287
saving homo to  ./data/homos_train/P10/homo/P10-R02-TurkeySandwich/frame_0000005189
saving homo to  ./data/homos_train/P10/homo/P10-R01-PastaSalad/frame_0000007218
saving homo to  ./data/homos_train/OP02/homo/OP02-R04-ContinentalBreakfast/frame_0000003071
saving homo to  ./data/homos_train/OP04/homo/OP04-R04-ContinentalBreakfast/frame_0000004872
saving homo to  ./data/homos_train/P10/homo/P10-R06-GreekSalad/frame_0000003198
saving homo to  ./data/homos_train/P23/homo/P23-R03-BaconAndEggs/frame_0000017059
saving homo to  ./data/homos_train/P22/homo/P22-R03-BaconAndEggs/frame_0000057517
saving homo to  ./data/homos_train/OP02/homo/OP02-R05-Cheeseburger/frame_0000012515
saving homo to  ./data/homos_train/OP01/homo/OP01-R05-Cheeseburger/frame_0000006763
saving homo to  ./data/homos_train/P10/homo/P10-R05-Cheeseburger/frame_0000022018
saving homo to  ./data/homos_train/P07/homo/P07-R01-PastaSalad/frame_0000041985
saving homo to  ./data/homos_train/P02/homo/P02-R03-BaconAndEggs/frame_0000011399
saving homo to  ./data/homos_train/P10/homo/P10-R05-Cheeseburger/frame_0000009621
saving homo to  ./data/homos_train/OP01/homo/OP01-R02-TurkeySandwich/frame_0000010258
saving homo to  ./data/homos_train/P17/homo/P17-R03-BaconAndEggs/frame_0000005898
saving homo to  ./data/homos_train/P10/homo/P10-R01-PastaSalad/frame_0000041367
saving homo to  ./data/homos_train/P20/homo/P20-R04-ContinentalBreakfast/frame_0000011614
saving homo to  ./data/homos_train/P17/homo/P17-R04-ContinentalBreakfast/frame_0000022247
saving homo to  ./data/homos_train/OP02/homo/OP02-R05-Cheeseburger/frame_0000011108
saving homo to  ./data/homos_train/P18/homo/P18-R04-ContinentalBreakfast/frame_0000022902
saving homo to  ./data/homos_train/P14/homo/P14-R01-PastaSalad/frame_0000055661
saving homo to  ./data/homos_train/P13/homo/P13-R01-PastaSalad/frame_0000067385
saving homo to  ./data/homos_train/P26/homo/P26-R05-Cheeseburger/frame_0000030383
saving homo to  ./data/homos_train/P11/homo/P11-R01-PastaSalad/frame_0000022333
saving homo to  ./data/homos_train/P18/homo/P18-R04-ContinentalBreakfast/frame_0000006403
saving homo to  ./data/homos_train/P23/homo/P23-R03-BaconAndEggs/frame_0000025689
saving homo to  ./data/homos_train/OP03/homo/OP03-R07-Pizza/frame_0000018736
saving homo to  ./data/homos_train/OP04/homo/OP04-R01-PastaSalad/frame_0000001671
saving homo to  ./data/homos_train/P10/homo/P10-R06-GreekSalad/frame_0000004528
saving homo to  ./data/homos_train/P06/homo/P06-R02-TurkeySandwich/frame_0000006765
saving homo to  ./data/homos_train/P21/homo/P21-R03-BaconAndEggs/frame_0000043423
saving homo to  ./data/homos_train/P12/homo/P12-R02-TurkeySandwich/frame_0000015055
saving homo to  ./data/homos_train/OP02/homo/OP02-R03-BaconAndEggs/frame_0000021449
saving homo to  ./data/homos_train/OP04/homo/OP04-R03-BaconAndEggs/frame_0000005244
saving homo to  ./data/homos_train/OP05/homo/OP05-R07-Pizza/frame_0000009173
saving homo to  ./data/homos_train/P24/homo/P24-R03-BaconAndEggs/frame_0000021255
saving homo to  ./data/homos_train/P04/homo/P04-R01-PastaSalad/frame_0000050479
saving homo to  ./data/homos_train/P13/homo/P13-R01-PastaSalad/frame_0000034945
saving homo to  ./data/homos_train/P17/homo/P17-R04-ContinentalBreakfast/frame_0000005952
saving homo to  ./data/homos_train/OP03/homo/OP03-R06-GreekSalad/frame_0000015033
saving homo to  ./data/homos_train/P24/homo/P24-R03-BaconAndEggs/frame_0000020978
saving homo to  ./data/homos_train/P11/homo/P11-R01-PastaSalad/frame_0000023940
saving homo to  ./data/homos_train/P13/homo/P13-R01-PastaSalad/frame_0000090549
saving homo to  ./data/homos_train/P16/homo/P16-R03-BaconAndEggs/frame_0000052464
saving homo to  ./data/homos_train/OP01/homo/OP01-R01-PastaSalad/frame_0000021762
saving homo to  ./data/homos_train/P02/homo/P02-R05-Cheeseburger/frame_0000024522
saving homo to  ./data/homos_train/P18/homo/P18-R03-BaconAndEggs/frame_0000033567
saving homo to  ./data/homos_train/P02/homo/P02-R05-Cheeseburger/frame_0000010385
saving homo to  ./data/homos_train/P02/homo/P02-R05-Cheeseburger/frame_0000014478
saving homo to  ./data/homos_train/P06/homo/P06-R02-TurkeySandwich/frame_0000005631
saving homo to  ./data/homos_train/OP01/homo/OP01-R03-BaconAndEggs/frame_0000021301
saving homo to  ./data/homos_train/P02/homo/P02-R01-PastaSalad/frame_0000042853
saving homo to  ./data/homos_train/P14/homo/P14-R01-PastaSalad/frame_0000018562
saving homo to  ./data/homos_train/P10/homo/P10-R01-PastaSalad/frame_0000013763
saving homo to  ./data/homos_train/P07/homo/P07-R01-PastaSalad/frame_0000036206
saving homo to  ./data/homos_train/P10/homo/P10-R01-PastaSalad/frame_0000052545
saving homo to  ./data/homos_train/P19/homo/P19-R04-ContinentalBreakfast/frame_0000010544
saving homo to  ./data/homos_train/OP04/homo/OP04-R02-TurkeySandwich/frame_0000004646
saving homo to  ./data/homos_train/P26/homo/P26-R05-Cheeseburger/frame_0000010980
saving homo to  ./data/homos_train/P02/homo/P02-R06-GreekSalad/frame_0000015113
saving homo to  ./data/homos_train/P20/homo/P20-R03-BaconAndEggs/frame_0000016376
saving homo to  ./data/homos_train/P14/homo/P14-R02-TurkeySandwich/frame_0000004924
saving homo to  ./data/homos_train/OP03/homo/OP03-R06-GreekSalad/frame_0000013178
saving homo to  ./data/homos_train/P11/homo/P11-R01-PastaSalad/frame_0000053648
saving homo to  ./data/homos_train/P24/homo/P24-R03-BaconAndEggs/frame_0000022050
saving homo to  ./data/homos_train/OP04/homo/OP04-R04-ContinentalBreakfast/frame_0000003729
saving homo to  ./data/homos_train/P19/homo/P19-R03-BaconAndEggs/frame_0000026251
saving homo to  ./data/homos_train/P22/homo/P22-R03-BaconAndEggs/frame_0000014784
saving homo to  ./data/homos_train/OP02/homo/OP02-R05-Cheeseburger/frame_0000004687
saving homo to  ./data/homos_train/P10/homo/P10-R05-Cheeseburger/frame_0000020320
saving homo to  ./data/homos_train/P24/homo/P24-R03-BaconAndEggs/frame_0000034225
saving homo to  ./data/homos_train/P16/homo/P16-R03-BaconAndEggs/frame_0000054822
saving homo to  ./data/homos_train/P03/homo/P03-R01-PastaSalad/frame_0000053443
saving homo to  ./data/homos_train/P09/homo/P09-R01-PastaSalad/frame_0000021093
saving homo to  ./data/homos_train/P24/homo/P24-R03-BaconAndEggs/frame_0000030025
saving homo to  ./data/homos_train/OP03/homo/OP03-R06-GreekSalad/frame_0000006467
saving homo to  ./data/homos_train/P13/homo/P13-R01-PastaSalad/frame_0000053884
saving homo to  ./data/homos_train/P09/homo/P09-R01-PastaSalad/frame_0000049086
saving homo to  ./data/homos_train/P22/homo/P22-R03-BaconAndEggs/frame_0000095100
saving homo to  ./data/homos_train/OP01/homo/OP01-R02-TurkeySandwich/frame_0000006145
saving homo to  ./data/homos_train/OP02/homo/OP02-R07-Pizza/frame_0000012070
saving homo to  ./data/homos_train/P01/homo/P01-R02-TurkeySandwich/frame_0000020882
saving homo to  ./data/homos_train/P14/homo/P14-R01-PastaSalad/frame_0000026242
saving homo to  ./data/homos_train/P08/homo/P08-R01-PastaSalad/frame_0000018357
saving homo to  ./data/homos_train/P11/homo/P11-R01-PastaSalad/frame_0000013855
saving homo to  ./data/homos_train/OP01/homo/OP01-R01-PastaSalad/frame_0000012456
saving homo to  ./data/homos_train/P02/homo/P02-R01-PastaSalad/frame_0000016416
saving homo to  ./data/homos_train/OP02/homo/OP02-R06-GreekSalad/frame_0000012654
saving homo to  ./data/homos_train/P15/homo/P15-R01-PastaSalad/frame_0000044128
saving homo to  ./data/homos_train/P18/homo/P18-R03-BaconAndEggs/frame_0000008931
saving homo to  ./data/homos_train/P05/homo/P05-R01-PastaSalad/frame_0000029861
saving homo to  ./data/homos_train/P10/homo/P10-R05-Cheeseburger/frame_0000024249
saving homo to  ./data/homos_train/P09/homo/P09-R01-PastaSalad/frame_0000033055
saving homo to  ./data/homos_train/P10/homo/P10-R02-TurkeySandwich/frame_0000006942
saving homo to  ./data/homos_train/OP03/homo/OP03-R03-BaconAndEggs/frame_0000024086
saving homo to  ./data/homos_train/P17/homo/P17-R04-ContinentalBreakfast/frame_0000024237
saving homo to  ./data/homos_train/P02/homo/P02-R04-ContinentalBreakfast/frame_0000037425
saving homo to  ./data/homos_train/P13/homo/P13-R01-PastaSalad/frame_0000005937
saving homo to  ./data/homos_train/P02/homo/P02-R01-PastaSalad/frame_0000022511
saving homo to  ./data/homos_train/OP03/homo/OP03-R04-ContinentalBreakfast/frame_0000003056
saving homo to  ./data/homos_train/P05/homo/P05-R01-PastaSalad/frame_0000022086
saving homo to  ./data/homos_train/OP02/homo/OP02-R05-Cheeseburger/frame_0000005968
saving homo to  ./data/homos_train/P02/homo/P02-R01-PastaSalad/frame_0000006347
saving homo to  ./data/homos_train/P14/homo/P14-R02-TurkeySandwich/frame_0000019744
saving homo to  ./data/homos_train/P22/homo/P22-R03-BaconAndEggs/frame_0000011879
saving homo to  ./data/homos_train/OP03/homo/OP03-R01-PastaSalad/frame_0000025994
saving homo to  ./data/homos_train/P14/homo/P14-R01-PastaSalad/frame_0000034015
saving homo to  ./data/homos_train/P08/homo/P08-R01-PastaSalad/frame_0000049111
saving homo to  ./data/homos_train/P09/homo/P09-R01-PastaSalad/frame_0000042655
saving homo to  ./data/homos_train/P13/homo/P13-R01-PastaSalad/frame_0000047081
saving homo to  ./data/homos_train/P06/homo/P06-R01-PastaSalad/frame_0000029697
saving homo to  ./data/homos_train/P03/homo/P03-R01-PastaSalad/frame_0000027919
saving homo to  ./data/homos_train/P17/homo/P17-R04-ContinentalBreakfast/frame_0000024383
saving homo to  ./data/homos_train/OP01/homo/OP01-R02-TurkeySandwich/frame_0000004288
saving homo to  ./data/homos_train/P10/homo/P10-R01-PastaSalad/frame_0000034630
saving homo to  ./data/homos_train/P17/homo/P17-R04-ContinentalBreakfast/frame_0000019049
saving homo to  ./data/homos_train/P16/homo/P16-R03-BaconAndEggs/frame_0000009920
saving homo to  ./data/homos_train/OP01/homo/OP01-R05-Cheeseburger/frame_0000008832
saving homo to  ./data/homos_train/OP02/homo/OP02-R03-BaconAndEggs/frame_0000005176
saving homo to  ./data/homos_train/OP01/homo/OP01-R06-GreekSalad/frame_0000021325
saving homo to  ./data/homos_train/P10/homo/P10-R05-Cheeseburger/frame_0000029305
saving homo to  ./data/homos_train/P23/homo/P23-R03-BaconAndEggs/frame_0000003378
saving homo to  ./data/homos_train/P11/homo/P11-R01-PastaSalad/frame_0000038131
saving homo to  ./data/homos_train/P08/homo/P08-R01-PastaSalad/frame_0000010011
saving homo to  ./data/homos_train/P17/homo/P17-R04-ContinentalBreakfast/frame_0000020084
saving homo to  ./data/homos_train/P12/homo/P12-R02-TurkeySandwich/frame_0000013291
saving homo to  ./data/homos_train/P02/homo/P02-R03-BaconAndEggs/frame_0000034353
saving homo to  ./data/homos_train/P10/homo/P10-R05-Cheeseburger/frame_0000028708
saving homo to  ./data/homos_train/P10/homo/P10-R01-PastaSalad/frame_0000014925
saving homo to  ./data/homos_train/P17/homo/P17-R03-BaconAndEggs/frame_0000028677
saving homo to  ./data/homos_train/OP04/homo/OP04-R07-Pizza/frame_0000003076
saving homo to  ./data/homos_train/P18/homo/P18-R03-BaconAndEggs/frame_0000013296
saving homo to  ./data/homos_train/P07/homo/P07-R01-PastaSalad/frame_0000002581
saving homo to  ./data/homos_train/OP04/homo/OP04-R07-Pizza/frame_0000009044
saving homo to  ./data/homos_train/P07/homo/P07-R01-PastaSalad/frame_0000049785
saving homo to  ./data/homos_train/OP04/homo/OP04-R05-Cheeseburger/frame_0000008851
saving homo to  ./data/homos_train/P17/homo/P17-R03-BaconAndEggs/frame_0000027980
saving homo to  ./data/homos_train/P26/homo/P26-R05-Cheeseburger/frame_0000033051
