/scratch/u6x/sx2022.u6x/miniconda3/envs/diffip/lib/python3.10/site-packages/torch/distributed/launch.py:208: FutureWarning: The module torch.distributed.launch is deprecated
and will be removed in future. Use torchrun.
Note that --use-env is set by default in torchrun.
If your script expects `--local-rank` argument to be set, please
change it to read from `os.environ['LOCAL_RANK']` instead. See 
https://pytorch.org/docs/stable/distributed.html#launch-utility for 
further instructions

  main()
[INFO] use batch size: 32
[INFO] diffusion setups
================= 
{'hidden_t_dim': 512, 'hidden_dim': 512, 'vocab_size': None, 'config_name': 'huggingface-config', 'use_plm_init': 'no', 'dropout': 0.1, 'diffusion_steps': 1000, 'noise_schedule': 'sqrt', 'learn_sigma': False, 'timestep_respacing': '', 'predict_xstart': True, 'rescale_timesteps': True, 'sigma_small': False, 'rescale_learned_sigmas': False, 'use_kl': False, 'sf_encoder_hidden': 64, 'traj_decoder_hidden1': 256, 'traj_decoder_hidden2': 64, 'motion_encoder_hidden': 64, 'madt_depth': 6, 'use_gaze': True, 'T_max': 18} 
=================
[INFO] finish building diffusion model!
[INFO] finish building schedule sampler!
Loading train samples:   0%|          | 0/1880 [00:00<?, ?it/s]Loading train samples:  58%|█████▊    | 1099/1880 [00:00<00:00, 10780.20it/s]Loading train samples: 100%|██████████| 1880/1880 [00:00<00:00, 11268.69it/s]
Loading validation samples:   0%|          | 0/442 [00:00<?, ?it/s]Loading validation samples: 100%|██████████| 442/442 [00:00<00:00, 9374.45it/s]
Loading eval samples:   0%|          | 0/69 [00:00<?, ?it/s]Loading eval samples: 100%|██████████| 69/69 [00:00<00:00, 5157.76it/s]
[INFO] Using lr 0.0002
[INFO] train epoch: 1
[rank0]:[W407 13:10:21.737434103 reducer.cpp:1400] Warning: find_unused_parameters=True was specified in DDP constructor, but did not find any unused parameters in the forward pass. This flag results in an extra traversal of the autograd graph every iteration,  which can adversely affect performance. If your model indeed never has any unused parameters in the forward pass, consider turning this flag off. Note that this warning may be a false positive if your model has flow control causing later iterations to have unused parameters. (function operator())
[rank0]: Traceback (most recent call last):
[rank0]:   File "/home/u6x/sx2022.u6x/Diff-IP2D-main/traineval.py", line 165, in <module>
[rank0]:     main(args)
[rank0]:   File "/home/u6x/sx2022.u6x/Diff-IP2D-main/traineval.py", line 147, in main
[rank0]:     ).run_loop()
[rank0]:   File "/home/u6x/sx2022.u6x/Diff-IP2D-main/netscripts/epoch_feat.py", line 304, in run_loop
[rank0]:     self.epoch_pass(
[rank0]:   File "/home/u6x/sx2022.u6x/Diff-IP2D-main/netscripts/epoch_feat.py", line 390, in epoch_pass
[rank0]:     loss_feat_dict = compute_losses()
[rank0]:   File "/home/u6x/sx2022.u6x/Diff-IP2D-main/diffip2d/gaussian_diffusion.py", line 975, in training_losses
[rank0]:     return super().training_losses(self._wrap_model(model), post_model, *args, **kwargs)
[rank0]:   File "/home/u6x/sx2022.u6x/Diff-IP2D-main/diffip2d/gaussian_diffusion.py", line 202, in training_losses
[rank0]:     return self.training_losses_seq2seq(model, post_model, *args, **kwargs)
[rank0]:   File "/home/u6x/sx2022.u6x/Diff-IP2D-main/diffip2d/gaussian_diffusion.py", line 649, in training_losses_seq2seq
[rank0]:     model_output_r = model(x_t_r, self._scale_timesteps(t), motion_feat_encoded, valid_mask_r, **model_kwargs)
[rank0]:   File "/home/u6x/sx2022.u6x/Diff-IP2D-main/diffip2d/gaussian_diffusion.py", line 1001, in __call__
[rank0]:     return self.model(x, new_ts, motion_feat_encoded, valid_mask, **kwargs)
[rank0]:   File "/scratch/u6x/sx2022.u6x/miniconda3/envs/diffip/lib/python3.10/site-packages/torch/nn/modules/module.py", line 1736, in _wrapped_call_impl
[rank0]:     return self._call_impl(*args, **kwargs)
[rank0]:   File "/scratch/u6x/sx2022.u6x/miniconda3/envs/diffip/lib/python3.10/site-packages/torch/nn/modules/module.py", line 1747, in _call_impl
[rank0]:     return forward_call(*args, **kwargs)
[rank0]:   File "/scratch/u6x/sx2022.u6x/miniconda3/envs/diffip/lib/python3.10/site-packages/torch/nn/parallel/distributed.py", line 1643, in forward
[rank0]:     else self._run_ddp_forward(*inputs, **kwargs)
[rank0]:   File "/scratch/u6x/sx2022.u6x/miniconda3/envs/diffip/lib/python3.10/site-packages/torch/nn/parallel/distributed.py", line 1459, in _run_ddp_forward
[rank0]:     return self.module(*inputs, **kwargs)  # type: ignore[index]
[rank0]:   File "/scratch/u6x/sx2022.u6x/miniconda3/envs/diffip/lib/python3.10/site-packages/torch/nn/modules/module.py", line 1736, in _wrapped_call_impl
[rank0]:     return self._call_impl(*args, **kwargs)
[rank0]:   File "/scratch/u6x/sx2022.u6x/miniconda3/envs/diffip/lib/python3.10/site-packages/torch/nn/modules/module.py", line 1747, in _call_impl
[rank0]:     return forward_call(*args, **kwargs)
[rank0]:   File "/home/u6x/sx2022.u6x/Diff-IP2D-main/diffip2d/transformer_model.py", line 382, in forward
[rank0]:     emb_inputs_r = blk(emb_inputs_r, emb_motion, memory_mask=None, trg_mask=None, gaze_feat=emb_gaze)
[rank0]:   File "/scratch/u6x/sx2022.u6x/miniconda3/envs/diffip/lib/python3.10/site-packages/torch/nn/modules/module.py", line 1736, in _wrapped_call_impl
[rank0]:     return self._call_impl(*args, **kwargs)
[rank0]:   File "/scratch/u6x/sx2022.u6x/miniconda3/envs/diffip/lib/python3.10/site-packages/torch/nn/modules/module.py", line 1747, in _call_impl
[rank0]:     return forward_call(*args, **kwargs)
[rank0]:   File "/home/u6x/sx2022.u6x/Diff-IP2D-main/diffip2d/transformer_model.py", line 274, in forward
[rank0]:     tgt = tgt + self.drop_path(self.gaze_cross_attn(
[rank0]:   File "/scratch/u6x/sx2022.u6x/miniconda3/envs/diffip/lib/python3.10/site-packages/torch/nn/modules/module.py", line 1736, in _wrapped_call_impl
[rank0]:     return self._call_impl(*args, **kwargs)
[rank0]:   File "/scratch/u6x/sx2022.u6x/miniconda3/envs/diffip/lib/python3.10/site-packages/torch/nn/modules/module.py", line 1747, in _call_impl
[rank0]:     return forward_call(*args, **kwargs)
[rank0]:   File "/home/u6x/sx2022.u6x/Diff-IP2D-main/diffip2d/gaze_modules.py", line 135, in forward
[rank0]:     attn = attn + self.temporal_bias[:, :, :T_h, :T_g]
[rank0]: RuntimeError: The size of tensor a (24) must match the size of tensor b (18) at non-singleton dimension 2
[rank0]:[W407 13:10:24.391007401 ProcessGroupNCCL.cpp:1250] Warning: WARNING: process group has NOT been destroyed before we destruct ProcessGroupNCCL. On normal program exit, the application should call destroy_process_group to ensure that any pending NCCL operations have finished in this process. In rare cases this process can exit before this point and block the progress of another member of the process group. This constraint has always been present,  but this warning has only been added since PyTorch 2.4 (function operator())
