==========================================
=== v12a (heatmap only) ===
==========================================
=== v12a (heatmap only) TRAINING ===
python traineval.py --ek_version=egtea --epochs=30 --batch_size=32 --num_classes=106 --seq_len_obs=10 --seq_len_unobs=3 --learnable_weight=True --use_gaze --gaze_bias_init_delta=3 --gaze_bias_init_amp=0.5 --gaze_heatmap_only
training dataset size: 1880
evaluation dataset size: 69
=== v12a (heatmap only) EVAL TRAJ ===
python traineval.py --evaluate --ek_version=egtea --num_classes=106 --seq_len_obs=10 --seq_len_unobs=3 --resume=./diffip_weights/checkpoint_30.pth.tar --traj_only --use_gaze --gaze_bias_init_delta=3 --gaze_bias_init_amp=0.5 --gaze_heatmap_only
evaluation dataset size: 442
=> loading sf_encoder_state_dict checkpoint './diffip_weights/checkpoint_30.pth.tar'
=> loading model_denoise_state_dict checkpoint './diffip_weights/checkpoint_30.pth.tar'
=> loading traj_decoder_state_dict checkpoint './diffip_weights/checkpoint_30.pth.tar'
=> loading model_hoi_state_dict checkpoint './diffip_weights/checkpoint_30.pth.tar'
=> loading motion_encoder_state_dict checkpoint './diffip_weights/checkpoint_30.pth.tar'
=> loading obj_head_state_dict checkpoint './diffip_weights/checkpoint_30.pth.tar'
=> loading gaze_encoder_state_dict checkpoint './diffip_weights/checkpoint_30.pth.tar'
finish loading diffusion model from epoch 30
========== sample id: 0/10 denoising ==========
========== sample id: 1/10 denoising ==========
========== sample id: 2/10 denoising ==========
========== sample id: 3/10 denoising ==========
========== sample id: 4/10 denoising ==========
========== sample id: 5/10 denoising ==========
========== sample id: 6/10 denoising ==========
========== sample id: 7/10 denoising ==========
========== sample id: 8/10 denoising ==========
========== sample id: 9/10 denoising ==========
========== sample id: 0/10 denoising ==========
========== sample id: 1/10 denoising ==========
========== sample id: 2/10 denoising ==========
========== sample id: 3/10 denoising ==========
========== sample id: 4/10 denoising ==========
========== sample id: 5/10 denoising ==========
========== sample id: 6/10 denoising ==========
========== sample id: 7/10 denoising ==========
========== sample id: 8/10 denoising ==========
========== sample id: 9/10 denoising ==========
========== sample id: 0/10 denoising ==========
========== sample id: 1/10 denoising ==========
========== sample id: 2/10 denoising ==========
========== sample id: 3/10 denoising ==========
========== sample id: 4/10 denoising ==========
========== sample id: 5/10 denoising ==========
========== sample id: 6/10 denoising ==========
========== sample id: 7/10 denoising ==========
========== sample id: 8/10 denoising ==========
========== sample id: 9/10 denoising ==========
========== sample id: 0/10 denoising ==========
========== sample id: 1/10 denoising ==========
========== sample id: 2/10 denoising ==========
========== sample id: 3/10 denoising ==========
========== sample id: 4/10 denoising ==========
========== sample id: 5/10 denoising ==========
========== sample id: 6/10 denoising ==========
========== sample id: 7/10 denoising ==========
========== sample id: 8/10 denoising ==========
========== sample id: 9/10 denoising ==========
========== sample id: 0/10 denoising ==========
========== sample id: 1/10 denoising ==========
========== sample id: 2/10 denoising ==========
========== sample id: 3/10 denoising ==========
========== sample id: 4/10 denoising ==========
========== sample id: 5/10 denoising ==========
========== sample id: 6/10 denoising ==========
========== sample id: 7/10 denoising ==========
========== sample id: 8/10 denoising ==========
========== sample id: 9/10 denoising ==========
========== sample id: 0/10 denoising ==========
========== sample id: 1/10 denoising ==========
========== sample id: 2/10 denoising ==========
========== sample id: 3/10 denoising ==========
========== sample id: 4/10 denoising ==========
========== sample id: 5/10 denoising ==========
========== sample id: 6/10 denoising ==========
========== sample id: 7/10 denoising ==========
========== sample id: 8/10 denoising ==========
========== sample id: 9/10 denoising ==========
========== sample id: 0/10 denoising ==========
========== sample id: 1/10 denoising ==========
========== sample id: 2/10 denoising ==========
========== sample id: 3/10 denoising ==========
========== sample id: 4/10 denoising ==========
========== sample id: 5/10 denoising ==========
========== sample id: 6/10 denoising ==========
========== sample id: 7/10 denoising ==========
========== sample id: 8/10 denoising ==========
========== sample id: 9/10 denoising ==========
========== sample id: 0/10 denoising ==========
========== sample id: 1/10 denoising ==========
========== sample id: 2/10 denoising ==========
========== sample id: 3/10 denoising ==========
========== sample id: 4/10 denoising ==========
========== sample id: 5/10 denoising ==========
========== sample id: 6/10 denoising ==========
========== sample id: 7/10 denoising ==========
========== sample id: 8/10 denoising ==========
========== sample id: 9/10 denoising ==========
========== sample id: 0/10 denoising ==========
========== sample id: 1/10 denoising ==========
========== sample id: 2/10 denoising ==========
========== sample id: 3/10 denoising ==========
========== sample id: 4/10 denoising ==========
========== sample id: 5/10 denoising ==========
========== sample id: 6/10 denoising ==========
========== sample id: 7/10 denoising ==========
========== sample id: 8/10 denoising ==========
========== sample id: 9/10 denoising ==========
========== sample id: 0/10 denoising ==========
========== sample id: 1/10 denoising ==========
========== sample id: 2/10 denoising ==========
========== sample id: 3/10 denoising ==========
========== sample id: 4/10 denoising ==========
========== sample id: 5/10 denoising ==========
========== sample id: 6/10 denoising ==========
========== sample id: 7/10 denoising ==========
========== sample id: 8/10 denoising ==========
========== sample id: 9/10 denoising ==========
========== sample id: 0/10 denoising ==========
========== sample id: 1/10 denoising ==========
========== sample id: 2/10 denoising ==========
========== sample id: 3/10 denoising ==========
========== sample id: 4/10 denoising ==========
========== sample id: 5/10 denoising ==========
========== sample id: 6/10 denoising ==========
========== sample id: 7/10 denoising ==========
========== sample id: 8/10 denoising ==========
========== sample id: 9/10 denoising ==========
========== sample id: 0/10 denoising ==========
========== sample id: 1/10 denoising ==========
========== sample id: 2/10 denoising ==========
========== sample id: 3/10 denoising ==========
========== sample id: 4/10 denoising ==========
========== sample id: 5/10 denoising ==========
========== sample id: 6/10 denoising ==========
========== sample id: 7/10 denoising ==========
========== sample id: 8/10 denoising ==========
========== sample id: 9/10 denoising ==========
========== sample id: 0/10 denoising ==========
========== sample id: 1/10 denoising ==========
========== sample id: 2/10 denoising ==========
========== sample id: 3/10 denoising ==========
========== sample id: 4/10 denoising ==========
========== sample id: 5/10 denoising ==========
========== sample id: 6/10 denoising ==========
========== sample id: 7/10 denoising ==========
========== sample id: 8/10 denoising ==========
========== sample id: 9/10 denoising ==========
========== sample id: 0/10 denoising ==========
========== sample id: 1/10 denoising ==========
========== sample id: 2/10 denoising ==========
========== sample id: 3/10 denoising ==========
========== sample id: 4/10 denoising ==========
========== sample id: 5/10 denoising ==========
========== sample id: 6/10 denoising ==========
========== sample id: 7/10 denoising ==========
========== sample id: 8/10 denoising ==========
========== sample id: 9/10 denoising ==========
========== sample id: 0/10 denoising ==========
========== sample id: 1/10 denoising ==========
========== sample id: 2/10 denoising ==========
========== sample id: 3/10 denoising ==========
========== sample id: 4/10 denoising ==========
========== sample id: 5/10 denoising ==========
========== sample id: 6/10 denoising ==========
========== sample id: 7/10 denoising ==========
========== sample id: 8/10 denoising ==========
========== sample id: 9/10 denoising ==========
========== sample id: 0/10 denoising ==========
========== sample id: 1/10 denoising ==========
========== sample id: 2/10 denoising ==========
========== sample id: 3/10 denoising ==========
========== sample id: 4/10 denoising ==========
========== sample id: 5/10 denoising ==========
========== sample id: 6/10 denoising ==========
========== sample id: 7/10 denoising ==========
========== sample id: 8/10 denoising ==========
========== sample id: 9/10 denoising ==========
========== sample id: 0/10 denoising ==========
========== sample id: 1/10 denoising ==========
========== sample id: 2/10 denoising ==========
========== sample id: 3/10 denoising ==========
========== sample id: 4/10 denoising ==========
========== sample id: 5/10 denoising ==========
========== sample id: 6/10 denoising ==========
========== sample id: 7/10 denoising ==========
========== sample id: 8/10 denoising ==========
========== sample id: 9/10 denoising ==========
========== sample id: 0/10 denoising ==========
========== sample id: 1/10 denoising ==========
========== sample id: 2/10 denoising ==========
========== sample id: 3/10 denoising ==========
========== sample id: 4/10 denoising ==========
========== sample id: 5/10 denoising ==========
========== sample id: 6/10 denoising ==========
========== sample id: 7/10 denoising ==========
========== sample id: 8/10 denoising ==========
========== sample id: 9/10 denoising ==========
========== sample id: 0/10 denoising ==========
========== sample id: 1/10 denoising ==========
========== sample id: 2/10 denoising ==========
========== sample id: 3/10 denoising ==========
========== sample id: 4/10 denoising ==========
========== sample id: 5/10 denoising ==========
========== sample id: 6/10 denoising ==========
========== sample id: 7/10 denoising ==========
========== sample id: 8/10 denoising ==========
========== sample id: 9/10 denoising ==========
========== sample id: 0/10 denoising ==========
========== sample id: 1/10 denoising ==========
========== sample id: 2/10 denoising ==========
========== sample id: 3/10 denoising ==========
========== sample id: 4/10 denoising ==========
========== sample id: 5/10 denoising ==========
========== sample id: 6/10 denoising ==========
========== sample id: 7/10 denoising ==========
========== sample id: 8/10 denoising ==========
========== sample id: 9/10 denoising ==========
========== sample id: 0/10 denoising ==========
========== sample id: 1/10 denoising ==========
========== sample id: 2/10 denoising ==========
========== sample id: 3/10 denoising ==========
========== sample id: 4/10 denoising ==========
========== sample id: 5/10 denoising ==========
========== sample id: 6/10 denoising ==========
========== sample id: 7/10 denoising ==========
========== sample id: 8/10 denoising ==========
========== sample id: 9/10 denoising ==========
========== sample id: 0/10 denoising ==========
========== sample id: 1/10 denoising ==========
========== sample id: 2/10 denoising ==========
========== sample id: 3/10 denoising ==========
========== sample id: 4/10 denoising ==========
========== sample id: 5/10 denoising ==========
========== sample id: 6/10 denoising ==========
========== sample id: 7/10 denoising ==========
========== sample id: 8/10 denoising ==========
========== sample id: 9/10 denoising ==========
========== sample id: 0/10 denoising ==========
========== sample id: 1/10 denoising ==========
========== sample id: 2/10 denoising ==========
========== sample id: 3/10 denoising ==========
========== sample id: 4/10 denoising ==========
========== sample id: 5/10 denoising ==========
========== sample id: 6/10 denoising ==========
========== sample id: 7/10 denoising ==========
========== sample id: 8/10 denoising ==========
========== sample id: 9/10 denoising ==========
========== sample id: 0/10 denoising ==========
========== sample id: 1/10 denoising ==========
========== sample id: 2/10 denoising ==========
========== sample id: 3/10 denoising ==========
========== sample id: 4/10 denoising ==========
========== sample id: 5/10 denoising ==========
========== sample id: 6/10 denoising ==========
========== sample id: 7/10 denoising ==========
========== sample id: 8/10 denoising ==========
========== sample id: 9/10 denoising ==========
========== sample id: 0/10 denoising ==========
========== sample id: 1/10 denoising ==========
========== sample id: 2/10 denoising ==========
========== sample id: 3/10 denoising ==========
========== sample id: 4/10 denoising ==========
========== sample id: 5/10 denoising ==========
========== sample id: 6/10 denoising ==========
========== sample id: 7/10 denoising ==========
========== sample id: 8/10 denoising ==========
========== sample id: 9/10 denoising ==========
========== sample id: 0/10 denoising ==========
========== sample id: 1/10 denoising ==========
========== sample id: 2/10 denoising ==========
========== sample id: 3/10 denoising ==========
========== sample id: 4/10 denoising ==========
========== sample id: 5/10 denoising ==========
========== sample id: 6/10 denoising ==========
========== sample id: 7/10 denoising ==========
========== sample id: 8/10 denoising ==========
========== sample id: 9/10 denoising ==========
========== sample id: 0/10 denoising ==========
========== sample id: 1/10 denoising ==========
========== sample id: 2/10 denoising ==========
========== sample id: 3/10 denoising ==========
========== sample id: 4/10 denoising ==========
========== sample id: 5/10 denoising ==========
========== sample id: 6/10 denoising ==========
========== sample id: 7/10 denoising ==========
========== sample id: 8/10 denoising ==========
========== sample id: 9/10 denoising ==========
========== sample id: 0/10 denoising ==========
========== sample id: 1/10 denoising ==========
========== sample id: 2/10 denoising ==========
========== sample id: 3/10 denoising ==========
========== sample id: 4/10 denoising ==========
========== sample id: 5/10 denoising ==========
========== sample id: 6/10 denoising ==========
========== sample id: 7/10 denoising ==========
========== sample id: 8/10 denoising ==========
========== sample id: 9/10 denoising ==========
we are using 1 GPUs for evaluation!
=== v12a (heatmap only) EVAL AFF ===
python traineval.py --evaluate --ek_version=egtea --num_classes=106 --seq_len_obs=10 --seq_len_unobs=3 --resume=./diffip_weights/checkpoint_30.pth.tar --use_gaze --gaze_bias_init_delta=3 --gaze_bias_init_amp=0.5 --gaze_heatmap_only
evaluation dataset size: 69
=> loading sf_encoder_state_dict checkpoint './diffip_weights/checkpoint_30.pth.tar'
=> loading model_denoise_state_dict checkpoint './diffip_weights/checkpoint_30.pth.tar'
=> loading traj_decoder_state_dict checkpoint './diffip_weights/checkpoint_30.pth.tar'
=> loading model_hoi_state_dict checkpoint './diffip_weights/checkpoint_30.pth.tar'
=> loading motion_encoder_state_dict checkpoint './diffip_weights/checkpoint_30.pth.tar'
=> loading obj_head_state_dict checkpoint './diffip_weights/checkpoint_30.pth.tar'
=> loading gaze_encoder_state_dict checkpoint './diffip_weights/checkpoint_30.pth.tar'
finish loading diffusion model from epoch 30
========== sample id: 0/10 denoising ==========
========== sample id: 1/10 denoising ==========
========== sample id: 2/10 denoising ==========
========== sample id: 3/10 denoising ==========
========== sample id: 4/10 denoising ==========
========== sample id: 5/10 denoising ==========
========== sample id: 6/10 denoising ==========
========== sample id: 7/10 denoising ==========
========== sample id: 8/10 denoising ==========
========== sample id: 9/10 denoising ==========
========== sample id: 0/10 denoising ==========
========== sample id: 1/10 denoising ==========
========== sample id: 2/10 denoising ==========
========== sample id: 3/10 denoising ==========
========== sample id: 4/10 denoising ==========
========== sample id: 5/10 denoising ==========
========== sample id: 6/10 denoising ==========
========== sample id: 7/10 denoising ==========
========== sample id: 8/10 denoising ==========
========== sample id: 9/10 denoising ==========
========== sample id: 0/10 denoising ==========
========== sample id: 1/10 denoising ==========
========== sample id: 2/10 denoising ==========
========== sample id: 3/10 denoising ==========
========== sample id: 4/10 denoising ==========
========== sample id: 5/10 denoising ==========
========== sample id: 6/10 denoising ==========
========== sample id: 7/10 denoising ==========
========== sample id: 8/10 denoising ==========
========== sample id: 9/10 denoising ==========
========== sample id: 0/10 denoising ==========
========== sample id: 1/10 denoising ==========
========== sample id: 2/10 denoising ==========
========== sample id: 3/10 denoising ==========
========== sample id: 4/10 denoising ==========
========== sample id: 5/10 denoising ==========
========== sample id: 6/10 denoising ==========
========== sample id: 7/10 denoising ==========
========== sample id: 8/10 denoising ==========
========== sample id: 9/10 denoising ==========
========== sample id: 0/10 denoising ==========
========== sample id: 1/10 denoising ==========
========== sample id: 2/10 denoising ==========
========== sample id: 3/10 denoising ==========
========== sample id: 4/10 denoising ==========
========== sample id: 5/10 denoising ==========
========== sample id: 6/10 denoising ==========
========== sample id: 7/10 denoising ==========
========== sample id: 8/10 denoising ==========
========== sample id: 9/10 denoising ==========
we are using 1 GPUs for evaluation!
=== v12a (heatmap only) DONE ===
==========================================
=== v12b (CFG dropout 10%) ===
==========================================
=== v12b (CFG dropout 10%) TRAINING ===
python traineval.py --ek_version=egtea --epochs=30 --batch_size=32 --num_classes=106 --seq_len_obs=10 --seq_len_unobs=3 --learnable_weight=True --use_gaze --gaze_bias_init_delta=3 --gaze_bias_init_amp=0.5 --gaze_cfg_dropout=0.1
training dataset size: 1880
evaluation dataset size: 69
=== v12b (CFG dropout 10%) EVAL TRAJ ===
python traineval.py --evaluate --ek_version=egtea --num_classes=106 --seq_len_obs=10 --seq_len_unobs=3 --resume=./diffip_weights/checkpoint_30.pth.tar --traj_only --use_gaze --gaze_bias_init_delta=3 --gaze_bias_init_amp=0.5 --gaze_cfg_dropout=0.1
evaluation dataset size: 442
=> loading sf_encoder_state_dict checkpoint './diffip_weights/checkpoint_30.pth.tar'
=> loading model_denoise_state_dict checkpoint './diffip_weights/checkpoint_30.pth.tar'
=> loading traj_decoder_state_dict checkpoint './diffip_weights/checkpoint_30.pth.tar'
=> loading model_hoi_state_dict checkpoint './diffip_weights/checkpoint_30.pth.tar'
=> loading motion_encoder_state_dict checkpoint './diffip_weights/checkpoint_30.pth.tar'
=> loading obj_head_state_dict checkpoint './diffip_weights/checkpoint_30.pth.tar'
=> loading gaze_encoder_state_dict checkpoint './diffip_weights/checkpoint_30.pth.tar'
finish loading diffusion model from epoch 30
========== sample id: 0/10 denoising ==========
========== sample id: 1/10 denoising ==========
========== sample id: 2/10 denoising ==========
========== sample id: 3/10 denoising ==========
========== sample id: 4/10 denoising ==========
========== sample id: 5/10 denoising ==========
========== sample id: 6/10 denoising ==========
========== sample id: 7/10 denoising ==========
========== sample id: 8/10 denoising ==========
========== sample id: 9/10 denoising ==========
========== sample id: 0/10 denoising ==========
========== sample id: 1/10 denoising ==========
========== sample id: 2/10 denoising ==========
========== sample id: 3/10 denoising ==========
========== sample id: 4/10 denoising ==========
========== sample id: 5/10 denoising ==========
========== sample id: 6/10 denoising ==========
========== sample id: 7/10 denoising ==========
========== sample id: 8/10 denoising ==========
========== sample id: 9/10 denoising ==========
========== sample id: 0/10 denoising ==========
========== sample id: 1/10 denoising ==========
========== sample id: 2/10 denoising ==========
========== sample id: 3/10 denoising ==========
========== sample id: 4/10 denoising ==========
========== sample id: 5/10 denoising ==========
========== sample id: 6/10 denoising ==========
========== sample id: 7/10 denoising ==========
========== sample id: 8/10 denoising ==========
========== sample id: 9/10 denoising ==========
========== sample id: 0/10 denoising ==========
========== sample id: 1/10 denoising ==========
========== sample id: 2/10 denoising ==========
========== sample id: 3/10 denoising ==========
========== sample id: 4/10 denoising ==========
========== sample id: 5/10 denoising ==========
========== sample id: 6/10 denoising ==========
========== sample id: 7/10 denoising ==========
========== sample id: 8/10 denoising ==========
========== sample id: 9/10 denoising ==========
========== sample id: 0/10 denoising ==========
========== sample id: 1/10 denoising ==========
========== sample id: 2/10 denoising ==========
========== sample id: 3/10 denoising ==========
========== sample id: 4/10 denoising ==========
========== sample id: 5/10 denoising ==========
========== sample id: 6/10 denoising ==========
========== sample id: 7/10 denoising ==========
========== sample id: 8/10 denoising ==========
========== sample id: 9/10 denoising ==========
========== sample id: 0/10 denoising ==========
========== sample id: 1/10 denoising ==========
========== sample id: 2/10 denoising ==========
========== sample id: 3/10 denoising ==========
========== sample id: 4/10 denoising ==========
========== sample id: 5/10 denoising ==========
========== sample id: 6/10 denoising ==========
========== sample id: 7/10 denoising ==========
========== sample id: 8/10 denoising ==========
========== sample id: 9/10 denoising ==========
========== sample id: 0/10 denoising ==========
========== sample id: 1/10 denoising ==========
========== sample id: 2/10 denoising ==========
========== sample id: 3/10 denoising ==========
========== sample id: 4/10 denoising ==========
========== sample id: 5/10 denoising ==========
========== sample id: 6/10 denoising ==========
========== sample id: 7/10 denoising ==========
========== sample id: 8/10 denoising ==========
========== sample id: 9/10 denoising ==========
========== sample id: 0/10 denoising ==========
========== sample id: 1/10 denoising ==========
========== sample id: 2/10 denoising ==========
========== sample id: 3/10 denoising ==========
========== sample id: 4/10 denoising ==========
========== sample id: 5/10 denoising ==========
========== sample id: 6/10 denoising ==========
========== sample id: 7/10 denoising ==========
========== sample id: 8/10 denoising ==========
========== sample id: 9/10 denoising ==========
========== sample id: 0/10 denoising ==========
========== sample id: 1/10 denoising ==========
========== sample id: 2/10 denoising ==========
========== sample id: 3/10 denoising ==========
========== sample id: 4/10 denoising ==========
========== sample id: 5/10 denoising ==========
========== sample id: 6/10 denoising ==========
========== sample id: 7/10 denoising ==========
========== sample id: 8/10 denoising ==========
========== sample id: 9/10 denoising ==========
========== sample id: 0/10 denoising ==========
========== sample id: 1/10 denoising ==========
========== sample id: 2/10 denoising ==========
========== sample id: 3/10 denoising ==========
========== sample id: 4/10 denoising ==========
========== sample id: 5/10 denoising ==========
========== sample id: 6/10 denoising ==========
========== sample id: 7/10 denoising ==========
========== sample id: 8/10 denoising ==========
========== sample id: 9/10 denoising ==========
========== sample id: 0/10 denoising ==========
========== sample id: 1/10 denoising ==========
========== sample id: 2/10 denoising ==========
========== sample id: 3/10 denoising ==========
========== sample id: 4/10 denoising ==========
========== sample id: 5/10 denoising ==========
========== sample id: 6/10 denoising ==========
========== sample id: 7/10 denoising ==========
========== sample id: 8/10 denoising ==========
========== sample id: 9/10 denoising ==========
========== sample id: 0/10 denoising ==========
========== sample id: 1/10 denoising ==========
========== sample id: 2/10 denoising ==========
========== sample id: 3/10 denoising ==========
========== sample id: 4/10 denoising ==========
========== sample id: 5/10 denoising ==========
========== sample id: 6/10 denoising ==========
========== sample id: 7/10 denoising ==========
========== sample id: 8/10 denoising ==========
========== sample id: 9/10 denoising ==========
========== sample id: 0/10 denoising ==========
========== sample id: 1/10 denoising ==========
========== sample id: 2/10 denoising ==========
========== sample id: 3/10 denoising ==========
========== sample id: 4/10 denoising ==========
========== sample id: 5/10 denoising ==========
========== sample id: 6/10 denoising ==========
========== sample id: 7/10 denoising ==========
========== sample id: 8/10 denoising ==========
========== sample id: 9/10 denoising ==========
========== sample id: 0/10 denoising ==========
========== sample id: 1/10 denoising ==========
========== sample id: 2/10 denoising ==========
========== sample id: 3/10 denoising ==========
========== sample id: 4/10 denoising ==========
========== sample id: 5/10 denoising ==========
========== sample id: 6/10 denoising ==========
========== sample id: 7/10 denoising ==========
========== sample id: 8/10 denoising ==========
========== sample id: 9/10 denoising ==========
========== sample id: 0/10 denoising ==========
========== sample id: 1/10 denoising ==========
========== sample id: 2/10 denoising ==========
========== sample id: 3/10 denoising ==========
========== sample id: 4/10 denoising ==========
========== sample id: 5/10 denoising ==========
========== sample id: 6/10 denoising ==========
========== sample id: 7/10 denoising ==========
========== sample id: 8/10 denoising ==========
========== sample id: 9/10 denoising ==========
========== sample id: 0/10 denoising ==========
========== sample id: 1/10 denoising ==========
========== sample id: 2/10 denoising ==========
========== sample id: 3/10 denoising ==========
========== sample id: 4/10 denoising ==========
========== sample id: 5/10 denoising ==========
========== sample id: 6/10 denoising ==========
========== sample id: 7/10 denoising ==========
========== sample id: 8/10 denoising ==========
========== sample id: 9/10 denoising ==========
========== sample id: 0/10 denoising ==========
========== sample id: 1/10 denoising ==========
========== sample id: 2/10 denoising ==========
========== sample id: 3/10 denoising ==========
========== sample id: 4/10 denoising ==========
========== sample id: 5/10 denoising ==========
========== sample id: 6/10 denoising ==========
========== sample id: 7/10 denoising ==========
========== sample id: 8/10 denoising ==========
========== sample id: 9/10 denoising ==========
========== sample id: 0/10 denoising ==========
========== sample id: 1/10 denoising ==========
========== sample id: 2/10 denoising ==========
========== sample id: 3/10 denoising ==========
========== sample id: 4/10 denoising ==========
========== sample id: 5/10 denoising ==========
========== sample id: 6/10 denoising ==========
========== sample id: 7/10 denoising ==========
========== sample id: 8/10 denoising ==========
========== sample id: 9/10 denoising ==========
========== sample id: 0/10 denoising ==========
========== sample id: 1/10 denoising ==========
========== sample id: 2/10 denoising ==========
========== sample id: 3/10 denoising ==========
========== sample id: 4/10 denoising ==========
========== sample id: 5/10 denoising ==========
========== sample id: 6/10 denoising ==========
========== sample id: 7/10 denoising ==========
========== sample id: 8/10 denoising ==========
========== sample id: 9/10 denoising ==========
========== sample id: 0/10 denoising ==========
========== sample id: 1/10 denoising ==========
========== sample id: 2/10 denoising ==========
========== sample id: 3/10 denoising ==========
========== sample id: 4/10 denoising ==========
========== sample id: 5/10 denoising ==========
========== sample id: 6/10 denoising ==========
========== sample id: 7/10 denoising ==========
========== sample id: 8/10 denoising ==========
========== sample id: 9/10 denoising ==========
========== sample id: 0/10 denoising ==========
========== sample id: 1/10 denoising ==========
========== sample id: 2/10 denoising ==========
========== sample id: 3/10 denoising ==========
========== sample id: 4/10 denoising ==========
========== sample id: 5/10 denoising ==========
========== sample id: 6/10 denoising ==========
========== sample id: 7/10 denoising ==========
========== sample id: 8/10 denoising ==========
========== sample id: 9/10 denoising ==========
========== sample id: 0/10 denoising ==========
========== sample id: 1/10 denoising ==========
========== sample id: 2/10 denoising ==========
========== sample id: 3/10 denoising ==========
========== sample id: 4/10 denoising ==========
========== sample id: 5/10 denoising ==========
========== sample id: 6/10 denoising ==========
========== sample id: 7/10 denoising ==========
========== sample id: 8/10 denoising ==========
========== sample id: 9/10 denoising ==========
========== sample id: 0/10 denoising ==========
========== sample id: 1/10 denoising ==========
========== sample id: 2/10 denoising ==========
========== sample id: 3/10 denoising ==========
========== sample id: 4/10 denoising ==========
========== sample id: 5/10 denoising ==========
========== sample id: 6/10 denoising ==========
========== sample id: 7/10 denoising ==========
========== sample id: 8/10 denoising ==========
========== sample id: 9/10 denoising ==========
========== sample id: 0/10 denoising ==========
========== sample id: 1/10 denoising ==========
========== sample id: 2/10 denoising ==========
========== sample id: 3/10 denoising ==========
========== sample id: 4/10 denoising ==========
========== sample id: 5/10 denoising ==========
========== sample id: 6/10 denoising ==========
========== sample id: 7/10 denoising ==========
========== sample id: 8/10 denoising ==========
========== sample id: 9/10 denoising ==========
========== sample id: 0/10 denoising ==========
========== sample id: 1/10 denoising ==========
========== sample id: 2/10 denoising ==========
========== sample id: 3/10 denoising ==========
========== sample id: 4/10 denoising ==========
========== sample id: 5/10 denoising ==========
========== sample id: 6/10 denoising ==========
========== sample id: 7/10 denoising ==========
========== sample id: 8/10 denoising ==========
========== sample id: 9/10 denoising ==========
========== sample id: 0/10 denoising ==========
========== sample id: 1/10 denoising ==========
========== sample id: 2/10 denoising ==========
========== sample id: 3/10 denoising ==========
========== sample id: 4/10 denoising ==========
========== sample id: 5/10 denoising ==========
========== sample id: 6/10 denoising ==========
========== sample id: 7/10 denoising ==========
========== sample id: 8/10 denoising ==========
========== sample id: 9/10 denoising ==========
========== sample id: 0/10 denoising ==========
========== sample id: 1/10 denoising ==========
========== sample id: 2/10 denoising ==========
========== sample id: 3/10 denoising ==========
========== sample id: 4/10 denoising ==========
========== sample id: 5/10 denoising ==========
========== sample id: 6/10 denoising ==========
========== sample id: 7/10 denoising ==========
========== sample id: 8/10 denoising ==========
========== sample id: 9/10 denoising ==========
========== sample id: 0/10 denoising ==========
========== sample id: 1/10 denoising ==========
========== sample id: 2/10 denoising ==========
========== sample id: 3/10 denoising ==========
========== sample id: 4/10 denoising ==========
========== sample id: 5/10 denoising ==========
========== sample id: 6/10 denoising ==========
========== sample id: 7/10 denoising ==========
========== sample id: 8/10 denoising ==========
========== sample id: 9/10 denoising ==========
we are using 1 GPUs for evaluation!
=== v12b (CFG dropout 10%) EVAL AFF ===
python traineval.py --evaluate --ek_version=egtea --num_classes=106 --seq_len_obs=10 --seq_len_unobs=3 --resume=./diffip_weights/checkpoint_30.pth.tar --use_gaze --gaze_bias_init_delta=3 --gaze_bias_init_amp=0.5 --gaze_cfg_dropout=0.1
evaluation dataset size: 69
=> loading sf_encoder_state_dict checkpoint './diffip_weights/checkpoint_30.pth.tar'
=> loading model_denoise_state_dict checkpoint './diffip_weights/checkpoint_30.pth.tar'
=> loading traj_decoder_state_dict checkpoint './diffip_weights/checkpoint_30.pth.tar'
=> loading model_hoi_state_dict checkpoint './diffip_weights/checkpoint_30.pth.tar'
=> loading motion_encoder_state_dict checkpoint './diffip_weights/checkpoint_30.pth.tar'
=> loading obj_head_state_dict checkpoint './diffip_weights/checkpoint_30.pth.tar'
=> loading gaze_encoder_state_dict checkpoint './diffip_weights/checkpoint_30.pth.tar'
finish loading diffusion model from epoch 30
========== sample id: 0/10 denoising ==========
========== sample id: 1/10 denoising ==========
========== sample id: 2/10 denoising ==========
========== sample id: 3/10 denoising ==========
========== sample id: 4/10 denoising ==========
========== sample id: 5/10 denoising ==========
========== sample id: 6/10 denoising ==========
========== sample id: 7/10 denoising ==========
========== sample id: 8/10 denoising ==========
========== sample id: 9/10 denoising ==========
========== sample id: 0/10 denoising ==========
========== sample id: 1/10 denoising ==========
========== sample id: 2/10 denoising ==========
========== sample id: 3/10 denoising ==========
========== sample id: 4/10 denoising ==========
========== sample id: 5/10 denoising ==========
========== sample id: 6/10 denoising ==========
========== sample id: 7/10 denoising ==========
========== sample id: 8/10 denoising ==========
========== sample id: 9/10 denoising ==========
========== sample id: 0/10 denoising ==========
========== sample id: 1/10 denoising ==========
========== sample id: 2/10 denoising ==========
========== sample id: 3/10 denoising ==========
========== sample id: 4/10 denoising ==========
========== sample id: 5/10 denoising ==========
========== sample id: 6/10 denoising ==========
========== sample id: 7/10 denoising ==========
========== sample id: 8/10 denoising ==========
========== sample id: 9/10 denoising ==========
========== sample id: 0/10 denoising ==========
========== sample id: 1/10 denoising ==========
========== sample id: 2/10 denoising ==========
========== sample id: 3/10 denoising ==========
========== sample id: 4/10 denoising ==========
========== sample id: 5/10 denoising ==========
========== sample id: 6/10 denoising ==========
========== sample id: 7/10 denoising ==========
========== sample id: 8/10 denoising ==========
========== sample id: 9/10 denoising ==========
========== sample id: 0/10 denoising ==========
========== sample id: 1/10 denoising ==========
========== sample id: 2/10 denoising ==========
========== sample id: 3/10 denoising ==========
========== sample id: 4/10 denoising ==========
========== sample id: 5/10 denoising ==========
========== sample id: 6/10 denoising ==========
========== sample id: 7/10 denoising ==========
========== sample id: 8/10 denoising ==========
========== sample id: 9/10 denoising ==========
we are using 1 GPUs for evaluation!
=== v12b (CFG dropout 10%) DONE ===
==========================================
=== v12c (gaze before motion) ===
==========================================
=== v12c (gaze before motion) TRAINING ===
python traineval.py --ek_version=egtea --epochs=30 --batch_size=32 --num_classes=106 --seq_len_obs=10 --seq_len_unobs=3 --learnable_weight=True --use_gaze --gaze_bias_init_delta=3 --gaze_bias_init_amp=0.5 --gaze_before_motion
training dataset size: 1880
evaluation dataset size: 69
=== v12c (gaze before motion) EVAL TRAJ ===
python traineval.py --evaluate --ek_version=egtea --num_classes=106 --seq_len_obs=10 --seq_len_unobs=3 --resume=./diffip_weights/checkpoint_30.pth.tar --traj_only --use_gaze --gaze_bias_init_delta=3 --gaze_bias_init_amp=0.5 --gaze_before_motion
evaluation dataset size: 442
=> loading sf_encoder_state_dict checkpoint './diffip_weights/checkpoint_30.pth.tar'
=> loading model_denoise_state_dict checkpoint './diffip_weights/checkpoint_30.pth.tar'
=> loading traj_decoder_state_dict checkpoint './diffip_weights/checkpoint_30.pth.tar'
=> loading model_hoi_state_dict checkpoint './diffip_weights/checkpoint_30.pth.tar'
=> loading motion_encoder_state_dict checkpoint './diffip_weights/checkpoint_30.pth.tar'
=> loading obj_head_state_dict checkpoint './diffip_weights/checkpoint_30.pth.tar'
=> loading gaze_encoder_state_dict checkpoint './diffip_weights/checkpoint_30.pth.tar'
finish loading diffusion model from epoch 30
========== sample id: 0/10 denoising ==========
========== sample id: 1/10 denoising ==========
========== sample id: 2/10 denoising ==========
========== sample id: 3/10 denoising ==========
========== sample id: 4/10 denoising ==========
========== sample id: 5/10 denoising ==========
========== sample id: 6/10 denoising ==========
========== sample id: 7/10 denoising ==========
========== sample id: 8/10 denoising ==========
========== sample id: 9/10 denoising ==========
========== sample id: 0/10 denoising ==========
========== sample id: 1/10 denoising ==========
========== sample id: 2/10 denoising ==========
========== sample id: 3/10 denoising ==========
========== sample id: 4/10 denoising ==========
========== sample id: 5/10 denoising ==========
========== sample id: 6/10 denoising ==========
========== sample id: 7/10 denoising ==========
========== sample id: 8/10 denoising ==========
========== sample id: 9/10 denoising ==========
========== sample id: 0/10 denoising ==========
========== sample id: 1/10 denoising ==========
========== sample id: 2/10 denoising ==========
========== sample id: 3/10 denoising ==========
========== sample id: 4/10 denoising ==========
========== sample id: 5/10 denoising ==========
========== sample id: 6/10 denoising ==========
========== sample id: 7/10 denoising ==========
========== sample id: 8/10 denoising ==========
========== sample id: 9/10 denoising ==========
========== sample id: 0/10 denoising ==========
========== sample id: 1/10 denoising ==========
========== sample id: 2/10 denoising ==========
========== sample id: 3/10 denoising ==========
========== sample id: 4/10 denoising ==========
========== sample id: 5/10 denoising ==========
========== sample id: 6/10 denoising ==========
========== sample id: 7/10 denoising ==========
========== sample id: 8/10 denoising ==========
========== sample id: 9/10 denoising ==========
========== sample id: 0/10 denoising ==========
========== sample id: 1/10 denoising ==========
========== sample id: 2/10 denoising ==========
========== sample id: 3/10 denoising ==========
========== sample id: 4/10 denoising ==========
========== sample id: 5/10 denoising ==========
========== sample id: 6/10 denoising ==========
========== sample id: 7/10 denoising ==========
========== sample id: 8/10 denoising ==========
========== sample id: 9/10 denoising ==========
========== sample id: 0/10 denoising ==========
========== sample id: 1/10 denoising ==========
========== sample id: 2/10 denoising ==========
========== sample id: 3/10 denoising ==========
========== sample id: 4/10 denoising ==========
========== sample id: 5/10 denoising ==========
========== sample id: 6/10 denoising ==========
========== sample id: 7/10 denoising ==========
========== sample id: 8/10 denoising ==========
========== sample id: 9/10 denoising ==========
========== sample id: 0/10 denoising ==========
========== sample id: 1/10 denoising ==========
========== sample id: 2/10 denoising ==========
========== sample id: 3/10 denoising ==========
========== sample id: 4/10 denoising ==========
========== sample id: 5/10 denoising ==========
========== sample id: 6/10 denoising ==========
========== sample id: 7/10 denoising ==========
========== sample id: 8/10 denoising ==========
========== sample id: 9/10 denoising ==========
========== sample id: 0/10 denoising ==========
========== sample id: 1/10 denoising ==========
========== sample id: 2/10 denoising ==========
========== sample id: 3/10 denoising ==========
========== sample id: 4/10 denoising ==========
========== sample id: 5/10 denoising ==========
========== sample id: 6/10 denoising ==========
========== sample id: 7/10 denoising ==========
========== sample id: 8/10 denoising ==========
========== sample id: 9/10 denoising ==========
========== sample id: 0/10 denoising ==========
========== sample id: 1/10 denoising ==========
========== sample id: 2/10 denoising ==========
========== sample id: 3/10 denoising ==========
========== sample id: 4/10 denoising ==========
========== sample id: 5/10 denoising ==========
========== sample id: 6/10 denoising ==========
========== sample id: 7/10 denoising ==========
========== sample id: 8/10 denoising ==========
========== sample id: 9/10 denoising ==========
========== sample id: 0/10 denoising ==========
========== sample id: 1/10 denoising ==========
========== sample id: 2/10 denoising ==========
========== sample id: 3/10 denoising ==========
========== sample id: 4/10 denoising ==========
========== sample id: 5/10 denoising ==========
========== sample id: 6/10 denoising ==========
========== sample id: 7/10 denoising ==========
========== sample id: 8/10 denoising ==========
========== sample id: 9/10 denoising ==========
========== sample id: 0/10 denoising ==========
========== sample id: 1/10 denoising ==========
========== sample id: 2/10 denoising ==========
========== sample id: 3/10 denoising ==========
========== sample id: 4/10 denoising ==========
========== sample id: 5/10 denoising ==========
========== sample id: 6/10 denoising ==========
========== sample id: 7/10 denoising ==========
========== sample id: 8/10 denoising ==========
========== sample id: 9/10 denoising ==========
========== sample id: 0/10 denoising ==========
========== sample id: 1/10 denoising ==========
========== sample id: 2/10 denoising ==========
========== sample id: 3/10 denoising ==========
========== sample id: 4/10 denoising ==========
========== sample id: 5/10 denoising ==========
========== sample id: 6/10 denoising ==========
========== sample id: 7/10 denoising ==========
========== sample id: 8/10 denoising ==========
========== sample id: 9/10 denoising ==========
========== sample id: 0/10 denoising ==========
========== sample id: 1/10 denoising ==========
========== sample id: 2/10 denoising ==========
========== sample id: 3/10 denoising ==========
========== sample id: 4/10 denoising ==========
========== sample id: 5/10 denoising ==========
========== sample id: 6/10 denoising ==========
========== sample id: 7/10 denoising ==========
========== sample id: 8/10 denoising ==========
========== sample id: 9/10 denoising ==========
========== sample id: 0/10 denoising ==========
========== sample id: 1/10 denoising ==========
========== sample id: 2/10 denoising ==========
========== sample id: 3/10 denoising ==========
========== sample id: 4/10 denoising ==========
========== sample id: 5/10 denoising ==========
========== sample id: 6/10 denoising ==========
========== sample id: 7/10 denoising ==========
========== sample id: 8/10 denoising ==========
========== sample id: 9/10 denoising ==========
========== sample id: 0/10 denoising ==========
========== sample id: 1/10 denoising ==========
========== sample id: 2/10 denoising ==========
========== sample id: 3/10 denoising ==========
========== sample id: 4/10 denoising ==========
========== sample id: 5/10 denoising ==========
========== sample id: 6/10 denoising ==========
========== sample id: 7/10 denoising ==========
========== sample id: 8/10 denoising ==========
========== sample id: 9/10 denoising ==========
========== sample id: 0/10 denoising ==========
========== sample id: 1/10 denoising ==========
========== sample id: 2/10 denoising ==========
========== sample id: 3/10 denoising ==========
========== sample id: 4/10 denoising ==========
========== sample id: 5/10 denoising ==========
========== sample id: 6/10 denoising ==========
========== sample id: 7/10 denoising ==========
========== sample id: 8/10 denoising ==========
========== sample id: 9/10 denoising ==========
========== sample id: 0/10 denoising ==========
========== sample id: 1/10 denoising ==========
========== sample id: 2/10 denoising ==========
========== sample id: 3/10 denoising ==========
========== sample id: 4/10 denoising ==========
========== sample id: 5/10 denoising ==========
========== sample id: 6/10 denoising ==========
========== sample id: 7/10 denoising ==========
========== sample id: 8/10 denoising ==========
========== sample id: 9/10 denoising ==========
========== sample id: 0/10 denoising ==========
========== sample id: 1/10 denoising ==========
========== sample id: 2/10 denoising ==========
========== sample id: 3/10 denoising ==========
========== sample id: 4/10 denoising ==========
========== sample id: 5/10 denoising ==========
========== sample id: 6/10 denoising ==========
========== sample id: 7/10 denoising ==========
========== sample id: 8/10 denoising ==========
========== sample id: 9/10 denoising ==========
========== sample id: 0/10 denoising ==========
========== sample id: 1/10 denoising ==========
========== sample id: 2/10 denoising ==========
========== sample id: 3/10 denoising ==========
========== sample id: 4/10 denoising ==========
========== sample id: 5/10 denoising ==========
========== sample id: 6/10 denoising ==========
========== sample id: 7/10 denoising ==========
========== sample id: 8/10 denoising ==========
========== sample id: 9/10 denoising ==========
========== sample id: 0/10 denoising ==========
========== sample id: 1/10 denoising ==========
========== sample id: 2/10 denoising ==========
========== sample id: 3/10 denoising ==========
========== sample id: 4/10 denoising ==========
========== sample id: 5/10 denoising ==========
========== sample id: 6/10 denoising ==========
========== sample id: 7/10 denoising ==========
========== sample id: 8/10 denoising ==========
========== sample id: 9/10 denoising ==========
========== sample id: 0/10 denoising ==========
========== sample id: 1/10 denoising ==========
========== sample id: 2/10 denoising ==========
========== sample id: 3/10 denoising ==========
========== sample id: 4/10 denoising ==========
========== sample id: 5/10 denoising ==========
========== sample id: 6/10 denoising ==========
========== sample id: 7/10 denoising ==========
========== sample id: 8/10 denoising ==========
========== sample id: 9/10 denoising ==========
========== sample id: 0/10 denoising ==========
========== sample id: 1/10 denoising ==========
========== sample id: 2/10 denoising ==========
========== sample id: 3/10 denoising ==========
========== sample id: 4/10 denoising ==========
========== sample id: 5/10 denoising ==========
========== sample id: 6/10 denoising ==========
========== sample id: 7/10 denoising ==========
========== sample id: 8/10 denoising ==========
========== sample id: 9/10 denoising ==========
========== sample id: 0/10 denoising ==========
========== sample id: 1/10 denoising ==========
========== sample id: 2/10 denoising ==========
========== sample id: 3/10 denoising ==========
========== sample id: 4/10 denoising ==========
========== sample id: 5/10 denoising ==========
========== sample id: 6/10 denoising ==========
========== sample id: 7/10 denoising ==========
========== sample id: 8/10 denoising ==========
========== sample id: 9/10 denoising ==========
========== sample id: 0/10 denoising ==========
========== sample id: 1/10 denoising ==========
========== sample id: 2/10 denoising ==========
========== sample id: 3/10 denoising ==========
========== sample id: 4/10 denoising ==========
========== sample id: 5/10 denoising ==========
========== sample id: 6/10 denoising ==========
========== sample id: 7/10 denoising ==========
========== sample id: 8/10 denoising ==========
========== sample id: 9/10 denoising ==========
========== sample id: 0/10 denoising ==========
========== sample id: 1/10 denoising ==========
========== sample id: 2/10 denoising ==========
========== sample id: 3/10 denoising ==========
========== sample id: 4/10 denoising ==========
========== sample id: 5/10 denoising ==========
========== sample id: 6/10 denoising ==========
========== sample id: 7/10 denoising ==========
========== sample id: 8/10 denoising ==========
========== sample id: 9/10 denoising ==========
========== sample id: 0/10 denoising ==========
========== sample id: 1/10 denoising ==========
========== sample id: 2/10 denoising ==========
========== sample id: 3/10 denoising ==========
========== sample id: 4/10 denoising ==========
========== sample id: 5/10 denoising ==========
========== sample id: 6/10 denoising ==========
========== sample id: 7/10 denoising ==========
========== sample id: 8/10 denoising ==========
========== sample id: 9/10 denoising ==========
========== sample id: 0/10 denoising ==========
========== sample id: 1/10 denoising ==========
========== sample id: 2/10 denoising ==========
========== sample id: 3/10 denoising ==========
========== sample id: 4/10 denoising ==========
========== sample id: 5/10 denoising ==========
========== sample id: 6/10 denoising ==========
========== sample id: 7/10 denoising ==========
========== sample id: 8/10 denoising ==========
========== sample id: 9/10 denoising ==========
========== sample id: 0/10 denoising ==========
========== sample id: 1/10 denoising ==========
========== sample id: 2/10 denoising ==========
========== sample id: 3/10 denoising ==========
========== sample id: 4/10 denoising ==========
========== sample id: 5/10 denoising ==========
========== sample id: 6/10 denoising ==========
========== sample id: 7/10 denoising ==========
========== sample id: 8/10 denoising ==========
========== sample id: 9/10 denoising ==========
we are using 1 GPUs for evaluation!
=== v12c (gaze before motion) EVAL AFF ===
python traineval.py --evaluate --ek_version=egtea --num_classes=106 --seq_len_obs=10 --seq_len_unobs=3 --resume=./diffip_weights/checkpoint_30.pth.tar --use_gaze --gaze_bias_init_delta=3 --gaze_bias_init_amp=0.5 --gaze_before_motion
evaluation dataset size: 69
=> loading sf_encoder_state_dict checkpoint './diffip_weights/checkpoint_30.pth.tar'
=> loading model_denoise_state_dict checkpoint './diffip_weights/checkpoint_30.pth.tar'
=> loading traj_decoder_state_dict checkpoint './diffip_weights/checkpoint_30.pth.tar'
=> loading model_hoi_state_dict checkpoint './diffip_weights/checkpoint_30.pth.tar'
=> loading motion_encoder_state_dict checkpoint './diffip_weights/checkpoint_30.pth.tar'
=> loading obj_head_state_dict checkpoint './diffip_weights/checkpoint_30.pth.tar'
=> loading gaze_encoder_state_dict checkpoint './diffip_weights/checkpoint_30.pth.tar'
finish loading diffusion model from epoch 30
========== sample id: 0/10 denoising ==========
========== sample id: 1/10 denoising ==========
========== sample id: 2/10 denoising ==========
========== sample id: 3/10 denoising ==========
========== sample id: 4/10 denoising ==========
========== sample id: 5/10 denoising ==========
========== sample id: 6/10 denoising ==========
========== sample id: 7/10 denoising ==========
========== sample id: 8/10 denoising ==========
========== sample id: 9/10 denoising ==========
========== sample id: 0/10 denoising ==========
========== sample id: 1/10 denoising ==========
========== sample id: 2/10 denoising ==========
========== sample id: 3/10 denoising ==========
========== sample id: 4/10 denoising ==========
========== sample id: 5/10 denoising ==========
========== sample id: 6/10 denoising ==========
========== sample id: 7/10 denoising ==========
========== sample id: 8/10 denoising ==========
========== sample id: 9/10 denoising ==========
========== sample id: 0/10 denoising ==========
========== sample id: 1/10 denoising ==========
========== sample id: 2/10 denoising ==========
========== sample id: 3/10 denoising ==========
========== sample id: 4/10 denoising ==========
========== sample id: 5/10 denoising ==========
========== sample id: 6/10 denoising ==========
========== sample id: 7/10 denoising ==========
========== sample id: 8/10 denoising ==========
========== sample id: 9/10 denoising ==========
========== sample id: 0/10 denoising ==========
========== sample id: 1/10 denoising ==========
========== sample id: 2/10 denoising ==========
========== sample id: 3/10 denoising ==========
========== sample id: 4/10 denoising ==========
========== sample id: 5/10 denoising ==========
========== sample id: 6/10 denoising ==========
========== sample id: 7/10 denoising ==========
========== sample id: 8/10 denoising ==========
========== sample id: 9/10 denoising ==========
========== sample id: 0/10 denoising ==========
========== sample id: 1/10 denoising ==========
========== sample id: 2/10 denoising ==========
========== sample id: 3/10 denoising ==========
========== sample id: 4/10 denoising ==========
========== sample id: 5/10 denoising ==========
========== sample id: 6/10 denoising ==========
========== sample id: 7/10 denoising ==========
========== sample id: 8/10 denoising ==========
========== sample id: 9/10 denoising ==========
we are using 1 GPUs for evaluation!
=== v12c (gaze before motion) DONE ===
==========================================
=== ALL v12 VARIANTS COMPLETE          ===
==========================================
