/scratch/u6cu/sx2022.u6cu/miniconda3/envs/diffip/lib/python3.10/site-packages/torch/distributed/launch.py:208: FutureWarning: The module torch.distributed.launch is deprecated
and will be removed in future. Use torchrun.
Note that --use-env is set by default in torchrun.
If your script expects `--local-rank` argument to be set, please
change it to read from `os.environ['LOCAL_RANK']` instead. See 
https://pytorch.org/docs/stable/distributed.html#launch-utility for 
further instructions

  main()
[INFO] use batch size: 32
[INFO] diffusion setups
================= 
{'hidden_t_dim': 512, 'hidden_dim': 512, 'vocab_size': None, 'config_name': 'huggingface-config', 'use_plm_init': 'no', 'dropout': 0.1, 'diffusion_steps': 1000, 'noise_schedule': 'sqrt', 'learn_sigma': False, 'timestep_respacing': '', 'predict_xstart': True, 'rescale_timesteps': True, 'sigma_small': False, 'rescale_learned_sigmas': False, 'use_kl': False, 'sf_encoder_hidden': 64, 'traj_decoder_hidden1': 256, 'traj_decoder_hidden2': 64, 'motion_encoder_hidden': 64, 'madt_depth': 6, 'use_gaze': True, 'T_max': 64, 'gaze_coord_only': False, 'gaze_fusion_only': False, 'gaze_alpha_clamp': 0.0, 'gaze_last_n_blocks': 0, 'gaze_fixed_delta': 0, 'gaze_bias_init_delta': 3, 'gaze_bias_init_amp': 0.5, 'gaze_before_motion': True} 
=================
[INFO] finish building diffusion model!
[INFO] finish building schedule sampler!
[rank0]: Traceback (most recent call last):
[rank0]:   File "/home/u6cu/sx2022.u6cu/Diff-IP2D/traineval.py", line 182, in <module>
[rank0]:     main(args)
[rank0]:   File "/home/u6cu/sx2022.u6cu/Diff-IP2D/traineval.py", line 97, in main
[rank0]:     _, dls = get_dataset(args, base_path="./")
[rank0]:   File "/home/u6cu/sx2022.u6cu/Diff-IP2D/netscripts/get_datasets.py", line 18, in get_dataset
[rank0]:     dls = get_dataloaders(datasetargs, HODataset, featuresloader=FeaturesHOLoader)
[rank0]:   File "/home/u6cu/sx2022.u6cu/Diff-IP2D/datasets/holoaders.py", line 513, in get_dataloaders
[rank0]:     dss = get_datasets(args, epic_ds=epic_ds, featuresloader=featuresloader)
[rank0]:   File "/home/u6cu/sx2022.u6cu/Diff-IP2D/datasets/dataloaders.py", line 184, in get_datasets
[rank0]:     'train': get_egtea_annotation(partition='train', **annotation_args),
[rank0]:   File "/home/u6cu/sx2022.u6cu/Diff-IP2D/datasets/dataset_utils.py", line 265, in get_egtea_annotation
[rank0]:     df = pd.read_csv(os.path.join(annot_path['egtea'], 'EGTEA_train_split1.csv'))
[rank0]:   File "/scratch/u6cu/sx2022.u6cu/miniconda3/envs/diffip/lib/python3.10/site-packages/pandas/io/parsers/readers.py", line 1026, in read_csv
[rank0]:     return _read(filepath_or_buffer, kwds)
[rank0]:   File "/scratch/u6cu/sx2022.u6cu/miniconda3/envs/diffip/lib/python3.10/site-packages/pandas/io/parsers/readers.py", line 620, in _read
[rank0]:     parser = TextFileReader(filepath_or_buffer, **kwds)
[rank0]:   File "/scratch/u6cu/sx2022.u6cu/miniconda3/envs/diffip/lib/python3.10/site-packages/pandas/io/parsers/readers.py", line 1620, in __init__
[rank0]:     self._engine = self._make_engine(f, self.engine)
[rank0]:   File "/scratch/u6cu/sx2022.u6cu/miniconda3/envs/diffip/lib/python3.10/site-packages/pandas/io/parsers/readers.py", line 1880, in _make_engine
[rank0]:     self.handles = get_handle(
[rank0]:   File "/scratch/u6cu/sx2022.u6cu/miniconda3/envs/diffip/lib/python3.10/site-packages/pandas/io/common.py", line 873, in get_handle
[rank0]:     handle = open(
[rank0]: FileNotFoundError: [Errno 2] No such file or directory: './common/egtea-annotations/EGTEA_train_split1.csv'
[rank0]:[W420 12:49:46.281431567 ProcessGroupNCCL.cpp:1250] Warning: WARNING: process group has NOT been destroyed before we destruct ProcessGroupNCCL. On normal program exit, the application should call destroy_process_group to ensure that any pending NCCL operations have finished in this process. In rare cases this process can exit before this point and block the progress of another member of the process group. This constraint has always been present,  but this warning has only been added since PyTorch 2.4 (function operator())
/scratch/u6cu/sx2022.u6cu/miniconda3/envs/diffip/lib/python3.10/site-packages/torch/distributed/launch.py:208: FutureWarning: The module torch.distributed.launch is deprecated
and will be removed in future. Use torchrun.
Note that --use-env is set by default in torchrun.
If your script expects `--local-rank` argument to be set, please
change it to read from `os.environ['LOCAL_RANK']` instead. See 
https://pytorch.org/docs/stable/distributed.html#launch-utility for 
further instructions

  main()
[INFO] use batch size: 16
[INFO] diffusion setups
================= 
{'hidden_t_dim': 512, 'hidden_dim': 512, 'vocab_size': None, 'config_name': 'huggingface-config', 'use_plm_init': 'no', 'dropout': 0.1, 'diffusion_steps': 1000, 'noise_schedule': 'sqrt', 'learn_sigma': False, 'timestep_respacing': '', 'predict_xstart': True, 'rescale_timesteps': True, 'sigma_small': False, 'rescale_learned_sigmas': False, 'use_kl': False, 'sf_encoder_hidden': 64, 'traj_decoder_hidden1': 256, 'traj_decoder_hidden2': 64, 'motion_encoder_hidden': 64, 'madt_depth': 6, 'use_gaze': True, 'T_max': 64, 'gaze_coord_only': False, 'gaze_fusion_only': False, 'gaze_alpha_clamp': 0.0, 'gaze_last_n_blocks': 0, 'gaze_fixed_delta': 0, 'gaze_bias_init_delta': 3, 'gaze_bias_init_amp': 0.5, 'gaze_before_motion': True} 
=================
[INFO] finish building diffusion model!
[INFO] finish building schedule sampler!
[rank0]: Traceback (most recent call last):
[rank0]:   File "/home/u6cu/sx2022.u6cu/Diff-IP2D/traineval.py", line 182, in <module>
[rank0]:     main(args)
[rank0]:   File "/home/u6cu/sx2022.u6cu/Diff-IP2D/traineval.py", line 97, in main
[rank0]:     _, dls = get_dataset(args, base_path="./")
[rank0]:   File "/home/u6cu/sx2022.u6cu/Diff-IP2D/netscripts/get_datasets.py", line 18, in get_dataset
[rank0]:     dls = get_dataloaders(datasetargs, HODataset, featuresloader=FeaturesHOLoader)
[rank0]:   File "/home/u6cu/sx2022.u6cu/Diff-IP2D/datasets/holoaders.py", line 513, in get_dataloaders
[rank0]:     dss = get_datasets(args, epic_ds=epic_ds, featuresloader=featuresloader)
[rank0]:   File "/home/u6cu/sx2022.u6cu/Diff-IP2D/datasets/dataloaders.py", line 184, in get_datasets
[rank0]:     'train': get_egtea_annotation(partition='train', **annotation_args),
[rank0]:   File "/home/u6cu/sx2022.u6cu/Diff-IP2D/datasets/dataset_utils.py", line 265, in get_egtea_annotation
[rank0]:     df = pd.read_csv(os.path.join(annot_path['egtea'], 'EGTEA_train_split1.csv'))
[rank0]:   File "/scratch/u6cu/sx2022.u6cu/miniconda3/envs/diffip/lib/python3.10/site-packages/pandas/io/parsers/readers.py", line 1026, in read_csv
[rank0]:     return _read(filepath_or_buffer, kwds)
[rank0]:   File "/scratch/u6cu/sx2022.u6cu/miniconda3/envs/diffip/lib/python3.10/site-packages/pandas/io/parsers/readers.py", line 620, in _read
[rank0]:     parser = TextFileReader(filepath_or_buffer, **kwds)
[rank0]:   File "/scratch/u6cu/sx2022.u6cu/miniconda3/envs/diffip/lib/python3.10/site-packages/pandas/io/parsers/readers.py", line 1620, in __init__
[rank0]:     self._engine = self._make_engine(f, self.engine)
[rank0]:   File "/scratch/u6cu/sx2022.u6cu/miniconda3/envs/diffip/lib/python3.10/site-packages/pandas/io/parsers/readers.py", line 1880, in _make_engine
[rank0]:     self.handles = get_handle(
[rank0]:   File "/scratch/u6cu/sx2022.u6cu/miniconda3/envs/diffip/lib/python3.10/site-packages/pandas/io/common.py", line 873, in get_handle
[rank0]:     handle = open(
[rank0]: FileNotFoundError: [Errno 2] No such file or directory: './common/egtea-annotations/EGTEA_train_split1.csv'
[rank0]:[W420 12:49:56.531746430 ProcessGroupNCCL.cpp:1250] Warning: WARNING: process group has NOT been destroyed before we destruct ProcessGroupNCCL. On normal program exit, the application should call destroy_process_group to ensure that any pending NCCL operations have finished in this process. In rare cases this process can exit before this point and block the progress of another member of the process group. This constraint has always been present,  but this warning has only been added since PyTorch 2.4 (function operator())
/scratch/u6cu/sx2022.u6cu/miniconda3/envs/diffip/lib/python3.10/site-packages/torch/distributed/launch.py:208: FutureWarning: The module torch.distributed.launch is deprecated
and will be removed in future. Use torchrun.
Note that --use-env is set by default in torchrun.
If your script expects `--local-rank` argument to be set, please
change it to read from `os.environ['LOCAL_RANK']` instead. See 
https://pytorch.org/docs/stable/distributed.html#launch-utility for 
further instructions

  main()
[INFO] use batch size: 16
[INFO] diffusion setups
================= 
{'hidden_t_dim': 512, 'hidden_dim': 512, 'vocab_size': None, 'config_name': 'huggingface-config', 'use_plm_init': 'no', 'dropout': 0.1, 'diffusion_steps': 1000, 'noise_schedule': 'sqrt', 'learn_sigma': False, 'timestep_respacing': '', 'predict_xstart': True, 'rescale_timesteps': True, 'sigma_small': False, 'rescale_learned_sigmas': False, 'use_kl': False, 'sf_encoder_hidden': 64, 'traj_decoder_hidden1': 256, 'traj_decoder_hidden2': 64, 'motion_encoder_hidden': 64, 'madt_depth': 6, 'use_gaze': True, 'T_max': 64, 'gaze_coord_only': False, 'gaze_fusion_only': False, 'gaze_alpha_clamp': 0.0, 'gaze_last_n_blocks': 0, 'gaze_fixed_delta': 0, 'gaze_bias_init_delta': 3, 'gaze_bias_init_amp': 0.5, 'gaze_before_motion': True} 
=================
[INFO] finish building diffusion model!
[INFO] finish building schedule sampler!
[rank0]: Traceback (most recent call last):
[rank0]:   File "/home/u6cu/sx2022.u6cu/Diff-IP2D/traineval.py", line 182, in <module>
[rank0]:     main(args)
[rank0]:   File "/home/u6cu/sx2022.u6cu/Diff-IP2D/traineval.py", line 97, in main
[rank0]:     _, dls = get_dataset(args, base_path="./")
[rank0]:   File "/home/u6cu/sx2022.u6cu/Diff-IP2D/netscripts/get_datasets.py", line 18, in get_dataset
[rank0]:     dls = get_dataloaders(datasetargs, HODataset, featuresloader=FeaturesHOLoader)
[rank0]:   File "/home/u6cu/sx2022.u6cu/Diff-IP2D/datasets/holoaders.py", line 513, in get_dataloaders
[rank0]:     dss = get_datasets(args, epic_ds=epic_ds, featuresloader=featuresloader)
[rank0]:   File "/home/u6cu/sx2022.u6cu/Diff-IP2D/datasets/dataloaders.py", line 184, in get_datasets
[rank0]:     'train': get_egtea_annotation(partition='train', **annotation_args),
[rank0]:   File "/home/u6cu/sx2022.u6cu/Diff-IP2D/datasets/dataset_utils.py", line 265, in get_egtea_annotation
[rank0]:     df = pd.read_csv(os.path.join(annot_path['egtea'], 'EGTEA_train_split1.csv'))
[rank0]:   File "/scratch/u6cu/sx2022.u6cu/miniconda3/envs/diffip/lib/python3.10/site-packages/pandas/io/parsers/readers.py", line 1026, in read_csv
[rank0]:     return _read(filepath_or_buffer, kwds)
[rank0]:   File "/scratch/u6cu/sx2022.u6cu/miniconda3/envs/diffip/lib/python3.10/site-packages/pandas/io/parsers/readers.py", line 620, in _read
[rank0]:     parser = TextFileReader(filepath_or_buffer, **kwds)
[rank0]:   File "/scratch/u6cu/sx2022.u6cu/miniconda3/envs/diffip/lib/python3.10/site-packages/pandas/io/parsers/readers.py", line 1620, in __init__
[rank0]:     self._engine = self._make_engine(f, self.engine)
[rank0]:   File "/scratch/u6cu/sx2022.u6cu/miniconda3/envs/diffip/lib/python3.10/site-packages/pandas/io/parsers/readers.py", line 1880, in _make_engine
[rank0]:     self.handles = get_handle(
[rank0]:   File "/scratch/u6cu/sx2022.u6cu/miniconda3/envs/diffip/lib/python3.10/site-packages/pandas/io/common.py", line 873, in get_handle
[rank0]:     handle = open(
[rank0]: FileNotFoundError: [Errno 2] No such file or directory: './common/egtea-annotations/EGTEA_train_split1.csv'
[rank0]:[W420 12:50:04.765188665 ProcessGroupNCCL.cpp:1250] Warning: WARNING: process group has NOT been destroyed before we destruct ProcessGroupNCCL. On normal program exit, the application should call destroy_process_group to ensure that any pending NCCL operations have finished in this process. In rare cases this process can exit before this point and block the progress of another member of the process group. This constraint has always been present,  but this warning has only been added since PyTorch 2.4 (function operator())
/scratch/u6cu/sx2022.u6cu/miniconda3/envs/diffip/lib/python3.10/site-packages/torch/distributed/launch.py:208: FutureWarning: The module torch.distributed.launch is deprecated
and will be removed in future. Use torchrun.
Note that --use-env is set by default in torchrun.
If your script expects `--local-rank` argument to be set, please
change it to read from `os.environ['LOCAL_RANK']` instead. See 
https://pytorch.org/docs/stable/distributed.html#launch-utility for 
further instructions

  main()
[INFO] use batch size: 32
[INFO] diffusion setups
================= 
{'hidden_t_dim': 512, 'hidden_dim': 512, 'vocab_size': None, 'config_name': 'huggingface-config', 'use_plm_init': 'no', 'dropout': 0.1, 'diffusion_steps': 1000, 'noise_schedule': 'sqrt', 'learn_sigma': False, 'timestep_respacing': '', 'predict_xstart': True, 'rescale_timesteps': True, 'sigma_small': False, 'rescale_learned_sigmas': False, 'use_kl': False, 'sf_encoder_hidden': 64, 'traj_decoder_hidden1': 256, 'traj_decoder_hidden2': 64, 'motion_encoder_hidden': 64, 'madt_depth': 6, 'use_gaze': False, 'T_max': 64, 'gaze_coord_only': False, 'gaze_fusion_only': False, 'gaze_alpha_clamp': 0.0, 'gaze_last_n_blocks': 0, 'gaze_fixed_delta': 0, 'gaze_bias_init_delta': 0, 'gaze_bias_init_amp': 2.0, 'gaze_before_motion': False} 
=================
[INFO] finish building diffusion model!
[INFO] finish building schedule sampler!
[rank0]: Traceback (most recent call last):
[rank0]:   File "/home/u6cu/sx2022.u6cu/Diff-IP2D/traineval.py", line 182, in <module>
[rank0]:     main(args)
[rank0]:   File "/home/u6cu/sx2022.u6cu/Diff-IP2D/traineval.py", line 97, in main
[rank0]:     _, dls = get_dataset(args, base_path="./")
[rank0]:   File "/home/u6cu/sx2022.u6cu/Diff-IP2D/netscripts/get_datasets.py", line 18, in get_dataset
[rank0]:     dls = get_dataloaders(datasetargs, HODataset, featuresloader=FeaturesHOLoader)
[rank0]:   File "/home/u6cu/sx2022.u6cu/Diff-IP2D/datasets/holoaders.py", line 513, in get_dataloaders
[rank0]:     dss = get_datasets(args, epic_ds=epic_ds, featuresloader=featuresloader)
[rank0]:   File "/home/u6cu/sx2022.u6cu/Diff-IP2D/datasets/dataloaders.py", line 184, in get_datasets
[rank0]:     'train': get_egtea_annotation(partition='train', **annotation_args),
[rank0]:   File "/home/u6cu/sx2022.u6cu/Diff-IP2D/datasets/dataset_utils.py", line 265, in get_egtea_annotation
[rank0]:     df = pd.read_csv(os.path.join(annot_path['egtea'], 'EGTEA_train_split1.csv'))
[rank0]:   File "/scratch/u6cu/sx2022.u6cu/miniconda3/envs/diffip/lib/python3.10/site-packages/pandas/io/parsers/readers.py", line 1026, in read_csv
[rank0]:     return _read(filepath_or_buffer, kwds)
[rank0]:   File "/scratch/u6cu/sx2022.u6cu/miniconda3/envs/diffip/lib/python3.10/site-packages/pandas/io/parsers/readers.py", line 620, in _read
[rank0]:     parser = TextFileReader(filepath_or_buffer, **kwds)
[rank0]:   File "/scratch/u6cu/sx2022.u6cu/miniconda3/envs/diffip/lib/python3.10/site-packages/pandas/io/parsers/readers.py", line 1620, in __init__
[rank0]:     self._engine = self._make_engine(f, self.engine)
[rank0]:   File "/scratch/u6cu/sx2022.u6cu/miniconda3/envs/diffip/lib/python3.10/site-packages/pandas/io/parsers/readers.py", line 1880, in _make_engine
[rank0]:     self.handles = get_handle(
[rank0]:   File "/scratch/u6cu/sx2022.u6cu/miniconda3/envs/diffip/lib/python3.10/site-packages/pandas/io/common.py", line 873, in get_handle
[rank0]:     handle = open(
[rank0]: FileNotFoundError: [Errno 2] No such file or directory: './common/egtea-annotations/EGTEA_train_split1.csv'
[rank0]:[W420 12:50:13.972321993 ProcessGroupNCCL.cpp:1250] Warning: WARNING: process group has NOT been destroyed before we destruct ProcessGroupNCCL. On normal program exit, the application should call destroy_process_group to ensure that any pending NCCL operations have finished in this process. In rare cases this process can exit before this point and block the progress of another member of the process group. This constraint has always been present,  but this warning has only been added since PyTorch 2.4 (function operator())
/scratch/u6cu/sx2022.u6cu/miniconda3/envs/diffip/lib/python3.10/site-packages/torch/distributed/launch.py:208: FutureWarning: The module torch.distributed.launch is deprecated
and will be removed in future. Use torchrun.
Note that --use-env is set by default in torchrun.
If your script expects `--local-rank` argument to be set, please
change it to read from `os.environ['LOCAL_RANK']` instead. See 
https://pytorch.org/docs/stable/distributed.html#launch-utility for 
further instructions

  main()
[INFO] use batch size: 16
[INFO] diffusion setups
================= 
{'hidden_t_dim': 512, 'hidden_dim': 512, 'vocab_size': None, 'config_name': 'huggingface-config', 'use_plm_init': 'no', 'dropout': 0.1, 'diffusion_steps': 1000, 'noise_schedule': 'sqrt', 'learn_sigma': False, 'timestep_respacing': '', 'predict_xstart': True, 'rescale_timesteps': True, 'sigma_small': False, 'rescale_learned_sigmas': False, 'use_kl': False, 'sf_encoder_hidden': 64, 'traj_decoder_hidden1': 256, 'traj_decoder_hidden2': 64, 'motion_encoder_hidden': 64, 'madt_depth': 6, 'use_gaze': False, 'T_max': 64, 'gaze_coord_only': False, 'gaze_fusion_only': False, 'gaze_alpha_clamp': 0.0, 'gaze_last_n_blocks': 0, 'gaze_fixed_delta': 0, 'gaze_bias_init_delta': 0, 'gaze_bias_init_amp': 2.0, 'gaze_before_motion': False} 
=================
[INFO] finish building diffusion model!
[INFO] finish building schedule sampler!
[rank0]: Traceback (most recent call last):
[rank0]:   File "/home/u6cu/sx2022.u6cu/Diff-IP2D/traineval.py", line 182, in <module>
[rank0]:     main(args)
[rank0]:   File "/home/u6cu/sx2022.u6cu/Diff-IP2D/traineval.py", line 97, in main
[rank0]:     _, dls = get_dataset(args, base_path="./")
[rank0]:   File "/home/u6cu/sx2022.u6cu/Diff-IP2D/netscripts/get_datasets.py", line 18, in get_dataset
[rank0]:     dls = get_dataloaders(datasetargs, HODataset, featuresloader=FeaturesHOLoader)
[rank0]:   File "/home/u6cu/sx2022.u6cu/Diff-IP2D/datasets/holoaders.py", line 513, in get_dataloaders
[rank0]:     dss = get_datasets(args, epic_ds=epic_ds, featuresloader=featuresloader)
[rank0]:   File "/home/u6cu/sx2022.u6cu/Diff-IP2D/datasets/dataloaders.py", line 184, in get_datasets
[rank0]:     'train': get_egtea_annotation(partition='train', **annotation_args),
[rank0]:   File "/home/u6cu/sx2022.u6cu/Diff-IP2D/datasets/dataset_utils.py", line 265, in get_egtea_annotation
[rank0]:     df = pd.read_csv(os.path.join(annot_path['egtea'], 'EGTEA_train_split1.csv'))
[rank0]:   File "/scratch/u6cu/sx2022.u6cu/miniconda3/envs/diffip/lib/python3.10/site-packages/pandas/io/parsers/readers.py", line 1026, in read_csv
[rank0]:     return _read(filepath_or_buffer, kwds)
[rank0]:   File "/scratch/u6cu/sx2022.u6cu/miniconda3/envs/diffip/lib/python3.10/site-packages/pandas/io/parsers/readers.py", line 620, in _read
[rank0]:     parser = TextFileReader(filepath_or_buffer, **kwds)
[rank0]:   File "/scratch/u6cu/sx2022.u6cu/miniconda3/envs/diffip/lib/python3.10/site-packages/pandas/io/parsers/readers.py", line 1620, in __init__
[rank0]:     self._engine = self._make_engine(f, self.engine)
[rank0]:   File "/scratch/u6cu/sx2022.u6cu/miniconda3/envs/diffip/lib/python3.10/site-packages/pandas/io/parsers/readers.py", line 1880, in _make_engine
[rank0]:     self.handles = get_handle(
[rank0]:   File "/scratch/u6cu/sx2022.u6cu/miniconda3/envs/diffip/lib/python3.10/site-packages/pandas/io/common.py", line 873, in get_handle
[rank0]:     handle = open(
[rank0]: FileNotFoundError: [Errno 2] No such file or directory: './common/egtea-annotations/EGTEA_train_split1.csv'
[rank0]:[W420 12:50:20.272021243 ProcessGroupNCCL.cpp:1250] Warning: WARNING: process group has NOT been destroyed before we destruct ProcessGroupNCCL. On normal program exit, the application should call destroy_process_group to ensure that any pending NCCL operations have finished in this process. In rare cases this process can exit before this point and block the progress of another member of the process group. This constraint has always been present,  but this warning has only been added since PyTorch 2.4 (function operator())
/scratch/u6cu/sx2022.u6cu/miniconda3/envs/diffip/lib/python3.10/site-packages/torch/distributed/launch.py:208: FutureWarning: The module torch.distributed.launch is deprecated
and will be removed in future. Use torchrun.
Note that --use-env is set by default in torchrun.
If your script expects `--local-rank` argument to be set, please
change it to read from `os.environ['LOCAL_RANK']` instead. See 
https://pytorch.org/docs/stable/distributed.html#launch-utility for 
further instructions

  main()
[INFO] use batch size: 16
[INFO] diffusion setups
================= 
{'hidden_t_dim': 512, 'hidden_dim': 512, 'vocab_size': None, 'config_name': 'huggingface-config', 'use_plm_init': 'no', 'dropout': 0.1, 'diffusion_steps': 1000, 'noise_schedule': 'sqrt', 'learn_sigma': False, 'timestep_respacing': '', 'predict_xstart': True, 'rescale_timesteps': True, 'sigma_small': False, 'rescale_learned_sigmas': False, 'use_kl': False, 'sf_encoder_hidden': 64, 'traj_decoder_hidden1': 256, 'traj_decoder_hidden2': 64, 'motion_encoder_hidden': 64, 'madt_depth': 6, 'use_gaze': False, 'T_max': 64, 'gaze_coord_only': False, 'gaze_fusion_only': False, 'gaze_alpha_clamp': 0.0, 'gaze_last_n_blocks': 0, 'gaze_fixed_delta': 0, 'gaze_bias_init_delta': 0, 'gaze_bias_init_amp': 2.0, 'gaze_before_motion': False} 
=================
[INFO] finish building diffusion model!
[INFO] finish building schedule sampler!
[rank0]: Traceback (most recent call last):
[rank0]:   File "/home/u6cu/sx2022.u6cu/Diff-IP2D/traineval.py", line 182, in <module>
[rank0]:     main(args)
[rank0]:   File "/home/u6cu/sx2022.u6cu/Diff-IP2D/traineval.py", line 97, in main
[rank0]:     _, dls = get_dataset(args, base_path="./")
[rank0]:   File "/home/u6cu/sx2022.u6cu/Diff-IP2D/netscripts/get_datasets.py", line 18, in get_dataset
[rank0]:     dls = get_dataloaders(datasetargs, HODataset, featuresloader=FeaturesHOLoader)
[rank0]:   File "/home/u6cu/sx2022.u6cu/Diff-IP2D/datasets/holoaders.py", line 513, in get_dataloaders
[rank0]:     dss = get_datasets(args, epic_ds=epic_ds, featuresloader=featuresloader)
[rank0]:   File "/home/u6cu/sx2022.u6cu/Diff-IP2D/datasets/dataloaders.py", line 184, in get_datasets
[rank0]:     'train': get_egtea_annotation(partition='train', **annotation_args),
[rank0]:   File "/home/u6cu/sx2022.u6cu/Diff-IP2D/datasets/dataset_utils.py", line 265, in get_egtea_annotation
[rank0]:     df = pd.read_csv(os.path.join(annot_path['egtea'], 'EGTEA_train_split1.csv'))
[rank0]:   File "/scratch/u6cu/sx2022.u6cu/miniconda3/envs/diffip/lib/python3.10/site-packages/pandas/io/parsers/readers.py", line 1026, in read_csv
[rank0]:     return _read(filepath_or_buffer, kwds)
[rank0]:   File "/scratch/u6cu/sx2022.u6cu/miniconda3/envs/diffip/lib/python3.10/site-packages/pandas/io/parsers/readers.py", line 620, in _read
[rank0]:     parser = TextFileReader(filepath_or_buffer, **kwds)
[rank0]:   File "/scratch/u6cu/sx2022.u6cu/miniconda3/envs/diffip/lib/python3.10/site-packages/pandas/io/parsers/readers.py", line 1620, in __init__
[rank0]:     self._engine = self._make_engine(f, self.engine)
[rank0]:   File "/scratch/u6cu/sx2022.u6cu/miniconda3/envs/diffip/lib/python3.10/site-packages/pandas/io/parsers/readers.py", line 1880, in _make_engine
[rank0]:     self.handles = get_handle(
[rank0]:   File "/scratch/u6cu/sx2022.u6cu/miniconda3/envs/diffip/lib/python3.10/site-packages/pandas/io/common.py", line 873, in get_handle
[rank0]:     handle = open(
[rank0]: FileNotFoundError: [Errno 2] No such file or directory: './common/egtea-annotations/EGTEA_train_split1.csv'
[rank0]:[W420 12:50:27.008400056 ProcessGroupNCCL.cpp:1250] Warning: WARNING: process group has NOT been destroyed before we destruct ProcessGroupNCCL. On normal program exit, the application should call destroy_process_group to ensure that any pending NCCL operations have finished in this process. In rare cases this process can exit before this point and block the progress of another member of the process group. This constraint has always been present,  but this warning has only been added since PyTorch 2.4 (function operator())
