==========================================
=== v13 (30ep) ===
==========================================
=== v13 TRAINING ===
python traineval.py --ek_version=egtea --epochs=30 --batch_size=32 --num_classes=106 --seq_len_obs=10 --seq_len_unobs=3 --learnable_weight=True --use_gaze --gaze_bias_init_delta=3 --gaze_bias_init_amp=0.5 --gaze_before_motion --gaze_detach_diffusion
=== v13 EVAL TRAJ ===
python traineval.py --evaluate --ek_version=egtea --num_classes=106 --seq_len_obs=10 --seq_len_unobs=3 --resume=./diffip_weights/checkpoint_30.pth.tar --traj_only --use_gaze --gaze_bias_init_delta=3 --gaze_bias_init_amp=0.5 --gaze_before_motion --gaze_detach_diffusion
=== v13 EVAL AFF ===
python traineval.py --evaluate --ek_version=egtea --num_classes=106 --seq_len_obs=10 --seq_len_unobs=3 --resume=./diffip_weights/checkpoint_30.pth.tar --use_gaze --gaze_bias_init_delta=3 --gaze_bias_init_amp=0.5 --gaze_before_motion --gaze_detach_diffusion
=== v13 DONE ===
==========================================
=== BASELINE (30ep) ===
==========================================
=== BASELINE TRAINING ===
python traineval.py --ek_version=egtea --epochs=30 --batch_size=32 --num_classes=106 --seq_len_obs=10 --seq_len_unobs=3 --learnable_weight=True
=== BASELINE EVAL TRAJ ===
python traineval.py --evaluate --ek_version=egtea --num_classes=106 --seq_len_obs=10 --seq_len_unobs=3 --resume=./diffip_weights/checkpoint_30.pth.tar --traj_only
=== BASELINE EVAL AFF ===
python traineval.py --evaluate --ek_version=egtea --num_classes=106 --seq_len_obs=10 --seq_len_unobs=3 --resume=./diffip_weights/checkpoint_30.pth.tar
=== BASELINE DONE ===
==========================================
=== ALL EXPERIMENTS COMPLETE           ===
==========================================
